Using pre-set license
Built from '2022.3/staging' branch; Version is '2022.3.3f1 (7cdc2969a641) revision 8182825'; Using compiler version '192829333'; Build Type 'Release'
OS: 'Windows 11  (10.0.22631) 64bit Professional' Language: 'en' Physical Memory: 65156 MB
BatchMode: 1, IsHumanControllingUs: 0, StartBugReporterOnCrash: 0, Is64bit: 1, IsPro: 1

COMMAND LINE ARGUMENTS:
C:\Program Files\Unity\Hub\Editor\2022.3.3f1\Editor\Unity.exe
-adb2
-batchMode
-noUpm
-name
AssetImportWorker26
-projectPath
G:/Unity Projects/InsightXR
-logFile
Logs/AssetImportWorker26.log
-srvPort
53780
Successfully changed project path to: G:/Unity Projects/InsightXR
G:/Unity Projects/InsightXR
[UnityMemory] Configuration Parameters - Can be set up in boot.config
    "memorysetup-bucket-allocator-granularity=16"
    "memorysetup-bucket-allocator-bucket-count=8"
    "memorysetup-bucket-allocator-block-size=33554432"
    "memorysetup-bucket-allocator-block-count=8"
    "memorysetup-main-allocator-block-size=16777216"
    "memorysetup-thread-allocator-block-size=16777216"
    "memorysetup-gfx-main-allocator-block-size=16777216"
    "memorysetup-gfx-thread-allocator-block-size=16777216"
    "memorysetup-cache-allocator-block-size=4194304"
    "memorysetup-typetree-allocator-block-size=2097152"
    "memorysetup-profiler-bucket-allocator-granularity=16"
    "memorysetup-profiler-bucket-allocator-bucket-count=8"
    "memorysetup-profiler-bucket-allocator-block-size=33554432"
    "memorysetup-profiler-bucket-allocator-block-count=8"
    "memorysetup-profiler-allocator-block-size=16777216"
    "memorysetup-profiler-editor-allocator-block-size=1048576"
    "memorysetup-temp-allocator-size-main=16777216"
    "memorysetup-job-temp-allocator-block-size=2097152"
    "memorysetup-job-temp-allocator-block-size-background=1048576"
    "memorysetup-job-temp-allocator-reduction-small-platforms=262144"
    "memorysetup-allocator-temp-initial-block-size-main=262144"
    "memorysetup-allocator-temp-initial-block-size-worker=262144"
    "memorysetup-temp-allocator-size-background-worker=32768"
    "memorysetup-temp-allocator-size-job-worker=262144"
    "memorysetup-temp-allocator-size-preload-manager=33554432"
    "memorysetup-temp-allocator-size-nav-mesh-worker=65536"
    "memorysetup-temp-allocator-size-audio-worker=65536"
    "memorysetup-temp-allocator-size-cloud-worker=32768"
    "memorysetup-temp-allocator-size-gi-baking-worker=262144"
    "memorysetup-temp-allocator-size-gfx=262144"
Player connection [30328] Host "[IP] 10.164.100.114 [Port] 0 [Flags] 2 [Guid] 463977528 [EditorId] 463977528 [Version] 1048832 [Id] WindowsEditor(7,PratyushPC) [Debug] 1 [PackageName] WindowsEditor [ProjectName] Editor" joined multi-casting on [225.0.0.222:54997]...

Player connection [30328] Host "[IP] 10.164.100.114 [Port] 0 [Flags] 2 [Guid] 463977528 [EditorId] 463977528 [Version] 1048832 [Id] WindowsEditor(7,PratyushPC) [Debug] 1 [PackageName] WindowsEditor [ProjectName] Editor" joined alternative multi-casting on [225.0.0.222:34997]...

Refreshing native plugins compatible for Editor in 16.20 ms, found 9 plugins.
Preloading 0 native plugins for Editor in 0.00 ms.
Initialize engine version: 2022.3.3f1 (7cdc2969a641)
[Subsystems] Discovering subsystems at path C:/Program Files/Unity/Hub/Editor/2022.3.3f1/Editor/Data/Resources/UnitySubsystems
[Subsystems] Discovering subsystems at path G:/Unity Projects/InsightXR/Assets
GfxDevice: creating device client; threaded=0; jobified=0
Direct3D:
    Version:  Direct3D 11.0 [level 11.1]
    Renderer: NVIDIA GeForce RTX 3060 Laptop GPU (ID=0x2520)
    Vendor:   NVIDIA
    VRAM:     5996 MB
    Driver:   31.0.15.5186
Initialize mono
Mono path[0] = 'C:/Program Files/Unity/Hub/Editor/2022.3.3f1/Editor/Data/Managed'
Mono path[1] = 'C:/Program Files/Unity/Hub/Editor/2022.3.3f1/Editor/Data/MonoBleedingEdge/lib/mono/unityjit-win32'
Mono config path = 'C:/Program Files/Unity/Hub/Editor/2022.3.3f1/Editor/Data/MonoBleedingEdge/etc'
Using monoOptions --debugger-agent=transport=dt_socket,embedding=1,server=y,suspend=n,address=127.0.0.1:56580
Begin MonoManager ReloadAssembly
Registering precompiled unity dll's ...
Register platform support module: C:/Program Files/Unity/Hub/Editor/2022.3.3f1/Editor/Data/PlaybackEngines/WebGLSupport/UnityEditor.WebGL.Extensions.dll
Register platform support module: C:/Program Files/Unity/Hub/Editor/2022.3.3f1/Editor/Data/PlaybackEngines/MacStandaloneSupport/UnityEditor.OSXStandalone.Extensions.dll
Register platform support module: C:/Program Files/Unity/Hub/Editor/2022.3.3f1/Editor/Data/PlaybackEngines/AndroidPlayer/UnityEditor.Android.Extensions.dll
Register platform support module: C:/Program Files/Unity/Hub/Editor/2022.3.3f1/Editor/Data/PlaybackEngines/iOSSupport/UnityEditor.iOS.Extensions.dll
Register platform support module: C:/Program Files/Unity/Hub/Editor/2022.3.3f1/Editor/Data/PlaybackEngines/WindowsStandaloneSupport/UnityEditor.WindowsStandalone.Extensions.dll
Registered in 0.011193 seconds.
- Loaded All Assemblies, in  0.250 seconds
Native extension for WindowsStandalone target not found
Native extension for iOS target not found
Native extension for Android target not found
Android Extension - Scanning For ADB Devices 231 ms
Native extension for OSXStandalone target not found
Native extension for WebGL target not found
Mono: successfully reloaded assembly
- Finished resetting the current domain, in  0.452 seconds
Domain Reload Profiling: 700ms
	BeginReloadAssembly (62ms)
		ExecutionOrderSort (0ms)
		DisableScriptedObjects (0ms)
		BackupInstance (0ms)
		ReleaseScriptingObjects (0ms)
		CreateAndSetChildDomain (1ms)
	RebuildCommonClasses (25ms)
	RebuildNativeTypeToScriptingClass (7ms)
	initialDomainReloadingComplete (47ms)
	LoadAllAssembliesAndSetupDomain (107ms)
		LoadAssemblies (62ms)
		RebuildTransferFunctionScriptingTraits (0ms)
		AnalyzeDomain (100ms)
			TypeCache.Refresh (99ms)
				TypeCache.ScanAssembly (91ms)
			ScanForSourceGeneratedMonoScriptInfo (0ms)
			ResolveRequiredComponents (0ms)
	FinalizeReload (452ms)
		ReleaseScriptCaches (0ms)
		RebuildScriptCaches (0ms)
		SetupLoadedEditorAssemblies (415ms)
			LogAssemblyErrors (0ms)
			InitializePlatformSupportModulesInManaged (321ms)
			SetLoadedEditorAssemblies (2ms)
			RefreshPlugins (0ms)
			BeforeProcessingInitializeOnLoad (1ms)
			ProcessInitializeOnLoadAttributes (59ms)
			ProcessInitializeOnLoadMethodAttributes (31ms)
			AfterProcessingInitializeOnLoad (0ms)
			EditorAssembliesLoaded (0ms)
		ExecutionOrderSort2 (0ms)
		AwakeInstancesAfterBackupRestoration (0ms)
========================================================================
Worker process is ready to serve import requests
Begin MonoManager ReloadAssembly
- Loaded All Assemblies, in  0.584 seconds
Refreshing native plugins compatible for Editor in 6.71 ms, found 9 plugins.
Native extension for WindowsStandalone target not found
Native extension for iOS target not found
Native extension for Android target not found
Native extension for OSXStandalone target not found
Native extension for WebGL target not found
Package Manager log level set to [2]
[Package Manager] Server::EnsureServerProcessIsRunning -- launch failed, reason: Unity was launched with the -noUpm command-line argument
[Package Manager] UpmClient::Send -- Unable to send message (not connected to UPM process).
[Package Manager] Cannot connect to Unity Package Manager local server
[Package Manager] Server::EnsureServerProcessIsRunning -- launch failed, reason: Unity was launched with the -noUpm command-line argument
[Package Manager] UpmClient::Send -- Unable to send message (not connected to UPM process).
[Package Manager] Cannot connect to Unity Package Manager local server
Mono: successfully reloaded assembly
[Package Manager] Server::EnsureServerProcessIsRunning -- launch failed, reason: Unity was launched with the -noUpm command-line argument
[Package Manager] UpmClient::Send -- Unable to send message (not connected to UPM process).
[Package Manager] Cannot connect to Unity Package Manager local server
[Package Manager] Server::EnsureServerProcessIsRunning -- launch failed, reason: Unity was launched with the -noUpm command-line argument
[Package Manager] UpmClient::Send -- Unable to send message (not connected to UPM process).
[Package Manager] Cannot connect to Unity Package Manager local server
- Finished resetting the current domain, in  0.543 seconds
Domain Reload Profiling: 1126ms
	BeginReloadAssembly (83ms)
		ExecutionOrderSort (0ms)
		DisableScriptedObjects (4ms)
		BackupInstance (0ms)
		ReleaseScriptingObjects (0ms)
		CreateAndSetChildDomain (14ms)
	RebuildCommonClasses (22ms)
	RebuildNativeTypeToScriptingClass (7ms)
	initialDomainReloadingComplete (30ms)
	LoadAllAssembliesAndSetupDomain (440ms)
		LoadAssemblies (223ms)
		RebuildTransferFunctionScriptingTraits (0ms)
		AnalyzeDomain (255ms)
			TypeCache.Refresh (228ms)
				TypeCache.ScanAssembly (216ms)
			ScanForSourceGeneratedMonoScriptInfo (19ms)
			ResolveRequiredComponents (8ms)
	FinalizeReload (543ms)
		ReleaseScriptCaches (0ms)
		RebuildScriptCaches (0ms)
		SetupLoadedEditorAssemblies (412ms)
			LogAssemblyErrors (0ms)
			InitializePlatformSupportModulesInManaged (27ms)
			SetLoadedEditorAssemblies (2ms)
			RefreshPlugins (0ms)
			BeforeProcessingInitializeOnLoad (58ms)
			ProcessInitializeOnLoadAttributes (252ms)
			ProcessInitializeOnLoadMethodAttributes (66ms)
			AfterProcessingInitializeOnLoad (6ms)
			EditorAssembliesLoaded (0ms)
		ExecutionOrderSort2 (0ms)
		AwakeInstancesAfterBackupRestoration (6ms)
Launched and connected shader compiler UnityShaderCompiler.exe after 0.04 seconds
Refreshing native plugins compatible for Editor in 7.90 ms, found 9 plugins.
Preloading 0 native plugins for Editor in 0.00 ms.
Unloading 6369 Unused Serialized files (Serialized files now loaded: 0)
Unloading 121 unused Assets / (0.7 MB). Loaded Objects now: 6828.
Memory consumption went from 257.0 MB to 256.3 MB.
Total: 3.769200 ms (FindLiveObjects: 0.327100 ms CreateObjectMapping: 0.194300 ms MarkObjects: 2.812200 ms  DeleteObjects: 0.434700 ms)

AssetImportParameters requested are different than current active one (requested -> active):
  custom:container-demuxer-ogg: 62fdf1f143b41e24485cea50d1cbac27 -> 
  custom:video-codec-MediaFoundation-h265: 746d11721c4dcdbdad8f713fa42b33f4 -> 
  custom:video-decoder-ogg-theora: a1e56fd34408186e4bbccfd4996cb3dc -> 
  custom:framework-win-MediaFoundation: 216162199b28c13a410421893ffa2e32 -> 
  custom:container-demuxer-webm: 4f35f7cbe854078d1ac9338744f61a02 -> 
  custom:container-muxer-webm: aa71ff27fc2769a1b78a27578f13a17b -> 
  custom:video-decoder-webm-vp8: 9c59270c3fd7afecdb556c50c9e8de78 -> 
  custom:SearchIndexIgnoredProperties: e643bd26f0fe6173181afceb89e7c659 -> 
  custom:AudioImporter_EditorPlatform: d09bf68614088b80899f8185d706f6e7 -> 
  custom:video-encoder-webm-vp8: eb34c28f22e8b96e1ab97ce403110664 -> 
  custom:audio-decoder-ogg-vorbis: bf7c407c2cedff20999df2af8eb42d56 -> 
  custom:audio-encoder-webm-vorbis: bf7c407c2cedff20999df2af8eb42d56 -> 
========================================================================
Received Import Request.
  Time since last request: 195147.704001 seconds.
  path: Assets/JapaneseSchool/Prefabs/Reflection Probes/Hall 3 Reflection Probe.prefab
  artifactKey: Guid(707f11e6015cb2a449c80daa08650ff7) Importer(815301076,1909f56bfc062723c751e8b465ee728b)
Start importing Assets/JapaneseSchool/Prefabs/Reflection Probes/Hall 3 Reflection Probe.prefab using Guid(707f11e6015cb2a449c80daa08650ff7) Importer(815301076,1909f56bfc062723c751e8b465ee728b)  -> (artifact id: '72ac5a39bb795e220dcb4c83ffc58726') in 0.015235 seconds
Number of updated asset objects reloaded before import = 0
Number of asset objects unloaded after import = 6
========================================================================
Received Import Request.
  Time since last request: 10.918411 seconds.
  path: Assets/JapaneseSchool/Scenes/Demo/Lightmap-0_comp_light.exr
  artifactKey: Guid(e1ea894e875a2604999e0bc0a6c6a76d) Importer(815301076,1909f56bfc062723c751e8b465ee728b)
Start importing Assets/JapaneseSchool/Scenes/Demo/Lightmap-0_comp_light.exr using Guid(e1ea894e875a2604999e0bc0a6c6a76d) Importer(815301076,1909f56bfc062723c751e8b465ee728b)  -> (artifact id: 'caa0ebd0bf682a49de7df286fd3d0d3f') in 0.004036 seconds
Number of updated asset objects reloaded before import = 0
Number of asset objects unloaded after import = 1
========================================================================
Received Import Request.
  Time since last request: 0.000068 seconds.
  path: Assets/JapaneseSchool/Scenes/Demo/Lightmap-10_comp_dir.png
  artifactKey: Guid(205557c7a3a1f2e46bdf7ec723f5f083) Importer(815301076,1909f56bfc062723c751e8b465ee728b)
Start importing Assets/JapaneseSchool/Scenes/Demo/Lightmap-10_comp_dir.png using Guid(205557c7a3a1f2e46bdf7ec723f5f083) Importer(815301076,1909f56bfc062723c751e8b465ee728b)  -> (artifact id: '972cfd8787e22705bec7048a11dcb0b5') in 0.001554 seconds
Number of updated asset objects reloaded before import = 0
Number of asset objects unloaded after import = 1
========================================================================
Received Import Request.
  Time since last request: 0.000031 seconds.
  path: Assets/JapaneseSchool/Scenes/Demo/Lightmap-13_comp_light.exr
  artifactKey: Guid(63a9b2eaab294234da704a6a0dd57644) Importer(815301076,1909f56bfc062723c751e8b465ee728b)
Start importing Assets/JapaneseSchool/Scenes/Demo/Lightmap-13_comp_light.exr using Guid(63a9b2eaab294234da704a6a0dd57644) Importer(815301076,1909f56bfc062723c751e8b465ee728b)  -> (artifact id: '320986b0869f6c4985c0281140921c46') in 0.001402 seconds
Number of updated asset objects reloaded before import = 0
Number of asset objects unloaded after import = 1
========================================================================
Received Import Request.
  Time since last request: 0.000011 seconds.
  path: Assets/JapaneseSchool/Scenes/Demo/Lightmap-9_comp_dir.png
  artifactKey: Guid(190156fe28a6b7647ae890af9f53dc7c) Importer(815301076,1909f56bfc062723c751e8b465ee728b)
Start importing Assets/JapaneseSchool/Scenes/Demo/Lightmap-9_comp_dir.png using Guid(190156fe28a6b7647ae890af9f53dc7c) Importer(815301076,1909f56bfc062723c751e8b465ee728b)  -> (artifact id: '9d8b7c43bd2121eb9c767e27087f2f34') in 0.001410 seconds
Number of updated asset objects reloaded before import = 0
Number of asset objects unloaded after import = 1
========================================================================
Received Import Request.
  Time since last request: 0.000170 seconds.
  path: Assets/JapaneseSchool/Scenes/Demo/Lightmap-5_comp_light.exr
  artifactKey: Guid(f6385d2ed6adbb640be90cb9e3c35271) Importer(815301076,1909f56bfc062723c751e8b465ee728b)
Start importing Assets/JapaneseSchool/Scenes/Demo/Lightmap-5_comp_light.exr using Guid(f6385d2ed6adbb640be90cb9e3c35271) Importer(815301076,1909f56bfc062723c751e8b465ee728b)  -> (artifact id: 'a95c4e7a2267991bd693c7d3dc326e2e') in 0.001423 seconds
Number of updated asset objects reloaded before import = 0
Number of asset objects unloaded after import = 1
========================================================================
Received Import Request.
  Time since last request: 0.000141 seconds.
  path: Assets/JapaneseSchool/Scenes/Demo/Lightmap-11_comp_dir.png
  artifactKey: Guid(dcc7578f846934947b0946cc6fdd4bea) Importer(815301076,1909f56bfc062723c751e8b465ee728b)
Start importing Assets/JapaneseSchool/Scenes/Demo/Lightmap-11_comp_dir.png using Guid(dcc7578f846934947b0946cc6fdd4bea) Importer(815301076,1909f56bfc062723c751e8b465ee728b)  -> (artifact id: 'f8884f99a1675a0fc70f0b475787473f') in 0.001258 seconds
Number of updated asset objects reloaded before import = 0
Number of asset objects unloaded after import = 1
========================================================================
Received Import Request.
  Time since last request: 0.000337 seconds.
  path: Assets/JapaneseSchool/Scenes/Demo/Lightmap-7_comp_light.exr
  artifactKey: Guid(bd66f6ba9bac5564bba911106cfdac3d) Importer(815301076,1909f56bfc062723c751e8b465ee728b)
Start importing Assets/JapaneseSchool/Scenes/Demo/Lightmap-7_comp_light.exr using Guid(bd66f6ba9bac5564bba911106cfdac3d) Importer(815301076,1909f56bfc062723c751e8b465ee728b)  -> (artifact id: 'b076404ea4da2ad3520959a589265dd7') in 0.001371 seconds
Number of updated asset objects reloaded before import = 0
Number of asset objects unloaded after import = 1
========================================================================
Received Import Request.
  Time since last request: 0.000165 seconds.
  path: Assets/JapaneseSchool/Scenes/Demo/Lightmap-4_comp_dir.png
  artifactKey: Guid(62aa0aba41223ee48a0e94b7d408dc35) Importer(815301076,1909f56bfc062723c751e8b465ee728b)
Start importing Assets/JapaneseSchool/Scenes/Demo/Lightmap-4_comp_dir.png using Guid(62aa0aba41223ee48a0e94b7d408dc35) Importer(815301076,1909f56bfc062723c751e8b465ee728b)  -> (artifact id: '2bf6be4dbf124dcb831a0120869e9839') in 0.001394 seconds
Number of updated asset objects reloaded before import = 0
Number of asset objects unloaded after import = 1
========================================================================
Received Import Request.
  Time since last request: 0.074613 seconds.
  path: Assets/JapaneseSchool/Scenes/Demo/Lightmap-21_comp_dir.png
  artifactKey: Guid(781cde2e089e5834284a087590c109b5) Importer(815301076,1909f56bfc062723c751e8b465ee728b)
Start importing Assets/JapaneseSchool/Scenes/Demo/Lightmap-21_comp_dir.png using Guid(781cde2e089e5834284a087590c109b5) Importer(815301076,1909f56bfc062723c751e8b465ee728b)  -> (artifact id: '6e737a55392a948c090993a7a84fba00') in 0.001507 seconds
Number of updated asset objects reloaded before import = 0
Number of asset objects unloaded after import = 1
========================================================================
Received Import Request.
  Time since last request: 0.000213 seconds.
  path: Assets/JapaneseSchool/Scenes/Demo/Lightmap-27_comp_light.exr
  artifactKey: Guid(44da010fd81b3514baad61d8a38e6827) Importer(815301076,1909f56bfc062723c751e8b465ee728b)
Start importing Assets/JapaneseSchool/Scenes/Demo/Lightmap-27_comp_light.exr using Guid(44da010fd81b3514baad61d8a38e6827) Importer(815301076,1909f56bfc062723c751e8b465ee728b)  -> (artifact id: '0fef954d76bc4d013dbcb3db17fed6f2') in 0.001556 seconds
Number of updated asset objects reloaded before import = 0
Number of asset objects unloaded after import = 1
========================================================================
Received Import Request.
  Time since last request: 0.000022 seconds.
  path: Assets/JapaneseSchool/Scenes/Demo/Lightmap-23_comp_light.exr
  artifactKey: Guid(747df308d074af4478d596b4dbe1fbc6) Importer(815301076,1909f56bfc062723c751e8b465ee728b)
Start importing Assets/JapaneseSchool/Scenes/Demo/Lightmap-23_comp_light.exr using Guid(747df308d074af4478d596b4dbe1fbc6) Importer(815301076,1909f56bfc062723c751e8b465ee728b)  -> (artifact id: '337673248f5f6c705b587b569d82d511') in 0.002045 seconds
Number of updated asset objects reloaded before import = 0
Number of asset objects unloaded after import = 1
========================================================================
Received Import Request.
  Time since last request: 0.000201 seconds.
  path: Assets/JapaneseSchool/Scenes/Demo/ReflectionProbe-0.exr
  artifactKey: Guid(65758fc730759f044a2479909c5c4907) Importer(815301076,1909f56bfc062723c751e8b465ee728b)
Start importing Assets/JapaneseSchool/Scenes/Demo/ReflectionProbe-0.exr using Guid(65758fc730759f044a2479909c5c4907) Importer(815301076,1909f56bfc062723c751e8b465ee728b)  -> (artifact id: '15f458b267601e3480ddaf3f7dd555b7') in 0.001134 seconds
Number of updated asset objects reloaded before import = 0
Number of asset objects unloaded after import = 1
========================================================================
Received Import Request.
  Time since last request: 3.255827 seconds.
  path: Assets/JapaneseSchool/Scenes/Demo/ReflectionProbe-8.exr
  artifactKey: Guid(1bc2589fb18601e42befebc9d8bbf580) Importer(815301076,1909f56bfc062723c751e8b465ee728b)
Start importing Assets/JapaneseSchool/Scenes/Demo/ReflectionProbe-8.exr using Guid(1bc2589fb18601e42befebc9d8bbf580) Importer(815301076,1909f56bfc062723c751e8b465ee728b)  -> (artifact id: '048da7214891c21c0ac2ee1abc2ebe47') in 0.001567 seconds
Number of updated asset objects reloaded before import = 0
Number of asset objects unloaded after import = 1
========================================================================
Received Import Request.
  Time since last request: 0.000040 seconds.
  path: Assets/JapaneseSchool/Scenes/Demo/ReflectionProbe-13.exr
  artifactKey: Guid(49caf8bd47df007449a1242977fdcbd4) Importer(815301076,1909f56bfc062723c751e8b465ee728b)
Start importing Assets/JapaneseSchool/Scenes/Demo/ReflectionProbe-13.exr using Guid(49caf8bd47df007449a1242977fdcbd4) Importer(815301076,1909f56bfc062723c751e8b465ee728b)  -> (artifact id: '6269876a7b568416175612b763a13e2f') in 0.001527 seconds
Number of updated asset objects reloaded before import = 0
Number of asset objects unloaded after import = 1
========================================================================
Received Import Request.
  Time since last request: 0.000013 seconds.
  path: Assets/JapaneseSchool/Scenes/Demo/ReflectionProbe-12.exr
  artifactKey: Guid(2685e2d107e4733489b149ce910555cd) Importer(815301076,1909f56bfc062723c751e8b465ee728b)
Start importing Assets/JapaneseSchool/Scenes/Demo/ReflectionProbe-12.exr using Guid(2685e2d107e4733489b149ce910555cd) Importer(815301076,1909f56bfc062723c751e8b465ee728b)  -> (artifact id: 'e2a9c40f7c7c448932fe43bfbe588a55') in 0.001249 seconds
Number of updated asset objects reloaded before import = 0
Number of asset objects unloaded after import = 1
========================================================================
Received Import Request.
  Time since last request: 0.026654 seconds.
  path: Assets/JapaneseSchool/Scenes/Demo/ReflectionProbe-22.exr
  artifactKey: Guid(1cc1cc2e02e62b54783ab6a2e568e483) Importer(815301076,1909f56bfc062723c751e8b465ee728b)
Start importing Assets/JapaneseSchool/Scenes/Demo/ReflectionProbe-22.exr using Guid(1cc1cc2e02e62b54783ab6a2e568e483) Importer(815301076,1909f56bfc062723c751e8b465ee728b)  -> (artifact id: 'c47c0ca34809dde4c453866e7fa8f10e') in 0.000945 seconds
Number of updated asset objects reloaded before import = 0
Number of asset objects unloaded after import = 1
========================================================================
Received Import Request.
  Time since last request: 0.000077 seconds.
  path: Assets/JapaneseSchool/Scenes/Demo/ReflectionProbe-25.exr
  artifactKey: Guid(a7b30f8d5532a01458b565f848b61ebd) Importer(815301076,1909f56bfc062723c751e8b465ee728b)
Start importing Assets/JapaneseSchool/Scenes/Demo/ReflectionProbe-25.exr using Guid(a7b30f8d5532a01458b565f848b61ebd) Importer(815301076,1909f56bfc062723c751e8b465ee728b)  -> (artifact id: '27257e5568d69310d1b22c4cda90d7ac') in 0.000886 seconds
Number of updated asset objects reloaded before import = 0
Number of asset objects unloaded after import = 1
========================================================================
Received Import Request.
  Time since last request: 0.000159 seconds.
  path: Assets/JapaneseSchool/Scenes/Demo/ReflectionProbe-34.exr
  artifactKey: Guid(3c68d06a48819e94483a5b8b87ccf29d) Importer(815301076,1909f56bfc062723c751e8b465ee728b)
Start importing Assets/JapaneseSchool/Scenes/Demo/ReflectionProbe-34.exr using Guid(3c68d06a48819e94483a5b8b87ccf29d) Importer(815301076,1909f56bfc062723c751e8b465ee728b)  -> (artifact id: '05c42584b1fe218d30cafbe5fc6dbb70') in 0.001134 seconds
Number of updated asset objects reloaded before import = 0
Number of asset objects unloaded after import = 1
========================================================================
Received Import Request.
  Time since last request: 0.000247 seconds.
  path: Assets/JapaneseSchool/Scenes/Demo/ReflectionProbe-29.exr
  artifactKey: Guid(b8e28092a51e38d4cbf32888b4810084) Importer(815301076,1909f56bfc062723c751e8b465ee728b)
Start importing Assets/JapaneseSchool/Scenes/Demo/ReflectionProbe-29.exr using Guid(b8e28092a51e38d4cbf32888b4810084) Importer(815301076,1909f56bfc062723c751e8b465ee728b)  -> (artifact id: 'f990648a882eb0807ff3343d5ef094e6') in 0.000924 seconds
Number of updated asset objects reloaded before import = 0
Number of asset objects unloaded after import = 1
Editor requested this worker to shutdown with reason: Scaling down because of idle timeout
TcpMessagingSession - receive error: operation aborted. errorcode: 995, details: The I/O operation has been aborted because of either a thread exit or an application request.
AssetImportWorker is now disconnected from the server
Process exiting
Exiting without the bug reporter. Application will terminate with return code 0