Using pre-set license
Built from '2022.3/staging' branch; Version is '2022.3.3f1 (7cdc2969a641) revision 8182825'; Using compiler version '192829333'; Build Type 'Release'
OS: 'Windows 11  (10.0.22631) 64bit Professional' Language: 'en' Physical Memory: 65156 MB
BatchMode: 1, IsHumanControllingUs: 0, StartBugReporterOnCrash: 0, Is64bit: 1, IsPro: 1

COMMAND LINE ARGUMENTS:
C:\Program Files\Unity\Hub\Editor\2022.3.3f1\Editor\Unity.exe
-adb2
-batchMode
-noUpm
-name
AssetImportWorker23
-projectPath
G:/Unity Projects/InsightXR
-logFile
Logs/AssetImportWorker23.log
-srvPort
53780
Successfully changed project path to: G:/Unity Projects/InsightXR
G:/Unity Projects/InsightXR
[UnityMemory] Configuration Parameters - Can be set up in boot.config
    "memorysetup-bucket-allocator-granularity=16"
    "memorysetup-bucket-allocator-bucket-count=8"
    "memorysetup-bucket-allocator-block-size=33554432"
    "memorysetup-bucket-allocator-block-count=8"
    "memorysetup-main-allocator-block-size=16777216"
    "memorysetup-thread-allocator-block-size=16777216"
    "memorysetup-gfx-main-allocator-block-size=16777216"
    "memorysetup-gfx-thread-allocator-block-size=16777216"
    "memorysetup-cache-allocator-block-size=4194304"
    "memorysetup-typetree-allocator-block-size=2097152"
    "memorysetup-profiler-bucket-allocator-granularity=16"
    "memorysetup-profiler-bucket-allocator-bucket-count=8"
    "memorysetup-profiler-bucket-allocator-block-size=33554432"
    "memorysetup-profiler-bucket-allocator-block-count=8"
    "memorysetup-profiler-allocator-block-size=16777216"
    "memorysetup-profiler-editor-allocator-block-size=1048576"
    "memorysetup-temp-allocator-size-main=16777216"
    "memorysetup-job-temp-allocator-block-size=2097152"
    "memorysetup-job-temp-allocator-block-size-background=1048576"
    "memorysetup-job-temp-allocator-reduction-small-platforms=262144"
    "memorysetup-allocator-temp-initial-block-size-main=262144"
    "memorysetup-allocator-temp-initial-block-size-worker=262144"
    "memorysetup-temp-allocator-size-background-worker=32768"
    "memorysetup-temp-allocator-size-job-worker=262144"
    "memorysetup-temp-allocator-size-preload-manager=33554432"
    "memorysetup-temp-allocator-size-nav-mesh-worker=65536"
    "memorysetup-temp-allocator-size-audio-worker=65536"
    "memorysetup-temp-allocator-size-cloud-worker=32768"
    "memorysetup-temp-allocator-size-gi-baking-worker=262144"
    "memorysetup-temp-allocator-size-gfx=262144"
Player connection [38456] Host "[IP] 10.164.100.114 [Port] 0 [Flags] 2 [Guid] 3374166324 [EditorId] 3374166324 [Version] 1048832 [Id] WindowsEditor(7,PratyushPC) [Debug] 1 [PackageName] WindowsEditor [ProjectName] Editor" joined multi-casting on [225.0.0.222:54997]...

Player connection [38456] Host "[IP] 10.164.100.114 [Port] 0 [Flags] 2 [Guid] 3374166324 [EditorId] 3374166324 [Version] 1048832 [Id] WindowsEditor(7,PratyushPC) [Debug] 1 [PackageName] WindowsEditor [ProjectName] Editor" joined alternative multi-casting on [225.0.0.222:34997]...

Refreshing native plugins compatible for Editor in 21.32 ms, found 9 plugins.
Preloading 0 native plugins for Editor in 0.00 ms.
Initialize engine version: 2022.3.3f1 (7cdc2969a641)
[Subsystems] Discovering subsystems at path C:/Program Files/Unity/Hub/Editor/2022.3.3f1/Editor/Data/Resources/UnitySubsystems
[Subsystems] Discovering subsystems at path G:/Unity Projects/InsightXR/Assets
GfxDevice: creating device client; threaded=0; jobified=0
Direct3D:
    Version:  Direct3D 11.0 [level 11.1]
    Renderer: NVIDIA GeForce RTX 3060 Laptop GPU (ID=0x2520)
    Vendor:   NVIDIA
    VRAM:     5996 MB
    Driver:   31.0.15.5186
Initialize mono
Mono path[0] = 'C:/Program Files/Unity/Hub/Editor/2022.3.3f1/Editor/Data/Managed'
Mono path[1] = 'C:/Program Files/Unity/Hub/Editor/2022.3.3f1/Editor/Data/MonoBleedingEdge/lib/mono/unityjit-win32'
Mono config path = 'C:/Program Files/Unity/Hub/Editor/2022.3.3f1/Editor/Data/MonoBleedingEdge/etc'
Using monoOptions --debugger-agent=transport=dt_socket,embedding=1,server=y,suspend=n,address=127.0.0.1:56388
Begin MonoManager ReloadAssembly
Registering precompiled unity dll's ...
Register platform support module: C:/Program Files/Unity/Hub/Editor/2022.3.3f1/Editor/Data/PlaybackEngines/WebGLSupport/UnityEditor.WebGL.Extensions.dll
Register platform support module: C:/Program Files/Unity/Hub/Editor/2022.3.3f1/Editor/Data/PlaybackEngines/MacStandaloneSupport/UnityEditor.OSXStandalone.Extensions.dll
Register platform support module: C:/Program Files/Unity/Hub/Editor/2022.3.3f1/Editor/Data/PlaybackEngines/AndroidPlayer/UnityEditor.Android.Extensions.dll
Register platform support module: C:/Program Files/Unity/Hub/Editor/2022.3.3f1/Editor/Data/PlaybackEngines/iOSSupport/UnityEditor.iOS.Extensions.dll
Register platform support module: C:/Program Files/Unity/Hub/Editor/2022.3.3f1/Editor/Data/PlaybackEngines/WindowsStandaloneSupport/UnityEditor.WindowsStandalone.Extensions.dll
Registered in 0.011178 seconds.
- Loaded All Assemblies, in  0.288 seconds
Native extension for WindowsStandalone target not found
Native extension for iOS target not found
Native extension for Android target not found
Android Extension - Scanning For ADB Devices 263 ms
Native extension for OSXStandalone target not found
Native extension for WebGL target not found
Mono: successfully reloaded assembly
- Finished resetting the current domain, in  0.528 seconds
Domain Reload Profiling: 814ms
	BeginReloadAssembly (65ms)
		ExecutionOrderSort (0ms)
		DisableScriptedObjects (0ms)
		BackupInstance (0ms)
		ReleaseScriptingObjects (0ms)
		CreateAndSetChildDomain (1ms)
	RebuildCommonClasses (31ms)
	RebuildNativeTypeToScriptingClass (9ms)
	initialDomainReloadingComplete (55ms)
	LoadAllAssembliesAndSetupDomain (127ms)
		LoadAssemblies (64ms)
		RebuildTransferFunctionScriptingTraits (0ms)
		AnalyzeDomain (121ms)
			TypeCache.Refresh (120ms)
				TypeCache.ScanAssembly (110ms)
			ScanForSourceGeneratedMonoScriptInfo (0ms)
			ResolveRequiredComponents (0ms)
	FinalizeReload (528ms)
		ReleaseScriptCaches (0ms)
		RebuildScriptCaches (0ms)
		SetupLoadedEditorAssemblies (484ms)
			LogAssemblyErrors (0ms)
			InitializePlatformSupportModulesInManaged (371ms)
			SetLoadedEditorAssemblies (3ms)
			RefreshPlugins (0ms)
			BeforeProcessingInitializeOnLoad (2ms)
			ProcessInitializeOnLoadAttributes (69ms)
			ProcessInitializeOnLoadMethodAttributes (39ms)
			AfterProcessingInitializeOnLoad (0ms)
			EditorAssembliesLoaded (0ms)
		ExecutionOrderSort2 (0ms)
		AwakeInstancesAfterBackupRestoration (0ms)
========================================================================
Worker process is ready to serve import requests
Begin MonoManager ReloadAssembly
- Loaded All Assemblies, in  0.679 seconds
Refreshing native plugins compatible for Editor in 7.23 ms, found 9 plugins.
Native extension for WindowsStandalone target not found
Native extension for iOS target not found
Native extension for Android target not found
Native extension for OSXStandalone target not found
Native extension for WebGL target not found
Package Manager log level set to [2]
[Package Manager] Server::EnsureServerProcessIsRunning -- launch failed, reason: Unity was launched with the -noUpm command-line argument
[Package Manager] UpmClient::Send -- Unable to send message (not connected to UPM process).
[Package Manager] Cannot connect to Unity Package Manager local server
[Package Manager] Server::EnsureServerProcessIsRunning -- launch failed, reason: Unity was launched with the -noUpm command-line argument
[Package Manager] UpmClient::Send -- Unable to send message (not connected to UPM process).
[Package Manager] Cannot connect to Unity Package Manager local server
Mono: successfully reloaded assembly
[Package Manager] Server::EnsureServerProcessIsRunning -- launch failed, reason: Unity was launched with the -noUpm command-line argument
[Package Manager] UpmClient::Send -- Unable to send message (not connected to UPM process).
[Package Manager] Cannot connect to Unity Package Manager local server
[Package Manager] Server::EnsureServerProcessIsRunning -- launch failed, reason: Unity was launched with the -noUpm command-line argument
[Package Manager] UpmClient::Send -- Unable to send message (not connected to UPM process).
[Package Manager] Cannot connect to Unity Package Manager local server
- Finished resetting the current domain, in  0.645 seconds
Domain Reload Profiling: 1322ms
	BeginReloadAssembly (99ms)
		ExecutionOrderSort (0ms)
		DisableScriptedObjects (4ms)
		BackupInstance (0ms)
		ReleaseScriptingObjects (0ms)
		CreateAndSetChildDomain (17ms)
	RebuildCommonClasses (34ms)
	RebuildNativeTypeToScriptingClass (12ms)
	initialDomainReloadingComplete (41ms)
	LoadAllAssembliesAndSetupDomain (491ms)
		LoadAssemblies (234ms)
		RebuildTransferFunctionScriptingTraits (0ms)
		AnalyzeDomain (304ms)
			TypeCache.Refresh (275ms)
				TypeCache.ScanAssembly (262ms)
			ScanForSourceGeneratedMonoScriptInfo (20ms)
			ResolveRequiredComponents (9ms)
	FinalizeReload (646ms)
		ReleaseScriptCaches (0ms)
		RebuildScriptCaches (0ms)
		SetupLoadedEditorAssemblies (508ms)
			LogAssemblyErrors (0ms)
			InitializePlatformSupportModulesInManaged (35ms)
			SetLoadedEditorAssemblies (4ms)
			RefreshPlugins (0ms)
			BeforeProcessingInitializeOnLoad (70ms)
			ProcessInitializeOnLoadAttributes (321ms)
			ProcessInitializeOnLoadMethodAttributes (72ms)
			AfterProcessingInitializeOnLoad (7ms)
			EditorAssembliesLoaded (0ms)
		ExecutionOrderSort2 (0ms)
		AwakeInstancesAfterBackupRestoration (6ms)
Launched and connected shader compiler UnityShaderCompiler.exe after 0.04 seconds
Refreshing native plugins compatible for Editor in 12.38 ms, found 9 plugins.
Preloading 0 native plugins for Editor in 0.00 ms.
Unloading 6354 Unused Serialized files (Serialized files now loaded: 0)
Unloading 123 unused Assets / (0.8 MB). Loaded Objects now: 6810.
Memory consumption went from 251.6 MB to 250.9 MB.
Total: 3.445800 ms (FindLiveObjects: 0.328800 ms CreateObjectMapping: 0.206400 ms MarkObjects: 2.605600 ms  DeleteObjects: 0.304000 ms)

AssetImportParameters requested are different than current active one (requested -> active):
  custom:container-demuxer-ogg: 62fdf1f143b41e24485cea50d1cbac27 -> 
  custom:video-codec-MediaFoundation-h265: 746d11721c4dcdbdad8f713fa42b33f4 -> 
  custom:video-decoder-ogg-theora: a1e56fd34408186e4bbccfd4996cb3dc -> 
  custom:framework-win-MediaFoundation: 216162199b28c13a410421893ffa2e32 -> 
  custom:container-demuxer-webm: 4f35f7cbe854078d1ac9338744f61a02 -> 
  custom:container-muxer-webm: aa71ff27fc2769a1b78a27578f13a17b -> 
  custom:video-decoder-webm-vp8: 9c59270c3fd7afecdb556c50c9e8de78 -> 
  custom:SearchIndexIgnoredProperties: e643bd26f0fe6173181afceb89e7c659 -> 
  custom:AudioImporter_EditorPlatform: d09bf68614088b80899f8185d706f6e7 -> 
  custom:video-encoder-webm-vp8: eb34c28f22e8b96e1ab97ce403110664 -> 
  custom:audio-decoder-ogg-vorbis: bf7c407c2cedff20999df2af8eb42d56 -> 
  custom:audio-encoder-webm-vorbis: bf7c407c2cedff20999df2af8eb42d56 -> 
========================================================================
Received Import Request.
  Time since last request: 194998.223120 seconds.
  path: Assets/TextMesh Pro/Resources/Fonts & Materials/LiberationSans SDF - Drop Shadow.mat
  artifactKey: Guid(e73a58f6e2794ae7b1b7e50b7fb811b0) Importer(2089858483,0ecaa5967403d082aa24f35e1b516d23)
Start importing Assets/TextMesh Pro/Resources/Fonts & Materials/LiberationSans SDF - Drop Shadow.mat using Guid(e73a58f6e2794ae7b1b7e50b7fb811b0) Importer(2089858483,0ecaa5967403d082aa24f35e1b516d23)  -> (artifact id: 'e5603b5ab26b56915b0d56adbe0799df') in 0.179181 seconds
Number of updated asset objects reloaded before import = 0
Number of asset objects unloaded after import = 3
========================================================================
Received Import Request.
  Time since last request: 0.000017 seconds.
  path: Assets/TextMesh Pro/Shaders/TMP_SDF-Mobile Masking.shader
  artifactKey: Guid(bc1ede39bf3643ee8e493720e4259791) Importer(2089858483,0ecaa5967403d082aa24f35e1b516d23)
Start importing Assets/TextMesh Pro/Shaders/TMP_SDF-Mobile Masking.shader using Guid(bc1ede39bf3643ee8e493720e4259791) Importer(2089858483,0ecaa5967403d082aa24f35e1b516d23)  -> (artifact id: '6a24dd5ebc121981a50329a480fd2edc') in 0.020794 seconds
Number of updated asset objects reloaded before import = 0
Number of asset objects unloaded after import = 1
========================================================================
Received Import Request.
  Time since last request: 0.000042 seconds.
  path: Assets/TextMesh Pro/Shaders/TMP_Bitmap.shader
  artifactKey: Guid(128e987d567d4e2c824d754223b3f3b0) Importer(2089858483,0ecaa5967403d082aa24f35e1b516d23)
Start importing Assets/TextMesh Pro/Shaders/TMP_Bitmap.shader using Guid(128e987d567d4e2c824d754223b3f3b0) Importer(2089858483,0ecaa5967403d082aa24f35e1b516d23)  -> (artifact id: 'f6e12804089ebe7b5adad6de7e3ad491') in 0.015460 seconds
Number of updated asset objects reloaded before import = 0
Number of asset objects unloaded after import = 1
========================================================================
Received Import Request.
  Time since last request: 0.000068 seconds.
  path: Assets/TextMesh Pro/Shaders/TMP_SDF SSD.shader
  artifactKey: Guid(14eb328de4b8eb245bb7cea29e4ac00b) Importer(2089858483,0ecaa5967403d082aa24f35e1b516d23)
Start importing Assets/TextMesh Pro/Shaders/TMP_SDF SSD.shader using Guid(14eb328de4b8eb245bb7cea29e4ac00b) Importer(2089858483,0ecaa5967403d082aa24f35e1b516d23) Shader 'TextMeshPro/Distance Field SSD': fallback shader 'TextMeshPro/Mobile/Distance Field' not found
 -> (artifact id: 'a95d853d6689618a0c1f65b0230c0688') in 0.013353 seconds
Number of updated asset objects reloaded before import = 0
Number of asset objects unloaded after import = 1
========================================================================
Received Import Request.
  Time since last request: 0.000015 seconds.
  path: Assets/TextMesh Pro/Shaders/TMP_SDF.shader
  artifactKey: Guid(68e6db2ebdc24f95958faec2be5558d6) Importer(2089858483,0ecaa5967403d082aa24f35e1b516d23)
Start importing Assets/TextMesh Pro/Shaders/TMP_SDF.shader using Guid(68e6db2ebdc24f95958faec2be5558d6) Importer(2089858483,0ecaa5967403d082aa24f35e1b516d23) Shader 'TextMeshPro/Distance Field': fallback shader 'TextMeshPro/Mobile/Distance Field' not found
 -> (artifact id: '1e0aa66d48461e5c7a27e5a6cb4b5c64') in 0.028997 seconds
Number of updated asset objects reloaded before import = 0
Number of asset objects unloaded after import = 1
========================================================================
Received Import Request.
  Time since last request: 0.000130 seconds.
  path: Assets/TextMesh Pro/Shaders/TMP_Sprite.shader
  artifactKey: Guid(cf81c85f95fe47e1a27f6ae460cf182c) Importer(2089858483,0ecaa5967403d082aa24f35e1b516d23)
Start importing Assets/TextMesh Pro/Shaders/TMP_Sprite.shader using Guid(cf81c85f95fe47e1a27f6ae460cf182c) Importer(2089858483,0ecaa5967403d082aa24f35e1b516d23)  -> (artifact id: 'b3b490e70d85a240b682f8dccdcbc034') in 0.016596 seconds
Number of updated asset objects reloaded before import = 0
Number of asset objects unloaded after import = 1
========================================================================
Received Import Request.
  Time since last request: 0.000085 seconds.
  path: Assets/TextMesh Pro/Resources/Fonts & Materials/LiberationSans SDF.asset
  artifactKey: Guid(8f586378b4e144a9851e7b34d9b748ee) Importer(2089858483,0ecaa5967403d082aa24f35e1b516d23)
Start importing Assets/TextMesh Pro/Resources/Fonts & Materials/LiberationSans SDF.asset using Guid(8f586378b4e144a9851e7b34d9b748ee) Importer(2089858483,0ecaa5967403d082aa24f35e1b516d23)  -> (artifact id: '650fd6c8784e77ee3cfea2cbcbf29995') in 0.061701 seconds
Number of updated asset objects reloaded before import = 0
Number of asset objects unloaded after import = 9
========================================================================
Received Import Request.
  Time since last request: 37.354889 seconds.
  path: Assets/JapaneseSchool/Meshes/Chair_A.fbx
  artifactKey: Guid(ed066fe65e3e72441bce69399f56d2a5) Importer(815301076,1909f56bfc062723c751e8b465ee728b)
Start importing Assets/JapaneseSchool/Meshes/Chair_A.fbx using Guid(ed066fe65e3e72441bce69399f56d2a5) Importer(815301076,1909f56bfc062723c751e8b465ee728b)  -> (artifact id: '11f4026f22936802a5844bf433ff249c') in 0.006780 seconds
Number of updated asset objects reloaded before import = 0
Number of asset objects unloaded after import = 14
========================================================================
Received Import Request.
  Time since last request: 0.000340 seconds.
  path: Assets/JapaneseSchool/Meshes/Window_C.fbx
  artifactKey: Guid(be1107504555c714cb7a663198c6bf6d) Importer(815301076,1909f56bfc062723c751e8b465ee728b)
Start importing Assets/JapaneseSchool/Meshes/Window_C.fbx using Guid(be1107504555c714cb7a663198c6bf6d) Importer(815301076,1909f56bfc062723c751e8b465ee728b)  -> (artifact id: '336c8b55a504937d10c41a50d65587c6') in 0.001378 seconds
Number of updated asset objects reloaded before import = 0
Number of asset objects unloaded after import = 11
========================================================================
Received Import Request.
  Time since last request: 0.000012 seconds.
  path: Assets/JapaneseSchool/Meshes/Wall_B.fbx
  artifactKey: Guid(3dae9706ef7993f48b7d5c7d6c24aacd) Importer(815301076,1909f56bfc062723c751e8b465ee728b)
Start importing Assets/JapaneseSchool/Meshes/Wall_B.fbx using Guid(3dae9706ef7993f48b7d5c7d6c24aacd) Importer(815301076,1909f56bfc062723c751e8b465ee728b)  -> (artifact id: '6f8a0d562cd7a42b99e089a039e606d2') in 0.001352 seconds
Number of updated asset objects reloaded before import = 0
Number of asset objects unloaded after import = 16
========================================================================
Received Import Request.
  Time since last request: 0.000011 seconds.
  path: Assets/JapaneseSchool/Meshes/Fence_B.fbx
  artifactKey: Guid(c8393d6658d9a784088b57cff4b2b8bd) Importer(815301076,1909f56bfc062723c751e8b465ee728b)
Start importing Assets/JapaneseSchool/Meshes/Fence_B.fbx using Guid(c8393d6658d9a784088b57cff4b2b8bd) Importer(815301076,1909f56bfc062723c751e8b465ee728b)  -> (artifact id: '1966a36b77003b5996c3d366d23dfdb2') in 0.001009 seconds
Number of updated asset objects reloaded before import = 0
Number of asset objects unloaded after import = 6
========================================================================
Received Import Request.
  Time since last request: 0.000025 seconds.
  path: Assets/JapaneseSchool/Meshes/Edge_A.fbx
  artifactKey: Guid(23bee04459a0e0f4c820966ffc804930) Importer(815301076,1909f56bfc062723c751e8b465ee728b)
Start importing Assets/JapaneseSchool/Meshes/Edge_A.fbx using Guid(23bee04459a0e0f4c820966ffc804930) Importer(815301076,1909f56bfc062723c751e8b465ee728b)  -> (artifact id: '32c19e9ff1160db0392643316598daa0') in 0.001024 seconds
Number of updated asset objects reloaded before import = 0
Number of asset objects unloaded after import = 6
========================================================================
Received Import Request.
  Time since last request: 0.000187 seconds.
  path: Assets/JapaneseSchool/Meshes/Fence_A.fbx
  artifactKey: Guid(2f38551a134305b478bdef9f06764bc0) Importer(815301076,1909f56bfc062723c751e8b465ee728b)
Start importing Assets/JapaneseSchool/Meshes/Fence_A.fbx using Guid(2f38551a134305b478bdef9f06764bc0) Importer(815301076,1909f56bfc062723c751e8b465ee728b)  -> (artifact id: 'e519f4461ac0677a45382c57737591c3') in 0.001276 seconds
Number of updated asset objects reloaded before import = 0
Number of asset objects unloaded after import = 6
========================================================================
Received Import Request.
  Time since last request: 0.000166 seconds.
  path: Assets/JapaneseSchool/Meshes/Window_Frame_B.fbx
  artifactKey: Guid(d9f6bc6d26df5b74fab30ca55f4c2782) Importer(815301076,1909f56bfc062723c751e8b465ee728b)
Start importing Assets/JapaneseSchool/Meshes/Window_Frame_B.fbx using Guid(d9f6bc6d26df5b74fab30ca55f4c2782) Importer(815301076,1909f56bfc062723c751e8b465ee728b)  -> (artifact id: 'a8e14cc6e2f3cc6a9ef4f6778510f320') in 0.001243 seconds
Number of updated asset objects reloaded before import = 0
Number of asset objects unloaded after import = 11
========================================================================
Received Import Request.
  Time since last request: 0.000206 seconds.
  path: Assets/JapaneseSchool/Meshes/Pillar_A.fbx
  artifactKey: Guid(327b3b1ffc5935f439eee95a21fcb49c) Importer(815301076,1909f56bfc062723c751e8b465ee728b)
Start importing Assets/JapaneseSchool/Meshes/Pillar_A.fbx using Guid(327b3b1ffc5935f439eee95a21fcb49c) Importer(815301076,1909f56bfc062723c751e8b465ee728b)  -> (artifact id: 'f71b10fe835d84141ef02ba87d32f0fb') in 0.001169 seconds
Number of updated asset objects reloaded before import = 0
Number of asset objects unloaded after import = 6
========================================================================
Received Import Request.
  Time since last request: 25.739503 seconds.
  path: Assets/JapaneseSchool/Scenes/Demo/ReflectionProbe-39.exr
  artifactKey: Guid(6b39bc15bf9d14e4787116b9241814b8) Importer(2089858483,0ecaa5967403d082aa24f35e1b516d23)
Start importing Assets/JapaneseSchool/Scenes/Demo/ReflectionProbe-39.exr using Guid(6b39bc15bf9d14e4787116b9241814b8) Importer(2089858483,0ecaa5967403d082aa24f35e1b516d23)  -> (artifact id: 'a25c82690d256e1d25cd547aed9ae21b') in 0.045311 seconds
Number of updated asset objects reloaded before import = 0
Number of asset objects unloaded after import = 1
========================================================================
Received Import Request.
  Time since last request: 0.000145 seconds.
  path: Assets/JapaneseSchool/Prefabs/Reflection Probes/Room Reflection Probe.prefab
  artifactKey: Guid(be4f99baa0702e44081939c584e8ae74) Importer(2089858483,0ecaa5967403d082aa24f35e1b516d23)
Start importing Assets/JapaneseSchool/Prefabs/Reflection Probes/Room Reflection Probe.prefab using Guid(be4f99baa0702e44081939c584e8ae74) Importer(2089858483,0ecaa5967403d082aa24f35e1b516d23)  -> (artifact id: '99ad7b40af50a9f370c17b543a346770') in 0.014316 seconds
Number of updated asset objects reloaded before import = 0
Number of asset objects unloaded after import = 7
========================================================================
Received Import Request.
  Time since last request: 0.436273 seconds.
  path: Assets/JapaneseSchool/Scenes/Demo/Lightmap-1_comp_light.exr
  artifactKey: Guid(db097389315f690448227cc12eeaae0a) Importer(2089858483,0ecaa5967403d082aa24f35e1b516d23)
Start importing Assets/JapaneseSchool/Scenes/Demo/Lightmap-1_comp_light.exr using Guid(db097389315f690448227cc12eeaae0a) Importer(2089858483,0ecaa5967403d082aa24f35e1b516d23)  -> (artifact id: '0c8ad343f6e02fe7465fad09f72853bd') in 0.031201 seconds
Number of updated asset objects reloaded before import = 0
Number of asset objects unloaded after import = 1
========================================================================
Received Import Request.
  Time since last request: 9.515249 seconds.
  path: Assets/JapaneseSchool/Scenes/Demo/ReflectionProbe-0.exr
  artifactKey: Guid(65758fc730759f044a2479909c5c4907) Importer(2089858483,0ecaa5967403d082aa24f35e1b516d23)
Start importing Assets/JapaneseSchool/Scenes/Demo/ReflectionProbe-0.exr using Guid(65758fc730759f044a2479909c5c4907) Importer(2089858483,0ecaa5967403d082aa24f35e1b516d23)  -> (artifact id: '154ac83c5d13615087f7d548440c11ae') in 0.021793 seconds
Number of updated asset objects reloaded before import = 0
Number of asset objects unloaded after import = 1
========================================================================
Received Import Request.
  Time since last request: 0.000041 seconds.
  path: Assets/JapaneseSchool/Scenes/Demo/Lightmap-0_comp_light.exr
  artifactKey: Guid(e1ea894e875a2604999e0bc0a6c6a76d) Importer(2089858483,0ecaa5967403d082aa24f35e1b516d23)
Start importing Assets/JapaneseSchool/Scenes/Demo/Lightmap-0_comp_light.exr using Guid(e1ea894e875a2604999e0bc0a6c6a76d) Importer(2089858483,0ecaa5967403d082aa24f35e1b516d23)  -> (artifact id: '788327d45f45dca091937e7fe97d5b1e') in 0.024149 seconds
Number of updated asset objects reloaded before import = 0
Number of asset objects unloaded after import = 1
========================================================================
Received Import Request.
  Time since last request: 0.000018 seconds.
  path: Assets/JapaneseSchool/Scenes/Demo/Lightmap-2_comp_dir.png
  artifactKey: Guid(7eaf678d124ad2643a4e2e5d9444d73f) Importer(2089858483,0ecaa5967403d082aa24f35e1b516d23)
Start importing Assets/JapaneseSchool/Scenes/Demo/Lightmap-2_comp_dir.png using Guid(7eaf678d124ad2643a4e2e5d9444d73f) Importer(2089858483,0ecaa5967403d082aa24f35e1b516d23)  -> (artifact id: '6514d7e873761e3989abca0657b5ec91') in 0.029538 seconds
Number of updated asset objects reloaded before import = 0
Number of asset objects unloaded after import = 1
========================================================================
Received Import Request.
  Time since last request: 0.000113 seconds.
  path: Assets/JapaneseSchool/Materials/Blackboard_A.mat
  artifactKey: Guid(68be3887736c5784eace6de0f0b99d1e) Importer(2089858483,0ecaa5967403d082aa24f35e1b516d23)
Start importing Assets/JapaneseSchool/Materials/Blackboard_A.mat using Guid(68be3887736c5784eace6de0f0b99d1e) Importer(2089858483,0ecaa5967403d082aa24f35e1b516d23)  -> (artifact id: 'ee862be60653bbf0f7c27e588f3e58f7') in 0.041337 seconds
Number of updated asset objects reloaded before import = 0
Number of asset objects unloaded after import = 6
========================================================================
Received Import Request.
  Time since last request: 0.000018 seconds.
  path: Assets/JapaneseSchool/Scenes/Demo/Lightmap-12_comp_dir.png
  artifactKey: Guid(a4627636c16153f43bb0700ed99894b5) Importer(2089858483,0ecaa5967403d082aa24f35e1b516d23)
Start importing Assets/JapaneseSchool/Scenes/Demo/Lightmap-12_comp_dir.png using Guid(a4627636c16153f43bb0700ed99894b5) Importer(2089858483,0ecaa5967403d082aa24f35e1b516d23)  -> (artifact id: '66c7ee5a27ff4364d28fc22190c51f37') in 0.021110 seconds
Number of updated asset objects reloaded before import = 0
Number of asset objects unloaded after import = 1
========================================================================
Received Import Request.
  Time since last request: 0.000018 seconds.
  path: Assets/JapaneseSchool/Materials/Leaves_A.mat
  artifactKey: Guid(e4321ee28a64f05469744c8503e4014a) Importer(2089858483,0ecaa5967403d082aa24f35e1b516d23)
Start importing Assets/JapaneseSchool/Materials/Leaves_A.mat using Guid(e4321ee28a64f05469744c8503e4014a) Importer(2089858483,0ecaa5967403d082aa24f35e1b516d23)  -> (artifact id: 'd64a186436c6c7ca85d72aa370b2de9e') in 0.020915 seconds
Number of updated asset objects reloaded before import = 0
Number of asset objects unloaded after import = 3
========================================================================
Received Import Request.
  Time since last request: 0.000016 seconds.
  path: Assets/JapaneseSchool/Materials/Glass_A.mat
  artifactKey: Guid(86c5da67f8396dd44851d68ec2e38986) Importer(2089858483,0ecaa5967403d082aa24f35e1b516d23)
Start importing Assets/JapaneseSchool/Materials/Glass_A.mat using Guid(86c5da67f8396dd44851d68ec2e38986) Importer(2089858483,0ecaa5967403d082aa24f35e1b516d23)  -> (artifact id: '1f74d55992eafa44a3db7dda4e17b463') in 0.018835 seconds
Number of updated asset objects reloaded before import = 0
Number of asset objects unloaded after import = 1
========================================================================
Received Import Request.
  Time since last request: 0.000019 seconds.
  path: Assets/JapaneseSchool/Prefabs/Desk_A.prefab
  artifactKey: Guid(2ccc42e438c20dd4297c5e7e7af7886a) Importer(2089858483,0ecaa5967403d082aa24f35e1b516d23)
Start importing Assets/JapaneseSchool/Prefabs/Desk_A.prefab using Guid(2ccc42e438c20dd4297c5e7e7af7886a) Importer(2089858483,0ecaa5967403d082aa24f35e1b516d23)  -> (artifact id: '55d495735f5e8a951e904aefe94b0d78') in 0.015290 seconds
Number of updated asset objects reloaded before import = 0
Number of asset objects unloaded after import = 15
========================================================================
Received Import Request.
  Time since last request: 0.000023 seconds.
  path: Assets/JapaneseSchool/Materials/Floor_A.mat
  artifactKey: Guid(35ffa5c486d7abb499b827545756fbe4) Importer(2089858483,0ecaa5967403d082aa24f35e1b516d23)
Start importing Assets/JapaneseSchool/Materials/Floor_A.mat using Guid(35ffa5c486d7abb499b827545756fbe4) Importer(2089858483,0ecaa5967403d082aa24f35e1b516d23)  -> (artifact id: '8dfa40df132a900f76c5be183c770568') in 0.027103 seconds
Number of updated asset objects reloaded before import = 0
Number of asset objects unloaded after import = 6
========================================================================
Received Import Request.
  Time since last request: 0.000024 seconds.
  path: Assets/JapaneseSchool/Scenes/Demo/Lightmap-3_comp_light.exr
  artifactKey: Guid(41f84df9d303e8d45872aed0cb8be1d2) Importer(2089858483,0ecaa5967403d082aa24f35e1b516d23)
Start importing Assets/JapaneseSchool/Scenes/Demo/Lightmap-3_comp_light.exr using Guid(41f84df9d303e8d45872aed0cb8be1d2) Importer(2089858483,0ecaa5967403d082aa24f35e1b516d23)  -> (artifact id: '1f37d42f4cca77acc040aef10078c67a') in 0.022849 seconds
Number of updated asset objects reloaded before import = 0
Number of asset objects unloaded after import = 1
========================================================================
Received Import Request.
  Time since last request: 0.000016 seconds.
  path: Assets/JapaneseSchool/Scenes/Demo/Lightmap-7_comp_dir.png
  artifactKey: Guid(b60302baee81a3c49bb00ac40aeda5fa) Importer(2089858483,0ecaa5967403d082aa24f35e1b516d23)
Start importing Assets/JapaneseSchool/Scenes/Demo/Lightmap-7_comp_dir.png using Guid(b60302baee81a3c49bb00ac40aeda5fa) Importer(2089858483,0ecaa5967403d082aa24f35e1b516d23)  -> (artifact id: '7493b0b19f77e8d2e07e7533739421b8') in 0.031545 seconds
Number of updated asset objects reloaded before import = 0
Number of asset objects unloaded after import = 1
========================================================================
Received Import Request.
  Time since last request: 0.000015 seconds.
  path: Assets/JapaneseSchool/Scenes/Demo/Lightmap-3_comp_dir.png
  artifactKey: Guid(81cff732e9017874c924e16cb3799c56) Importer(2089858483,0ecaa5967403d082aa24f35e1b516d23)
Start importing Assets/JapaneseSchool/Scenes/Demo/Lightmap-3_comp_dir.png using Guid(81cff732e9017874c924e16cb3799c56) Importer(2089858483,0ecaa5967403d082aa24f35e1b516d23)  -> (artifact id: 'ea80ca44d3376f4470b95033d9c03720') in 0.022121 seconds
Number of updated asset objects reloaded before import = 0
Number of asset objects unloaded after import = 1
========================================================================
Received Import Request.
  Time since last request: 0.000057 seconds.
  path: Assets/JapaneseSchool/Materials/Metal_A_1.mat
  artifactKey: Guid(2312525488ce3da4e92b9178710213bf) Importer(2089858483,0ecaa5967403d082aa24f35e1b516d23)
Start importing Assets/JapaneseSchool/Materials/Metal_A_1.mat using Guid(2312525488ce3da4e92b9178710213bf) Importer(2089858483,0ecaa5967403d082aa24f35e1b516d23)  -> (artifact id: '3263a8cd333f3d0fa54945b7f6314f1b') in 0.022905 seconds
Number of updated asset objects reloaded before import = 0
Number of asset objects unloaded after import = 6
========================================================================
Received Import Request.
  Time since last request: 0.000015 seconds.
  path: Assets/JapaneseSchool/Materials/Plants_A.mat
  artifactKey: Guid(9645e83efce836649a93864b8aa13588) Importer(2089858483,0ecaa5967403d082aa24f35e1b516d23)
Start importing Assets/JapaneseSchool/Materials/Plants_A.mat using Guid(9645e83efce836649a93864b8aa13588) Importer(2089858483,0ecaa5967403d082aa24f35e1b516d23)  -> (artifact id: '7c218e13ac2fd87bf5b4de93923cd72e') in 0.020125 seconds
Number of updated asset objects reloaded before import = 0
Number of asset objects unloaded after import = 3
========================================================================
Received Import Request.
  Time since last request: 0.000021 seconds.
  path: Assets/JapaneseSchool/Scenes/Demo/Lightmap-20_comp_light.exr
  artifactKey: Guid(4dbaf7ef52d8d704d8158155ed368dba) Importer(2089858483,0ecaa5967403d082aa24f35e1b516d23)
Start importing Assets/JapaneseSchool/Scenes/Demo/Lightmap-20_comp_light.exr using Guid(4dbaf7ef52d8d704d8158155ed368dba) Importer(2089858483,0ecaa5967403d082aa24f35e1b516d23)  -> (artifact id: '11a73743aa6816f873b10862715d72bc') in 0.023624 seconds
Number of updated asset objects reloaded before import = 0
Number of asset objects unloaded after import = 1
========================================================================
Received Import Request.
  Time since last request: 0.000032 seconds.
  path: Assets/JapaneseSchool/Scenes/Demo/Lightmap-22_comp_light.exr
  artifactKey: Guid(810f026b82e890b48b6009a199872e37) Importer(2089858483,0ecaa5967403d082aa24f35e1b516d23)
Start importing Assets/JapaneseSchool/Scenes/Demo/Lightmap-22_comp_light.exr using Guid(810f026b82e890b48b6009a199872e37) Importer(2089858483,0ecaa5967403d082aa24f35e1b516d23)  -> (artifact id: '3508b689f3c2493a46e91073493072ee') in 0.028920 seconds
Number of updated asset objects reloaded before import = 0
Number of asset objects unloaded after import = 1
========================================================================
Received Import Request.
  Time since last request: 0.000054 seconds.
  path: Assets/JapaneseSchool/Scenes/Demo/Lightmap-10_comp_dir.png
  artifactKey: Guid(205557c7a3a1f2e46bdf7ec723f5f083) Importer(2089858483,0ecaa5967403d082aa24f35e1b516d23)
Start importing Assets/JapaneseSchool/Scenes/Demo/Lightmap-10_comp_dir.png using Guid(205557c7a3a1f2e46bdf7ec723f5f083) Importer(2089858483,0ecaa5967403d082aa24f35e1b516d23)  -> (artifact id: 'dce5a987224173900bf0717bb8f34c0d') in 0.026962 seconds
Number of updated asset objects reloaded before import = 0
Number of asset objects unloaded after import = 1
========================================================================
Received Import Request.
  Time since last request: 0.000020 seconds.
  path: Assets/JapaneseSchool/Scenes/Demo/Lightmap-12_comp_light.exr
  artifactKey: Guid(0fbf9f70930557c449bcc8cfa6a7748f) Importer(2089858483,0ecaa5967403d082aa24f35e1b516d23)
Start importing Assets/JapaneseSchool/Scenes/Demo/Lightmap-12_comp_light.exr using Guid(0fbf9f70930557c449bcc8cfa6a7748f) Importer(2089858483,0ecaa5967403d082aa24f35e1b516d23)  -> (artifact id: '1328628507288d746e4941bffbb22f52') in 0.023480 seconds
Number of updated asset objects reloaded before import = 0
Number of asset objects unloaded after import = 1
========================================================================
Received Import Request.
  Time since last request: 0.000048 seconds.
  path: Assets/JapaneseSchool/Scenes/Demo/Lightmap-8_comp_light.exr
  artifactKey: Guid(3233eadad52b974408dd91cd0591de3f) Importer(2089858483,0ecaa5967403d082aa24f35e1b516d23)
Start importing Assets/JapaneseSchool/Scenes/Demo/Lightmap-8_comp_light.exr using Guid(3233eadad52b974408dd91cd0591de3f) Importer(2089858483,0ecaa5967403d082aa24f35e1b516d23)  -> (artifact id: 'ef74ebfd3d724f2ef1def0be693adddf') in 0.022136 seconds
Number of updated asset objects reloaded before import = 0
Number of asset objects unloaded after import = 1
Editor requested this worker to shutdown with reason: Scaling down because of idle timeout
TcpMessagingSession - receive error
AssetImportWorkerClient::OnTransportError - code=2 error=End of file
AssetImportWorker is now disconnected from the server
Process exiting
Exiting without the bug reporter. Application will terminate with return code 0