Using pre-set license
Built from '2022.3/staging' branch; Version is '2022.3.3f1 (7cdc2969a641) revision 8182825'; Using compiler version '192829333'; Build Type 'Release'
OS: 'Windows 11  (10.0.22631) 64bit Professional' Language: 'en' Physical Memory: 65156 MB
BatchMode: 1, IsHumanControllingUs: 0, StartBugReporterOnCrash: 0, Is64bit: 1, IsPro: 1

COMMAND LINE ARGUMENTS:
C:\Program Files\Unity\Hub\Editor\2022.3.3f1\Editor\Unity.exe
-adb2
-batchMode
-noUpm
-name
AssetImportWorker24
-projectPath
G:/Unity Projects/InsightXR
-logFile
Logs/AssetImportWorker24.log
-srvPort
53780
Successfully changed project path to: G:/Unity Projects/InsightXR
G:/Unity Projects/InsightXR
[UnityMemory] Configuration Parameters - Can be set up in boot.config
    "memorysetup-bucket-allocator-granularity=16"
    "memorysetup-bucket-allocator-bucket-count=8"
    "memorysetup-bucket-allocator-block-size=33554432"
    "memorysetup-bucket-allocator-block-count=8"
    "memorysetup-main-allocator-block-size=16777216"
    "memorysetup-thread-allocator-block-size=16777216"
    "memorysetup-gfx-main-allocator-block-size=16777216"
    "memorysetup-gfx-thread-allocator-block-size=16777216"
    "memorysetup-cache-allocator-block-size=4194304"
    "memorysetup-typetree-allocator-block-size=2097152"
    "memorysetup-profiler-bucket-allocator-granularity=16"
    "memorysetup-profiler-bucket-allocator-bucket-count=8"
    "memorysetup-profiler-bucket-allocator-block-size=33554432"
    "memorysetup-profiler-bucket-allocator-block-count=8"
    "memorysetup-profiler-allocator-block-size=16777216"
    "memorysetup-profiler-editor-allocator-block-size=1048576"
    "memorysetup-temp-allocator-size-main=16777216"
    "memorysetup-job-temp-allocator-block-size=2097152"
    "memorysetup-job-temp-allocator-block-size-background=1048576"
    "memorysetup-job-temp-allocator-reduction-small-platforms=262144"
    "memorysetup-allocator-temp-initial-block-size-main=262144"
    "memorysetup-allocator-temp-initial-block-size-worker=262144"
    "memorysetup-temp-allocator-size-background-worker=32768"
    "memorysetup-temp-allocator-size-job-worker=262144"
    "memorysetup-temp-allocator-size-preload-manager=33554432"
    "memorysetup-temp-allocator-size-nav-mesh-worker=65536"
    "memorysetup-temp-allocator-size-audio-worker=65536"
    "memorysetup-temp-allocator-size-cloud-worker=32768"
    "memorysetup-temp-allocator-size-gi-baking-worker=262144"
    "memorysetup-temp-allocator-size-gfx=262144"
Player connection [55068] Host "[IP] 10.164.100.114 [Port] 0 [Flags] 2 [Guid] 854731272 [EditorId] 854731272 [Version] 1048832 [Id] WindowsEditor(7,PratyushPC) [Debug] 1 [PackageName] WindowsEditor [ProjectName] Editor" joined multi-casting on [225.0.0.222:54997]...

Player connection [55068] Host "[IP] 10.164.100.114 [Port] 0 [Flags] 2 [Guid] 854731272 [EditorId] 854731272 [Version] 1048832 [Id] WindowsEditor(7,PratyushPC) [Debug] 1 [PackageName] WindowsEditor [ProjectName] Editor" joined alternative multi-casting on [225.0.0.222:34997]...

Refreshing native plugins compatible for Editor in 16.33 ms, found 9 plugins.
Preloading 0 native plugins for Editor in 0.00 ms.
Initialize engine version: 2022.3.3f1 (7cdc2969a641)
[Subsystems] Discovering subsystems at path C:/Program Files/Unity/Hub/Editor/2022.3.3f1/Editor/Data/Resources/UnitySubsystems
[Subsystems] Discovering subsystems at path G:/Unity Projects/InsightXR/Assets
GfxDevice: creating device client; threaded=0; jobified=0
Direct3D:
    Version:  Direct3D 11.0 [level 11.1]
    Renderer: NVIDIA GeForce RTX 3060 Laptop GPU (ID=0x2520)
    Vendor:   NVIDIA
    VRAM:     5996 MB
    Driver:   31.0.15.5186
Initialize mono
Mono path[0] = 'C:/Program Files/Unity/Hub/Editor/2022.3.3f1/Editor/Data/Managed'
Mono path[1] = 'C:/Program Files/Unity/Hub/Editor/2022.3.3f1/Editor/Data/MonoBleedingEdge/lib/mono/unityjit-win32'
Mono config path = 'C:/Program Files/Unity/Hub/Editor/2022.3.3f1/Editor/Data/MonoBleedingEdge/etc'
Using monoOptions --debugger-agent=transport=dt_socket,embedding=1,server=y,suspend=n,address=127.0.0.1:56264
Begin MonoManager ReloadAssembly
Registering precompiled unity dll's ...
Register platform support module: C:/Program Files/Unity/Hub/Editor/2022.3.3f1/Editor/Data/PlaybackEngines/WebGLSupport/UnityEditor.WebGL.Extensions.dll
Register platform support module: C:/Program Files/Unity/Hub/Editor/2022.3.3f1/Editor/Data/PlaybackEngines/MacStandaloneSupport/UnityEditor.OSXStandalone.Extensions.dll
Register platform support module: C:/Program Files/Unity/Hub/Editor/2022.3.3f1/Editor/Data/PlaybackEngines/AndroidPlayer/UnityEditor.Android.Extensions.dll
Register platform support module: C:/Program Files/Unity/Hub/Editor/2022.3.3f1/Editor/Data/PlaybackEngines/iOSSupport/UnityEditor.iOS.Extensions.dll
Register platform support module: C:/Program Files/Unity/Hub/Editor/2022.3.3f1/Editor/Data/PlaybackEngines/WindowsStandaloneSupport/UnityEditor.WindowsStandalone.Extensions.dll
Registered in 0.009751 seconds.
- Loaded All Assemblies, in  0.274 seconds
Native extension for WindowsStandalone target not found
Native extension for iOS target not found
Native extension for Android target not found
Android Extension - Scanning For ADB Devices 250 ms
Native extension for OSXStandalone target not found
Native extension for WebGL target not found
Mono: successfully reloaded assembly
- Finished resetting the current domain, in  0.507 seconds
Domain Reload Profiling: 780ms
	BeginReloadAssembly (65ms)
		ExecutionOrderSort (0ms)
		DisableScriptedObjects (0ms)
		BackupInstance (0ms)
		ReleaseScriptingObjects (0ms)
		CreateAndSetChildDomain (1ms)
	RebuildCommonClasses (24ms)
	RebuildNativeTypeToScriptingClass (9ms)
	initialDomainReloadingComplete (52ms)
	LoadAllAssembliesAndSetupDomain (122ms)
		LoadAssemblies (64ms)
		RebuildTransferFunctionScriptingTraits (0ms)
		AnalyzeDomain (117ms)
			TypeCache.Refresh (116ms)
				TypeCache.ScanAssembly (107ms)
			ScanForSourceGeneratedMonoScriptInfo (0ms)
			ResolveRequiredComponents (0ms)
	FinalizeReload (508ms)
		ReleaseScriptCaches (0ms)
		RebuildScriptCaches (0ms)
		SetupLoadedEditorAssemblies (461ms)
			LogAssemblyErrors (0ms)
			InitializePlatformSupportModulesInManaged (350ms)
			SetLoadedEditorAssemblies (2ms)
			RefreshPlugins (0ms)
			BeforeProcessingInitializeOnLoad (2ms)
			ProcessInitializeOnLoadAttributes (75ms)
			ProcessInitializeOnLoadMethodAttributes (33ms)
			AfterProcessingInitializeOnLoad (0ms)
			EditorAssembliesLoaded (0ms)
		ExecutionOrderSort2 (0ms)
		AwakeInstancesAfterBackupRestoration (0ms)
========================================================================
Worker process is ready to serve import requests
Begin MonoManager ReloadAssembly
- Loaded All Assemblies, in  0.694 seconds
Refreshing native plugins compatible for Editor in 12.40 ms, found 9 plugins.
Native extension for WindowsStandalone target not found
Native extension for iOS target not found
Native extension for Android target not found
Native extension for OSXStandalone target not found
Native extension for WebGL target not found
Package Manager log level set to [2]
[Package Manager] Server::EnsureServerProcessIsRunning -- launch failed, reason: Unity was launched with the -noUpm command-line argument
[Package Manager] UpmClient::Send -- Unable to send message (not connected to UPM process).
[Package Manager] Cannot connect to Unity Package Manager local server
[Package Manager] Server::EnsureServerProcessIsRunning -- launch failed, reason: Unity was launched with the -noUpm command-line argument
[Package Manager] UpmClient::Send -- Unable to send message (not connected to UPM process).
[Package Manager] Cannot connect to Unity Package Manager local server
Mono: successfully reloaded assembly
[Package Manager] Server::EnsureServerProcessIsRunning -- launch failed, reason: Unity was launched with the -noUpm command-line argument
[Package Manager] UpmClient::Send -- Unable to send message (not connected to UPM process).
[Package Manager] Cannot connect to Unity Package Manager local server
[Package Manager] Server::EnsureServerProcessIsRunning -- launch failed, reason: Unity was launched with the -noUpm command-line argument
[Package Manager] UpmClient::Send -- Unable to send message (not connected to UPM process).
[Package Manager] Cannot connect to Unity Package Manager local server
- Finished resetting the current domain, in  0.678 seconds
Domain Reload Profiling: 1371ms
	BeginReloadAssembly (96ms)
		ExecutionOrderSort (0ms)
		DisableScriptedObjects (4ms)
		BackupInstance (0ms)
		ReleaseScriptingObjects (0ms)
		CreateAndSetChildDomain (16ms)
	RebuildCommonClasses (26ms)
	RebuildNativeTypeToScriptingClass (8ms)
	initialDomainReloadingComplete (49ms)
	LoadAllAssembliesAndSetupDomain (514ms)
		LoadAssemblies (240ms)
		RebuildTransferFunctionScriptingTraits (0ms)
		AnalyzeDomain (318ms)
			TypeCache.Refresh (281ms)
				TypeCache.ScanAssembly (268ms)
			ScanForSourceGeneratedMonoScriptInfo (21ms)
			ResolveRequiredComponents (16ms)
	FinalizeReload (679ms)
		ReleaseScriptCaches (0ms)
		RebuildScriptCaches (0ms)
		SetupLoadedEditorAssemblies (520ms)
			LogAssemblyErrors (0ms)
			InitializePlatformSupportModulesInManaged (37ms)
			SetLoadedEditorAssemblies (4ms)
			RefreshPlugins (0ms)
			BeforeProcessingInitializeOnLoad (79ms)
			ProcessInitializeOnLoadAttributes (311ms)
			ProcessInitializeOnLoadMethodAttributes (79ms)
			AfterProcessingInitializeOnLoad (10ms)
			EditorAssembliesLoaded (0ms)
		ExecutionOrderSort2 (0ms)
		AwakeInstancesAfterBackupRestoration (9ms)
Launched and connected shader compiler UnityShaderCompiler.exe after 0.03 seconds
Refreshing native plugins compatible for Editor in 8.50 ms, found 9 plugins.
Preloading 0 native plugins for Editor in 0.00 ms.
Unloading 6354 Unused Serialized files (Serialized files now loaded: 0)
Unloading 123 unused Assets / (0.8 MB). Loaded Objects now: 6810.
Memory consumption went from 251.6 MB to 250.9 MB.
Total: 3.358800 ms (FindLiveObjects: 0.318900 ms CreateObjectMapping: 0.277700 ms MarkObjects: 2.466300 ms  DeleteObjects: 0.295000 ms)

AssetImportParameters requested are different than current active one (requested -> active):
  custom:container-demuxer-ogg: 62fdf1f143b41e24485cea50d1cbac27 -> 
  custom:video-codec-MediaFoundation-h265: 746d11721c4dcdbdad8f713fa42b33f4 -> 
  custom:video-decoder-ogg-theora: a1e56fd34408186e4bbccfd4996cb3dc -> 
  custom:framework-win-MediaFoundation: 216162199b28c13a410421893ffa2e32 -> 
  custom:container-demuxer-webm: 4f35f7cbe854078d1ac9338744f61a02 -> 
  custom:container-muxer-webm: aa71ff27fc2769a1b78a27578f13a17b -> 
  custom:video-decoder-webm-vp8: 9c59270c3fd7afecdb556c50c9e8de78 -> 
  custom:SearchIndexIgnoredProperties: e643bd26f0fe6173181afceb89e7c659 -> 
  custom:AudioImporter_EditorPlatform: d09bf68614088b80899f8185d706f6e7 -> 
  custom:video-encoder-webm-vp8: eb34c28f22e8b96e1ab97ce403110664 -> 
  custom:audio-decoder-ogg-vorbis: bf7c407c2cedff20999df2af8eb42d56 -> 
  custom:audio-encoder-webm-vorbis: bf7c407c2cedff20999df2af8eb42d56 -> 
========================================================================
Received Import Request.
  Time since last request: 194998.221203 seconds.
  path: Assets/TextMesh Pro/Shaders/TMP_SDF Overlay.shader
  artifactKey: Guid(dd89cf5b9246416f84610a006f916af7) Importer(2089858483,0ecaa5967403d082aa24f35e1b516d23)
Start importing Assets/TextMesh Pro/Shaders/TMP_SDF Overlay.shader using Guid(dd89cf5b9246416f84610a006f916af7) Importer(2089858483,0ecaa5967403d082aa24f35e1b516d23) Shader 'TextMeshPro/Distance Field Overlay': fallback shader 'TextMeshPro/Mobile/Distance Field' not found
 -> (artifact id: '4cc41b2427c94146accac7b1c0516966') in 0.166552 seconds
Number of updated asset objects reloaded before import = 0
Number of asset objects unloaded after import = 1
========================================================================
Received Import Request.
  Time since last request: 0.000062 seconds.
  path: Assets/TextMesh Pro/Documentation/TextMesh Pro User Guide 2016.pdf
  artifactKey: Guid(1b8d251f9af63b746bf2f7ffe00ebb9b) Importer(2089858483,0ecaa5967403d082aa24f35e1b516d23)
Start importing Assets/TextMesh Pro/Documentation/TextMesh Pro User Guide 2016.pdf using Guid(1b8d251f9af63b746bf2f7ffe00ebb9b) Importer(2089858483,0ecaa5967403d082aa24f35e1b516d23)  -> (artifact id: '8943cc6c5c22a4614a20d57e6fba3e80') in 0.014349 seconds
Number of updated asset objects reloaded before import = 0
Number of asset objects unloaded after import = 1
========================================================================
Received Import Request.
  Time since last request: 0.000123 seconds.
  path: Assets/TextMesh Pro/Resources/Style Sheets
  artifactKey: Guid(4aecb92fff08436c8303b10eab8da368) Importer(2089858483,0ecaa5967403d082aa24f35e1b516d23)
Start importing Assets/TextMesh Pro/Resources/Style Sheets using Guid(4aecb92fff08436c8303b10eab8da368) Importer(2089858483,0ecaa5967403d082aa24f35e1b516d23)  -> (artifact id: 'f5641175cf6f3e97813e924db0f66461') in 0.008848 seconds
Number of updated asset objects reloaded before import = 0
Number of asset objects unloaded after import = 1
========================================================================
Received Import Request.
  Time since last request: 0.000090 seconds.
  path: Assets/TextMesh Pro/Shaders/TMP_SDF-Mobile.shader
  artifactKey: Guid(fe393ace9b354375a9cb14cdbbc28be4) Importer(2089858483,0ecaa5967403d082aa24f35e1b516d23)
Start importing Assets/TextMesh Pro/Shaders/TMP_SDF-Mobile.shader using Guid(fe393ace9b354375a9cb14cdbbc28be4) Importer(2089858483,0ecaa5967403d082aa24f35e1b516d23)  -> (artifact id: '6043a161b342f94075520f6010fd7139') in 0.015103 seconds
Number of updated asset objects reloaded before import = 0
Number of asset objects unloaded after import = 1
========================================================================
Received Import Request.
  Time since last request: 0.000015 seconds.
  path: Assets/TextMesh Pro/Sprites
  artifactKey: Guid(d0603b6d5186471b96c778c3949c7ce2) Importer(2089858483,0ecaa5967403d082aa24f35e1b516d23)
Start importing Assets/TextMesh Pro/Sprites using Guid(d0603b6d5186471b96c778c3949c7ce2) Importer(2089858483,0ecaa5967403d082aa24f35e1b516d23)  -> (artifact id: '9277b2e6115d3e8f54b7f0d53fb797dd') in 0.012382 seconds
Number of updated asset objects reloaded before import = 0
Number of asset objects unloaded after import = 1
========================================================================
Received Import Request.
  Time since last request: 0.000082 seconds.
  path: Assets/TextMesh Pro/Shaders/TMPro_Properties.cginc
  artifactKey: Guid(3997e2241185407d80309a82f9148466) Importer(2089858483,0ecaa5967403d082aa24f35e1b516d23)
Start importing Assets/TextMesh Pro/Shaders/TMPro_Properties.cginc using Guid(3997e2241185407d80309a82f9148466) Importer(2089858483,0ecaa5967403d082aa24f35e1b516d23)  -> (artifact id: '51e1f1bd26f38c93f69b501c40c7c5a7') in 0.013991 seconds
Number of updated asset objects reloaded before import = 0
Number of asset objects unloaded after import = 1
========================================================================
Received Import Request.
  Time since last request: 0.000015 seconds.
  path: Assets/TextMesh Pro/Shaders/TMPro.cginc
  artifactKey: Guid(407bc68d299748449bbf7f48ee690f8d) Importer(2089858483,0ecaa5967403d082aa24f35e1b516d23)
Start importing Assets/TextMesh Pro/Shaders/TMPro.cginc using Guid(407bc68d299748449bbf7f48ee690f8d) Importer(2089858483,0ecaa5967403d082aa24f35e1b516d23)  -> (artifact id: '2cbe297067de7135459b4968fecf1a26') in 0.012833 seconds
Number of updated asset objects reloaded before import = 0
Number of asset objects unloaded after import = 1
========================================================================
Received Import Request.
  Time since last request: 0.000037 seconds.
  path: Assets/TextMesh Pro/Resources/LineBreaking Following Characters.txt
  artifactKey: Guid(fade42e8bc714b018fac513c043d323b) Importer(2089858483,0ecaa5967403d082aa24f35e1b516d23)
Start importing Assets/TextMesh Pro/Resources/LineBreaking Following Characters.txt using Guid(fade42e8bc714b018fac513c043d323b) Importer(2089858483,0ecaa5967403d082aa24f35e1b516d23)  -> (artifact id: 'e2a524efab4ad0de1213332d62f8a79a') in 0.012135 seconds
Number of updated asset objects reloaded before import = 0
Number of asset objects unloaded after import = 1
========================================================================
Received Import Request.
  Time since last request: 0.000014 seconds.
  path: Assets/TextMesh Pro/Resources/Sprite Assets/EmojiOne.asset
  artifactKey: Guid(c41005c129ba4d66911b75229fd70b45) Importer(2089858483,0ecaa5967403d082aa24f35e1b516d23)
Start importing Assets/TextMesh Pro/Resources/Sprite Assets/EmojiOne.asset using Guid(c41005c129ba4d66911b75229fd70b45) Importer(2089858483,0ecaa5967403d082aa24f35e1b516d23)  -> (artifact id: '4b7f009ed3070f9452dc2b555d2fb19c') in 0.037960 seconds
Number of updated asset objects reloaded before import = 0
Number of asset objects unloaded after import = 4
========================================================================
Received Import Request.
  Time since last request: 37.376597 seconds.
  path: Assets/JapaneseSchool/Meshes/Bush_B.fbx
  artifactKey: Guid(68cb46d0cdb2a4148acb45de5ddd07d0) Importer(815301076,1909f56bfc062723c751e8b465ee728b)
Start importing Assets/JapaneseSchool/Meshes/Bush_B.fbx using Guid(68cb46d0cdb2a4148acb45de5ddd07d0) Importer(815301076,1909f56bfc062723c751e8b465ee728b)  -> (artifact id: 'a970e9e3a95bc79d0b6abdfe4eeb5c54') in 0.005014 seconds
Number of updated asset objects reloaded before import = 0
Number of asset objects unloaded after import = 6
========================================================================
Received Import Request.
  Time since last request: 0.000055 seconds.
  path: Assets/JapaneseSchool/Meshes/Trunk_A.fbx
  artifactKey: Guid(755f83a8b7f49eb4d8f0b465f3fcb0e1) Importer(815301076,1909f56bfc062723c751e8b465ee728b)
Start importing Assets/JapaneseSchool/Meshes/Trunk_A.fbx using Guid(755f83a8b7f49eb4d8f0b465f3fcb0e1) Importer(815301076,1909f56bfc062723c751e8b465ee728b)  -> (artifact id: '8a1451c3ae024f54ff00acbb87cc66c6') in 0.001659 seconds
Number of updated asset objects reloaded before import = 0
Number of asset objects unloaded after import = 6
========================================================================
Received Import Request.
  Time since last request: 0.000011 seconds.
  path: Assets/JapaneseSchool/Meshes/Wall_A.fbx
  artifactKey: Guid(99b33eac0724072428c0386e01d55445) Importer(815301076,1909f56bfc062723c751e8b465ee728b)
Start importing Assets/JapaneseSchool/Meshes/Wall_A.fbx using Guid(99b33eac0724072428c0386e01d55445) Importer(815301076,1909f56bfc062723c751e8b465ee728b)  -> (artifact id: 'e898d7044c773aab77eaa9e604a90481') in 0.001569 seconds
Number of updated asset objects reloaded before import = 0
Number of asset objects unloaded after import = 16
========================================================================
Received Import Request.
  Time since last request: 0.000120 seconds.
  path: Assets/JapaneseSchool/Meshes/Corridor_A.fbx
  artifactKey: Guid(ba688dee233fda741ad674449c40696c) Importer(815301076,1909f56bfc062723c751e8b465ee728b)
Start importing Assets/JapaneseSchool/Meshes/Corridor_A.fbx using Guid(ba688dee233fda741ad674449c40696c) Importer(815301076,1909f56bfc062723c751e8b465ee728b)  -> (artifact id: '40723c1a8aa604d78ec95d92dcb8323e') in 0.001399 seconds
Number of updated asset objects reloaded before import = 0
Number of asset objects unloaded after import = 11
========================================================================
Received Import Request.
  Time since last request: 0.000176 seconds.
  path: Assets/JapaneseSchool/Meshes/Window_Frame_C.fbx
  artifactKey: Guid(d70212fc1fe07e54787f8048ec9202d9) Importer(815301076,1909f56bfc062723c751e8b465ee728b)
Start importing Assets/JapaneseSchool/Meshes/Window_Frame_C.fbx using Guid(d70212fc1fe07e54787f8048ec9202d9) Importer(815301076,1909f56bfc062723c751e8b465ee728b)  -> (artifact id: '5a370e92f5eeb16e1a1e56deee963189') in 0.001498 seconds
Number of updated asset objects reloaded before import = 0
Number of asset objects unloaded after import = 11
========================================================================
Received Import Request.
  Time since last request: 0.000230 seconds.
  path: Assets/JapaneseSchool/Meshes/Desk_B.fbx
  artifactKey: Guid(26a9ca2d866a1bb40b9ba806bfb6c8cb) Importer(815301076,1909f56bfc062723c751e8b465ee728b)
Start importing Assets/JapaneseSchool/Meshes/Desk_B.fbx using Guid(26a9ca2d866a1bb40b9ba806bfb6c8cb) Importer(815301076,1909f56bfc062723c751e8b465ee728b)  -> (artifact id: '23fc8cc8c59773145aa814234032c0eb') in 0.001228 seconds
Number of updated asset objects reloaded before import = 0
Number of asset objects unloaded after import = 6
========================================================================
Received Import Request.
  Time since last request: 0.000085 seconds.
  path: Assets/JapaneseSchool/Meshes/Window_E.fbx
  artifactKey: Guid(4be011dea6007094fb8acfe52e37e6d0) Importer(815301076,1909f56bfc062723c751e8b465ee728b)
Start importing Assets/JapaneseSchool/Meshes/Window_E.fbx using Guid(4be011dea6007094fb8acfe52e37e6d0) Importer(815301076,1909f56bfc062723c751e8b465ee728b)  -> (artifact id: 'e69f47cf7f5b6ca8a58cb6e92ae8c2be') in 0.001167 seconds
Number of updated asset objects reloaded before import = 0
Number of asset objects unloaded after import = 6
========================================================================
Received Import Request.
  Time since last request: 0.000083 seconds.
  path: Assets/JapaneseSchool/Meshes/Stair_A.fbx
  artifactKey: Guid(e281e4d2fd1fbc94c865ed0c564a7f73) Importer(815301076,1909f56bfc062723c751e8b465ee728b)
Start importing Assets/JapaneseSchool/Meshes/Stair_A.fbx using Guid(e281e4d2fd1fbc94c865ed0c564a7f73) Importer(815301076,1909f56bfc062723c751e8b465ee728b)  -> (artifact id: '95044b3c590e9fcacc5ad9b873061a0e') in 0.001427 seconds
Number of updated asset objects reloaded before import = 0
Number of asset objects unloaded after import = 11
========================================================================
Received Import Request.
  Time since last request: 25.740415 seconds.
  path: Assets/JapaneseSchool/Materials/Brick_A.mat
  artifactKey: Guid(b4b71574215b9f44fa576ad11c22d1cc) Importer(2089858483,0ecaa5967403d082aa24f35e1b516d23)
Start importing Assets/JapaneseSchool/Materials/Brick_A.mat using Guid(b4b71574215b9f44fa576ad11c22d1cc) Importer(2089858483,0ecaa5967403d082aa24f35e1b516d23)  -> (artifact id: 'e0d1f9c2f1c1d2996e21e0172007c463') in 0.073566 seconds
Number of updated asset objects reloaded before import = 0
Number of asset objects unloaded after import = 6
========================================================================
Received Import Request.
  Time since last request: 0.433288 seconds.
  path: Assets/JapaneseSchool/Scenes/Demo/Lightmap-14_comp_light.exr
  artifactKey: Guid(6eeb9b120d7ba5e4d8d5afac9b467f2b) Importer(2089858483,0ecaa5967403d082aa24f35e1b516d23)
Start importing Assets/JapaneseSchool/Scenes/Demo/Lightmap-14_comp_light.exr using Guid(6eeb9b120d7ba5e4d8d5afac9b467f2b) Importer(2089858483,0ecaa5967403d082aa24f35e1b516d23)  -> (artifact id: '48927dd487f886fb2c5ddf0feada103b') in 0.038827 seconds
Number of updated asset objects reloaded before import = 0
Number of asset objects unloaded after import = 1
========================================================================
Received Import Request.
  Time since last request: 9.484155 seconds.
  path: Assets/JapaneseSchool/Scenes/Demo/Lightmap-6_comp_light.exr
  artifactKey: Guid(155652d700d951a48866e5b381ffe9bf) Importer(2089858483,0ecaa5967403d082aa24f35e1b516d23)
Start importing Assets/JapaneseSchool/Scenes/Demo/Lightmap-6_comp_light.exr using Guid(155652d700d951a48866e5b381ffe9bf) Importer(2089858483,0ecaa5967403d082aa24f35e1b516d23)  -> (artifact id: '0b499fe40cca13d17ebad897d5873d80') in 0.044610 seconds
Number of updated asset objects reloaded before import = 0
Number of asset objects unloaded after import = 1
========================================================================
Received Import Request.
  Time since last request: 0.000218 seconds.
  path: Assets/JapaneseSchool/Scenes/Demo/Lightmap-5_comp_dir.png
  artifactKey: Guid(37742031a13756a4b9849bf790c8b9da) Importer(2089858483,0ecaa5967403d082aa24f35e1b516d23)
Start importing Assets/JapaneseSchool/Scenes/Demo/Lightmap-5_comp_dir.png using Guid(37742031a13756a4b9849bf790c8b9da) Importer(2089858483,0ecaa5967403d082aa24f35e1b516d23)  -> (artifact id: 'a589acdae74ec44271f76e12067c04b5') in 0.031417 seconds
Number of updated asset objects reloaded before import = 0
Number of asset objects unloaded after import = 1
========================================================================
Received Import Request.
  Time since last request: 0.000021 seconds.
  path: Assets/JapaneseSchool/Materials/Metal_A.mat
  artifactKey: Guid(fc9dbb6ccad928243a4d9ae9f94d32b0) Importer(2089858483,0ecaa5967403d082aa24f35e1b516d23)
Start importing Assets/JapaneseSchool/Materials/Metal_A.mat using Guid(fc9dbb6ccad928243a4d9ae9f94d32b0) Importer(2089858483,0ecaa5967403d082aa24f35e1b516d23)  -> (artifact id: 'b1bf2489411384eb08c65a32103bb298') in 0.023448 seconds
Number of updated asset objects reloaded before import = 0
Number of asset objects unloaded after import = 6
========================================================================
Received Import Request.
  Time since last request: 0.000018 seconds.
  path: Assets/JapaneseSchool/Scenes/Demo/Lightmap-10_comp_light.exr
  artifactKey: Guid(b4c068d16731f0142acd4bce0bab597d) Importer(2089858483,0ecaa5967403d082aa24f35e1b516d23)
Start importing Assets/JapaneseSchool/Scenes/Demo/Lightmap-10_comp_light.exr using Guid(b4c068d16731f0142acd4bce0bab597d) Importer(2089858483,0ecaa5967403d082aa24f35e1b516d23)  -> (artifact id: '47da43f607f2b8fb04d5aecc0d6799f4') in 0.026063 seconds
Number of updated asset objects reloaded before import = 0
Number of asset objects unloaded after import = 1
========================================================================
Received Import Request.
  Time since last request: 0.000015 seconds.
  path: Assets/JapaneseSchool/Scenes/Demo/Lightmap-21_comp_dir.png
  artifactKey: Guid(781cde2e089e5834284a087590c109b5) Importer(2089858483,0ecaa5967403d082aa24f35e1b516d23)
Start importing Assets/JapaneseSchool/Scenes/Demo/Lightmap-21_comp_dir.png using Guid(781cde2e089e5834284a087590c109b5) Importer(2089858483,0ecaa5967403d082aa24f35e1b516d23)  -> (artifact id: 'b24d341efb987722075bcaa0e8a50cfc') in 0.020210 seconds
Number of updated asset objects reloaded before import = 0
Number of asset objects unloaded after import = 1
========================================================================
Received Import Request.
  Time since last request: 0.000144 seconds.
  path: Assets/JapaneseSchool/Materials/Brick_C.mat
  artifactKey: Guid(d5d6f00e20d004d469a1563850f819f5) Importer(2089858483,0ecaa5967403d082aa24f35e1b516d23)
Start importing Assets/JapaneseSchool/Materials/Brick_C.mat using Guid(d5d6f00e20d004d469a1563850f819f5) Importer(2089858483,0ecaa5967403d082aa24f35e1b516d23)  -> (artifact id: 'ce06eb651b5ea81d7cb14037fb705aaf') in 0.025515 seconds
Number of updated asset objects reloaded before import = 0
Number of asset objects unloaded after import = 6
========================================================================
Received Import Request.
  Time since last request: 0.000015 seconds.
  path: Assets/JapaneseSchool/Materials/Sky.mat
  artifactKey: Guid(028f17df42dd74c4daa08e88b970078a) Importer(2089858483,0ecaa5967403d082aa24f35e1b516d23)
Start importing Assets/JapaneseSchool/Materials/Sky.mat using Guid(028f17df42dd74c4daa08e88b970078a) Importer(2089858483,0ecaa5967403d082aa24f35e1b516d23)  -> (artifact id: '7b92306e4d24b4e304da6f9a8b6e03d0') in 0.038311 seconds
Number of updated asset objects reloaded before import = 0
Number of asset objects unloaded after import = 2
========================================================================
Received Import Request.
  Time since last request: 0.000025 seconds.
  path: Assets/JapaneseSchool/Meshes/Desk_A.fbx
  artifactKey: Guid(64ed49d66c329b84ab550c9febd3134f) Importer(2089858483,0ecaa5967403d082aa24f35e1b516d23)
Start importing Assets/JapaneseSchool/Meshes/Desk_A.fbx using Guid(64ed49d66c329b84ab550c9febd3134f) Importer(2089858483,0ecaa5967403d082aa24f35e1b516d23)  -> (artifact id: '133ee2f7b0d2ab53af40507cc91c49d2') in 0.042337 seconds
Number of updated asset objects reloaded before import = 0
Number of asset objects unloaded after import = 15
========================================================================
Received Import Request.
  Time since last request: 0.000023 seconds.
  path: Assets/JapaneseSchool/Scenes/Demo/Lightmap-2_comp_light.exr
  artifactKey: Guid(9fbc01121e156094ba66fb7e5976c13c) Importer(2089858483,0ecaa5967403d082aa24f35e1b516d23)
Start importing Assets/JapaneseSchool/Scenes/Demo/Lightmap-2_comp_light.exr using Guid(9fbc01121e156094ba66fb7e5976c13c) Importer(2089858483,0ecaa5967403d082aa24f35e1b516d23)  -> (artifact id: 'e347c3c07842bd49113dac90bd03bd90') in 0.019927 seconds
Number of updated asset objects reloaded before import = 0
Number of asset objects unloaded after import = 1
========================================================================
Received Import Request.
  Time since last request: 0.000071 seconds.
  path: Assets/JapaneseSchool/Prefabs/Reflection Probes/Classroom Reflection Probe.prefab
  artifactKey: Guid(541c5168990c0cf4597296f51738a451) Importer(2089858483,0ecaa5967403d082aa24f35e1b516d23)
Start importing Assets/JapaneseSchool/Prefabs/Reflection Probes/Classroom Reflection Probe.prefab using Guid(541c5168990c0cf4597296f51738a451) Importer(2089858483,0ecaa5967403d082aa24f35e1b516d23)  -> (artifact id: '75e3a7ef7721bf6e44053a4b4300d0a8') in 0.013815 seconds
Number of updated asset objects reloaded before import = 0
Number of asset objects unloaded after import = 7
========================================================================
Received Import Request.
  Time since last request: 0.000068 seconds.
  path: Assets/JapaneseSchool/Scenes/Demo/Lightmap-24_comp_dir.png
  artifactKey: Guid(8eed5ec1b2269024592604a609f07aec) Importer(2089858483,0ecaa5967403d082aa24f35e1b516d23)
Start importing Assets/JapaneseSchool/Scenes/Demo/Lightmap-24_comp_dir.png using Guid(8eed5ec1b2269024592604a609f07aec) Importer(2089858483,0ecaa5967403d082aa24f35e1b516d23)  -> (artifact id: '1ea2eea0512bd9d44fbb27d253a9a41f') in 0.032532 seconds
Number of updated asset objects reloaded before import = 0
Number of asset objects unloaded after import = 1
========================================================================
Received Import Request.
  Time since last request: 0.000097 seconds.
  path: Assets/JapaneseSchool/Scenes/Demo/Lightmap-20_comp_dir.png
  artifactKey: Guid(c8212fadf5c2be94892e9ceacd768ea8) Importer(2089858483,0ecaa5967403d082aa24f35e1b516d23)
Start importing Assets/JapaneseSchool/Scenes/Demo/Lightmap-20_comp_dir.png using Guid(c8212fadf5c2be94892e9ceacd768ea8) Importer(2089858483,0ecaa5967403d082aa24f35e1b516d23)  -> (artifact id: '07bf4025329892a948c8f7c70b581683') in 0.023375 seconds
Number of updated asset objects reloaded before import = 0
Number of asset objects unloaded after import = 1
========================================================================
Received Import Request.
  Time since last request: 0.000019 seconds.
  path: Assets/JapaneseSchool/Scenes/Demo/Lightmap-5_comp_light.exr
  artifactKey: Guid(f6385d2ed6adbb640be90cb9e3c35271) Importer(2089858483,0ecaa5967403d082aa24f35e1b516d23)
Start importing Assets/JapaneseSchool/Scenes/Demo/Lightmap-5_comp_light.exr using Guid(f6385d2ed6adbb640be90cb9e3c35271) Importer(2089858483,0ecaa5967403d082aa24f35e1b516d23)  -> (artifact id: 'de5ee7f53a48b88ec9b2edc5af6bb4d5') in 0.025595 seconds
Number of updated asset objects reloaded before import = 0
Number of asset objects unloaded after import = 1
========================================================================
Received Import Request.
  Time since last request: 0.000094 seconds.
  path: Assets/JapaneseSchool/Scenes/Demo/Lightmap-22_comp_dir.png
  artifactKey: Guid(0446769fac820014ab6a021d57ece9f2) Importer(2089858483,0ecaa5967403d082aa24f35e1b516d23)
Start importing Assets/JapaneseSchool/Scenes/Demo/Lightmap-22_comp_dir.png using Guid(0446769fac820014ab6a021d57ece9f2) Importer(2089858483,0ecaa5967403d082aa24f35e1b516d23)  -> (artifact id: 'd1132bf45ea5f25517effcc54654f388') in 0.024383 seconds
Number of updated asset objects reloaded before import = 0
Number of asset objects unloaded after import = 1
========================================================================
Received Import Request.
  Time since last request: 0.000108 seconds.
  path: Assets/JapaneseSchool/Scenes/Demo/ReflectionProbe-33.exr
  artifactKey: Guid(3e5f2db384ffdb142a77392553be1a11) Importer(2089858483,0ecaa5967403d082aa24f35e1b516d23)
Start importing Assets/JapaneseSchool/Scenes/Demo/ReflectionProbe-33.exr using Guid(3e5f2db384ffdb142a77392553be1a11) Importer(2089858483,0ecaa5967403d082aa24f35e1b516d23)  -> (artifact id: '9bbc0c32dcbf166ee32b649b2875a53b') in 0.030271 seconds
Number of updated asset objects reloaded before import = 0
Number of asset objects unloaded after import = 1
========================================================================
Received Import Request.
  Time since last request: 0.000059 seconds.
  path: Assets/JapaneseSchool/Shader/Foliage.shadergraph
  artifactKey: Guid(94ff54acea548de4689a03f12828315e) Importer(2089858483,0ecaa5967403d082aa24f35e1b516d23)
Start importing Assets/JapaneseSchool/Shader/Foliage.shadergraph using Guid(94ff54acea548de4689a03f12828315e) Importer(2089858483,0ecaa5967403d082aa24f35e1b516d23)  -> (artifact id: '68a463a0315ba23971f04a634f11e07b') in 0.026734 seconds
Number of updated asset objects reloaded before import = 0
Number of asset objects unloaded after import = 4
========================================================================
Received Import Request.
  Time since last request: 0.000024 seconds.
  path: Assets/JapaneseSchool/Materials/Bark_A.mat
  artifactKey: Guid(42ab1e69d6d8bbd4cb9c57b00e8ff241) Importer(2089858483,0ecaa5967403d082aa24f35e1b516d23)
Start importing Assets/JapaneseSchool/Materials/Bark_A.mat using Guid(42ab1e69d6d8bbd4cb9c57b00e8ff241) Importer(2089858483,0ecaa5967403d082aa24f35e1b516d23)  -> (artifact id: '3518602035754471f215b82742c837e5') in 0.025465 seconds
Number of updated asset objects reloaded before import = 0
Number of asset objects unloaded after import = 6
========================================================================
Received Import Request.
  Time since last request: 0.000017 seconds.
  path: Assets/JapaneseSchool/Volumes/Box Volume Profile.asset
  artifactKey: Guid(16c90c799c3249e4fa34001cf1f7637d) Importer(2089858483,0ecaa5967403d082aa24f35e1b516d23)
Start importing Assets/JapaneseSchool/Volumes/Box Volume Profile.asset using Guid(16c90c799c3249e4fa34001cf1f7637d) Importer(2089858483,0ecaa5967403d082aa24f35e1b516d23)  -> (artifact id: '49f0c2393e5e62ca1f2e3a2e9a1ba572') in 0.017271 seconds
Number of updated asset objects reloaded before import = 0
Number of asset objects unloaded after import = 4
Editor requested this worker to shutdown with reason: Scaling down because of idle timeout
TcpMessagingSession - receive error
AssetImportWorkerClient::OnTransportError - code=2 error=End of file
AssetImportWorker is now disconnected from the server
Process exiting
Exiting without the bug reporter. Application will terminate with return code 0