Using pre-set license
Built from '2022.3/staging' branch; Version is '2022.3.3f1 (7cdc2969a641) revision 8182825'; Using compiler version '192829333'; Build Type 'Release'
OS: 'Windows 11  (10.0.22631) 64bit Professional' Language: 'en' Physical Memory: 65156 MB
BatchMode: 1, IsHumanControllingUs: 0, StartBugReporterOnCrash: 0, Is64bit: 1, IsPro: 1

COMMAND LINE ARGUMENTS:
C:\Program Files\Unity\Hub\Editor\2022.3.3f1\Editor\Unity.exe
-adb2
-batchMode
-noUpm
-name
AssetImportWorker25
-projectPath
G:/Unity Projects/InsightXR
-logFile
Logs/AssetImportWorker25.log
-srvPort
53780
Successfully changed project path to: G:/Unity Projects/InsightXR
G:/Unity Projects/InsightXR
[UnityMemory] Configuration Parameters - Can be set up in boot.config
    "memorysetup-bucket-allocator-granularity=16"
    "memorysetup-bucket-allocator-bucket-count=8"
    "memorysetup-bucket-allocator-block-size=33554432"
    "memorysetup-bucket-allocator-block-count=8"
    "memorysetup-main-allocator-block-size=16777216"
    "memorysetup-thread-allocator-block-size=16777216"
    "memorysetup-gfx-main-allocator-block-size=16777216"
    "memorysetup-gfx-thread-allocator-block-size=16777216"
    "memorysetup-cache-allocator-block-size=4194304"
    "memorysetup-typetree-allocator-block-size=2097152"
    "memorysetup-profiler-bucket-allocator-granularity=16"
    "memorysetup-profiler-bucket-allocator-bucket-count=8"
    "memorysetup-profiler-bucket-allocator-block-size=33554432"
    "memorysetup-profiler-bucket-allocator-block-count=8"
    "memorysetup-profiler-allocator-block-size=16777216"
    "memorysetup-profiler-editor-allocator-block-size=1048576"
    "memorysetup-temp-allocator-size-main=16777216"
    "memorysetup-job-temp-allocator-block-size=2097152"
    "memorysetup-job-temp-allocator-block-size-background=1048576"
    "memorysetup-job-temp-allocator-reduction-small-platforms=262144"
    "memorysetup-allocator-temp-initial-block-size-main=262144"
    "memorysetup-allocator-temp-initial-block-size-worker=262144"
    "memorysetup-temp-allocator-size-background-worker=32768"
    "memorysetup-temp-allocator-size-job-worker=262144"
    "memorysetup-temp-allocator-size-preload-manager=33554432"
    "memorysetup-temp-allocator-size-nav-mesh-worker=65536"
    "memorysetup-temp-allocator-size-audio-worker=65536"
    "memorysetup-temp-allocator-size-cloud-worker=32768"
    "memorysetup-temp-allocator-size-gi-baking-worker=262144"
    "memorysetup-temp-allocator-size-gfx=262144"
Player connection [44540] Host "[IP] 10.164.100.114 [Port] 0 [Flags] 2 [Guid] 860866329 [EditorId] 860866329 [Version] 1048832 [Id] WindowsEditor(7,PratyushPC) [Debug] 1 [PackageName] WindowsEditor [ProjectName] Editor" joined multi-casting on [225.0.0.222:54997]...

Player connection [44540] Host "[IP] 10.164.100.114 [Port] 0 [Flags] 2 [Guid] 860866329 [EditorId] 860866329 [Version] 1048832 [Id] WindowsEditor(7,PratyushPC) [Debug] 1 [PackageName] WindowsEditor [ProjectName] Editor" joined alternative multi-casting on [225.0.0.222:34997]...

Refreshing native plugins compatible for Editor in 15.46 ms, found 9 plugins.
Preloading 0 native plugins for Editor in 0.00 ms.
Initialize engine version: 2022.3.3f1 (7cdc2969a641)
[Subsystems] Discovering subsystems at path C:/Program Files/Unity/Hub/Editor/2022.3.3f1/Editor/Data/Resources/UnitySubsystems
[Subsystems] Discovering subsystems at path G:/Unity Projects/InsightXR/Assets
GfxDevice: creating device client; threaded=0; jobified=0
Direct3D:
    Version:  Direct3D 11.0 [level 11.1]
    Renderer: NVIDIA GeForce RTX 3060 Laptop GPU (ID=0x2520)
    Vendor:   NVIDIA
    VRAM:     5996 MB
    Driver:   31.0.15.5186
Initialize mono
Mono path[0] = 'C:/Program Files/Unity/Hub/Editor/2022.3.3f1/Editor/Data/Managed'
Mono path[1] = 'C:/Program Files/Unity/Hub/Editor/2022.3.3f1/Editor/Data/MonoBleedingEdge/lib/mono/unityjit-win32'
Mono config path = 'C:/Program Files/Unity/Hub/Editor/2022.3.3f1/Editor/Data/MonoBleedingEdge/etc'
Using monoOptions --debugger-agent=transport=dt_socket,embedding=1,server=y,suspend=n,address=127.0.0.1:56340
Begin MonoManager ReloadAssembly
Registering precompiled unity dll's ...
Register platform support module: C:/Program Files/Unity/Hub/Editor/2022.3.3f1/Editor/Data/PlaybackEngines/WebGLSupport/UnityEditor.WebGL.Extensions.dll
Register platform support module: C:/Program Files/Unity/Hub/Editor/2022.3.3f1/Editor/Data/PlaybackEngines/MacStandaloneSupport/UnityEditor.OSXStandalone.Extensions.dll
Register platform support module: C:/Program Files/Unity/Hub/Editor/2022.3.3f1/Editor/Data/PlaybackEngines/AndroidPlayer/UnityEditor.Android.Extensions.dll
Register platform support module: C:/Program Files/Unity/Hub/Editor/2022.3.3f1/Editor/Data/PlaybackEngines/iOSSupport/UnityEditor.iOS.Extensions.dll
Register platform support module: C:/Program Files/Unity/Hub/Editor/2022.3.3f1/Editor/Data/PlaybackEngines/WindowsStandaloneSupport/UnityEditor.WindowsStandalone.Extensions.dll
Registered in 0.009572 seconds.
- Loaded All Assemblies, in  0.297 seconds
Native extension for WindowsStandalone target not found
Native extension for iOS target not found
Native extension for Android target not found
Android Extension - Scanning For ADB Devices 238 ms
Native extension for OSXStandalone target not found
Native extension for WebGL target not found
Mono: successfully reloaded assembly
- Finished resetting the current domain, in  0.506 seconds
Domain Reload Profiling: 802ms
	BeginReloadAssembly (75ms)
		ExecutionOrderSort (0ms)
		DisableScriptedObjects (0ms)
		BackupInstance (0ms)
		ReleaseScriptingObjects (0ms)
		CreateAndSetChildDomain (1ms)
	RebuildCommonClasses (25ms)
	RebuildNativeTypeToScriptingClass (11ms)
	initialDomainReloadingComplete (49ms)
	LoadAllAssembliesAndSetupDomain (135ms)
		LoadAssemblies (74ms)
		RebuildTransferFunctionScriptingTraits (0ms)
		AnalyzeDomain (129ms)
			TypeCache.Refresh (129ms)
				TypeCache.ScanAssembly (120ms)
			ScanForSourceGeneratedMonoScriptInfo (0ms)
			ResolveRequiredComponents (0ms)
	FinalizeReload (506ms)
		ReleaseScriptCaches (0ms)
		RebuildScriptCaches (0ms)
		SetupLoadedEditorAssemblies (458ms)
			LogAssemblyErrors (0ms)
			InitializePlatformSupportModulesInManaged (342ms)
			SetLoadedEditorAssemblies (2ms)
			RefreshPlugins (0ms)
			BeforeProcessingInitializeOnLoad (1ms)
			ProcessInitializeOnLoadAttributes (74ms)
			ProcessInitializeOnLoadMethodAttributes (39ms)
			AfterProcessingInitializeOnLoad (0ms)
			EditorAssembliesLoaded (0ms)
		ExecutionOrderSort2 (0ms)
		AwakeInstancesAfterBackupRestoration (0ms)
========================================================================
Worker process is ready to serve import requests
Begin MonoManager ReloadAssembly
- Loaded All Assemblies, in  0.668 seconds
Refreshing native plugins compatible for Editor in 8.76 ms, found 9 plugins.
Native extension for WindowsStandalone target not found
Native extension for iOS target not found
Native extension for Android target not found
Native extension for OSXStandalone target not found
Native extension for WebGL target not found
Package Manager log level set to [2]
[Package Manager] Server::EnsureServerProcessIsRunning -- launch failed, reason: Unity was launched with the -noUpm command-line argument
[Package Manager] UpmClient::Send -- Unable to send message (not connected to UPM process).
[Package Manager] Cannot connect to Unity Package Manager local server
[Package Manager] Server::EnsureServerProcessIsRunning -- launch failed, reason: Unity was launched with the -noUpm command-line argument
[Package Manager] UpmClient::Send -- Unable to send message (not connected to UPM process).
[Package Manager] Cannot connect to Unity Package Manager local server
Mono: successfully reloaded assembly
[Package Manager] Server::EnsureServerProcessIsRunning -- launch failed, reason: Unity was launched with the -noUpm command-line argument
[Package Manager] UpmClient::Send -- Unable to send message (not connected to UPM process).
[Package Manager] Cannot connect to Unity Package Manager local server
[Package Manager] Server::EnsureServerProcessIsRunning -- launch failed, reason: Unity was launched with the -noUpm command-line argument
[Package Manager] UpmClient::Send -- Unable to send message (not connected to UPM process).
[Package Manager] Cannot connect to Unity Package Manager local server
- Finished resetting the current domain, in  0.609 seconds
Domain Reload Profiling: 1276ms
	BeginReloadAssembly (99ms)
		ExecutionOrderSort (0ms)
		DisableScriptedObjects (5ms)
		BackupInstance (0ms)
		ReleaseScriptingObjects (0ms)
		CreateAndSetChildDomain (16ms)
	RebuildCommonClasses (24ms)
	RebuildNativeTypeToScriptingClass (8ms)
	initialDomainReloadingComplete (33ms)
	LoadAllAssembliesAndSetupDomain (502ms)
		LoadAssemblies (244ms)
		RebuildTransferFunctionScriptingTraits (0ms)
		AnalyzeDomain (307ms)
			TypeCache.Refresh (275ms)
				TypeCache.ScanAssembly (263ms)
			ScanForSourceGeneratedMonoScriptInfo (22ms)
			ResolveRequiredComponents (9ms)
	FinalizeReload (609ms)
		ReleaseScriptCaches (0ms)
		RebuildScriptCaches (0ms)
		SetupLoadedEditorAssemblies (474ms)
			LogAssemblyErrors (0ms)
			InitializePlatformSupportModulesInManaged (30ms)
			SetLoadedEditorAssemblies (3ms)
			RefreshPlugins (0ms)
			BeforeProcessingInitializeOnLoad (66ms)
			ProcessInitializeOnLoadAttributes (281ms)
			ProcessInitializeOnLoadMethodAttributes (86ms)
			AfterProcessingInitializeOnLoad (8ms)
			EditorAssembliesLoaded (0ms)
		ExecutionOrderSort2 (0ms)
		AwakeInstancesAfterBackupRestoration (6ms)
Launched and connected shader compiler UnityShaderCompiler.exe after 0.03 seconds
Refreshing native plugins compatible for Editor in 6.89 ms, found 9 plugins.
Preloading 0 native plugins for Editor in 0.00 ms.
Unloading 6354 Unused Serialized files (Serialized files now loaded: 0)
Unloading 123 unused Assets / (0.8 MB). Loaded Objects now: 6810.
Memory consumption went from 251.7 MB to 250.9 MB.
Total: 3.560700 ms (FindLiveObjects: 0.315900 ms CreateObjectMapping: 0.199500 ms MarkObjects: 2.742300 ms  DeleteObjects: 0.302300 ms)

AssetImportParameters requested are different than current active one (requested -> active):
  custom:container-demuxer-ogg: 62fdf1f143b41e24485cea50d1cbac27 -> 
  custom:video-codec-MediaFoundation-h265: 746d11721c4dcdbdad8f713fa42b33f4 -> 
  custom:video-decoder-ogg-theora: a1e56fd34408186e4bbccfd4996cb3dc -> 
  custom:framework-win-MediaFoundation: 216162199b28c13a410421893ffa2e32 -> 
  custom:container-demuxer-webm: 4f35f7cbe854078d1ac9338744f61a02 -> 
  custom:container-muxer-webm: aa71ff27fc2769a1b78a27578f13a17b -> 
  custom:video-decoder-webm-vp8: 9c59270c3fd7afecdb556c50c9e8de78 -> 
  custom:SearchIndexIgnoredProperties: e643bd26f0fe6173181afceb89e7c659 -> 
  custom:AudioImporter_EditorPlatform: d09bf68614088b80899f8185d706f6e7 -> 
  custom:video-encoder-webm-vp8: eb34c28f22e8b96e1ab97ce403110664 -> 
  custom:audio-decoder-ogg-vorbis: bf7c407c2cedff20999df2af8eb42d56 -> 
  custom:audio-encoder-webm-vorbis: bf7c407c2cedff20999df2af8eb42d56 -> 
========================================================================
Received Import Request.
  Time since last request: 194998.221186 seconds.
  path: Assets/Settings/URP-Performant.asset
  artifactKey: Guid(d0e2fc18fe036412f8223b3b3d9ad574) Importer(2089858483,0ecaa5967403d082aa24f35e1b516d23)
Start importing Assets/Settings/URP-Performant.asset using Guid(d0e2fc18fe036412f8223b3b3d9ad574) Importer(2089858483,0ecaa5967403d082aa24f35e1b516d23)  -> (artifact id: '6a3fead87423514d1bbb47d30102daed') in 0.198283 seconds
Number of updated asset objects reloaded before import = 0
Number of asset objects unloaded after import = 2
========================================================================
Received Import Request.
  Time since last request: 0.000017 seconds.
  path: Assets/TextMesh Pro/Fonts/LiberationSans.ttf
  artifactKey: Guid(e3265ab4bf004d28a9537516768c1c75) Importer(2089858483,0ecaa5967403d082aa24f35e1b516d23)
Start importing Assets/TextMesh Pro/Fonts/LiberationSans.ttf using Guid(e3265ab4bf004d28a9537516768c1c75) Importer(2089858483,0ecaa5967403d082aa24f35e1b516d23)  -> (artifact id: '936774008396d073c7ed90adf0f867c6') in 0.034260 seconds
Number of updated asset objects reloaded before import = 0
Number of asset objects unloaded after import = 3
========================================================================
Received Import Request.
  Time since last request: 0.000043 seconds.
  path: Assets/TextMesh Pro/Shaders/TMP_SDF-Surface.shader
  artifactKey: Guid(f7ada0af4f174f0694ca6a487b8f543d) Importer(2089858483,0ecaa5967403d082aa24f35e1b516d23)
Start importing Assets/TextMesh Pro/Shaders/TMP_SDF-Surface.shader using Guid(f7ada0af4f174f0694ca6a487b8f543d) Importer(2089858483,0ecaa5967403d082aa24f35e1b516d23)  -> (artifact id: 'f3c45984cc429ef74bc5fd8d3e60c91c') in 0.018133 seconds
Number of updated asset objects reloaded before import = 0
Number of asset objects unloaded after import = 1
========================================================================
Received Import Request.
  Time since last request: 0.000102 seconds.
  path: Assets/TextMesh Pro/Shaders/TMPro_Mobile.cginc
  artifactKey: Guid(c334973cef89a9840b0b0c507e0377ab) Importer(2089858483,0ecaa5967403d082aa24f35e1b516d23)
Start importing Assets/TextMesh Pro/Shaders/TMPro_Mobile.cginc using Guid(c334973cef89a9840b0b0c507e0377ab) Importer(2089858483,0ecaa5967403d082aa24f35e1b516d23)  -> (artifact id: 'e2e79f29ccad69e2ac76ac4a351cfa67') in 0.013126 seconds
Number of updated asset objects reloaded before import = 0
Number of asset objects unloaded after import = 1
========================================================================
Received Import Request.
  Time since last request: 0.000137 seconds.
  path: Assets/TextMesh Pro/Shaders/TMP_SDF-Mobile SSD.shader
  artifactKey: Guid(c8d12adcee749c344b8117cf7c7eb912) Importer(2089858483,0ecaa5967403d082aa24f35e1b516d23)
Start importing Assets/TextMesh Pro/Shaders/TMP_SDF-Mobile SSD.shader using Guid(c8d12adcee749c344b8117cf7c7eb912) Importer(2089858483,0ecaa5967403d082aa24f35e1b516d23)  -> (artifact id: 'ba1db2da88f644b547272e785cead4a3') in 0.016007 seconds
Number of updated asset objects reloaded before import = 0
Number of asset objects unloaded after import = 1
========================================================================
Received Import Request.
  Time since last request: 0.000017 seconds.
  path: Assets/TextMesh Pro/Shaders
  artifactKey: Guid(e9f693669af91aa45ad615fc681ed29f) Importer(2089858483,0ecaa5967403d082aa24f35e1b516d23)
Start importing Assets/TextMesh Pro/Shaders using Guid(e9f693669af91aa45ad615fc681ed29f) Importer(2089858483,0ecaa5967403d082aa24f35e1b516d23)  -> (artifact id: '357a96940c342658bb22a9300306a014') in 0.011832 seconds
Number of updated asset objects reloaded before import = 0
Number of asset objects unloaded after import = 1
========================================================================
Received Import Request.
  Time since last request: 0.000119 seconds.
  path: Assets/TextMesh Pro/Fonts/LiberationSans - OFL.txt
  artifactKey: Guid(6e59c59b81ab47f9b6ec5781fa725d2c) Importer(2089858483,0ecaa5967403d082aa24f35e1b516d23)
Start importing Assets/TextMesh Pro/Fonts/LiberationSans - OFL.txt using Guid(6e59c59b81ab47f9b6ec5781fa725d2c) Importer(2089858483,0ecaa5967403d082aa24f35e1b516d23)  -> (artifact id: 'a74ae36e981ce91b56fea584167c9f82') in 0.014037 seconds
Number of updated asset objects reloaded before import = 0
Number of asset objects unloaded after import = 1
========================================================================
Received Import Request.
  Time since last request: 0.000063 seconds.
  path: Assets/TextMesh Pro/Shaders/TMP_SDF-Surface-Mobile.shader
  artifactKey: Guid(85187c2149c549c5b33f0cdb02836b17) Importer(2089858483,0ecaa5967403d082aa24f35e1b516d23)
Start importing Assets/TextMesh Pro/Shaders/TMP_SDF-Surface-Mobile.shader using Guid(85187c2149c549c5b33f0cdb02836b17) Importer(2089858483,0ecaa5967403d082aa24f35e1b516d23)  -> (artifact id: 'f731e1139e91f770cda4801ed1abc07d') in 0.018572 seconds
Number of updated asset objects reloaded before import = 0
Number of asset objects unloaded after import = 1
========================================================================
Received Import Request.
  Time since last request: 37.354903 seconds.
  path: Assets/JapaneseSchool/Meshes/Bush_A.fbx
  artifactKey: Guid(bf581c4a8fd3b2e4ca186a36e0cf2eeb) Importer(815301076,1909f56bfc062723c751e8b465ee728b)
Start importing Assets/JapaneseSchool/Meshes/Bush_A.fbx using Guid(bf581c4a8fd3b2e4ca186a36e0cf2eeb) Importer(815301076,1909f56bfc062723c751e8b465ee728b)  -> (artifact id: '923335124f1dc675e417e04781de0d05') in 0.004349 seconds
Number of updated asset objects reloaded before import = 0
Number of asset objects unloaded after import = 6
========================================================================
Received Import Request.
  Time since last request: 0.000026 seconds.
  path: Assets/JapaneseSchool/Meshes/Desk_A.fbx
  artifactKey: Guid(64ed49d66c329b84ab550c9febd3134f) Importer(815301076,1909f56bfc062723c751e8b465ee728b)
Start importing Assets/JapaneseSchool/Meshes/Desk_A.fbx using Guid(64ed49d66c329b84ab550c9febd3134f) Importer(815301076,1909f56bfc062723c751e8b465ee728b)  -> (artifact id: '8877724662265d42b592eb46a511679a') in 0.002422 seconds
Number of updated asset objects reloaded before import = 0
Number of asset objects unloaded after import = 14
========================================================================
Received Import Request.
  Time since last request: 0.000124 seconds.
  path: Assets/JapaneseSchool/Meshes/Curb_A.fbx
  artifactKey: Guid(fbeed8bb836ebab4697f64615d7ba822) Importer(815301076,1909f56bfc062723c751e8b465ee728b)
Start importing Assets/JapaneseSchool/Meshes/Curb_A.fbx using Guid(fbeed8bb836ebab4697f64615d7ba822) Importer(815301076,1909f56bfc062723c751e8b465ee728b)  -> (artifact id: '2b38352980888ba9220bd46bce5c334c') in 0.001083 seconds
Number of updated asset objects reloaded before import = 0
Number of asset objects unloaded after import = 6
========================================================================
Received Import Request.
  Time since last request: 0.000011 seconds.
  path: Assets/JapaneseSchool/Meshes/Doorway_A.fbx
  artifactKey: Guid(4bb72463354432b4d8949045cd9ef2e3) Importer(815301076,1909f56bfc062723c751e8b465ee728b)
Start importing Assets/JapaneseSchool/Meshes/Doorway_A.fbx using Guid(4bb72463354432b4d8949045cd9ef2e3) Importer(815301076,1909f56bfc062723c751e8b465ee728b)  -> (artifact id: '5d4c8f857eca8b8765d7e6ea9e17454e') in 0.001762 seconds
Number of updated asset objects reloaded before import = 0
Number of asset objects unloaded after import = 16
========================================================================
Received Import Request.
  Time since last request: 0.000011 seconds.
  path: Assets/JapaneseSchool/Meshes/Floor_A.fbx
  artifactKey: Guid(4d2e3a7226d11794cbac561d7b11f83d) Importer(815301076,1909f56bfc062723c751e8b465ee728b)
Start importing Assets/JapaneseSchool/Meshes/Floor_A.fbx using Guid(4d2e3a7226d11794cbac561d7b11f83d) Importer(815301076,1909f56bfc062723c751e8b465ee728b)  -> (artifact id: 'f46cfed67d5f001ffe778223a49d97a8') in 0.000978 seconds
Number of updated asset objects reloaded before import = 0
Number of asset objects unloaded after import = 6
========================================================================
Received Import Request.
  Time since last request: 0.000011 seconds.
  path: Assets/JapaneseSchool/Meshes/Trim_A_1.fbx
  artifactKey: Guid(180efd7c87f5a434d935813853373fbd) Importer(815301076,1909f56bfc062723c751e8b465ee728b)
Start importing Assets/JapaneseSchool/Meshes/Trim_A_1.fbx using Guid(180efd7c87f5a434d935813853373fbd) Importer(815301076,1909f56bfc062723c751e8b465ee728b)  -> (artifact id: '7f2f0199a010231be1256a2db031fb92') in 0.001089 seconds
Number of updated asset objects reloaded before import = 0
Number of asset objects unloaded after import = 6
========================================================================
Received Import Request.
  Time since last request: 0.000212 seconds.
  path: Assets/JapaneseSchool/Meshes/Trim_A_2.fbx
  artifactKey: Guid(ab2f9ae95f84d6a45b50774a3dc4ff2d) Importer(815301076,1909f56bfc062723c751e8b465ee728b)
Start importing Assets/JapaneseSchool/Meshes/Trim_A_2.fbx using Guid(ab2f9ae95f84d6a45b50774a3dc4ff2d) Importer(815301076,1909f56bfc062723c751e8b465ee728b)  -> (artifact id: 'c02c29d64eeb4efb1aebd5d1c7f2c494') in 0.001346 seconds
Number of updated asset objects reloaded before import = 0
Number of asset objects unloaded after import = 6
========================================================================
Received Import Request.
  Time since last request: 0.000122 seconds.
  path: Assets/JapaneseSchool/Meshes/Window_G.fbx
  artifactKey: Guid(e63a97cd1701d3042a3ddd0d4370dfda) Importer(815301076,1909f56bfc062723c751e8b465ee728b)
Start importing Assets/JapaneseSchool/Meshes/Window_G.fbx using Guid(e63a97cd1701d3042a3ddd0d4370dfda) Importer(815301076,1909f56bfc062723c751e8b465ee728b)  -> (artifact id: 'e27d3ee990d444c3b0f860f53996b20e') in 0.002003 seconds
Number of updated asset objects reloaded before import = 0
Number of asset objects unloaded after import = 16
========================================================================
Received Import Request.
  Time since last request: 25.740397 seconds.
  path: Assets/JapaneseSchool/Scenes/Demo/Lightmap-18_comp_light.exr
  artifactKey: Guid(ae6f5aed8b451f34da6cea05cb1deed6) Importer(2089858483,0ecaa5967403d082aa24f35e1b516d23)
Start importing Assets/JapaneseSchool/Scenes/Demo/Lightmap-18_comp_light.exr using Guid(ae6f5aed8b451f34da6cea05cb1deed6) Importer(2089858483,0ecaa5967403d082aa24f35e1b516d23)  -> (artifact id: '308a5ff973c652deffa640872dd7993b') in 0.059345 seconds
Number of updated asset objects reloaded before import = 0
Number of asset objects unloaded after import = 1
========================================================================
Received Import Request.
  Time since last request: 0.445724 seconds.
  path: Assets/JapaneseSchool/Scenes/Demo/Lightmap-13_comp_dir.png
  artifactKey: Guid(6e8ce0ab78d206a4795e91465b292448) Importer(2089858483,0ecaa5967403d082aa24f35e1b516d23)
Start importing Assets/JapaneseSchool/Scenes/Demo/Lightmap-13_comp_dir.png using Guid(6e8ce0ab78d206a4795e91465b292448) Importer(2089858483,0ecaa5967403d082aa24f35e1b516d23)  -> (artifact id: '4310082ff905ce69b74ddcd5b12724d5') in 0.028827 seconds
Number of updated asset objects reloaded before import = 0
Number of asset objects unloaded after import = 1
========================================================================
Received Import Request.
  Time since last request: 9.494058 seconds.
  path: Assets/JapaneseSchool/Materials/Grass_A.mat
  artifactKey: Guid(872ad1aa69d2ec840bdc96d17b11ae58) Importer(2089858483,0ecaa5967403d082aa24f35e1b516d23)
Start importing Assets/JapaneseSchool/Materials/Grass_A.mat using Guid(872ad1aa69d2ec840bdc96d17b11ae58) Importer(2089858483,0ecaa5967403d082aa24f35e1b516d23)  -> (artifact id: '556db3f970a28589c607fce73d56570d') in 0.031198 seconds
Number of updated asset objects reloaded before import = 0
Number of asset objects unloaded after import = 6
========================================================================
Received Import Request.
  Time since last request: 0.000017 seconds.
  path: Assets/JapaneseSchool/Scenes/Demo/ReflectionProbe-34.exr
  artifactKey: Guid(3c68d06a48819e94483a5b8b87ccf29d) Importer(2089858483,0ecaa5967403d082aa24f35e1b516d23)
Start importing Assets/JapaneseSchool/Scenes/Demo/ReflectionProbe-34.exr using Guid(3c68d06a48819e94483a5b8b87ccf29d) Importer(2089858483,0ecaa5967403d082aa24f35e1b516d23)  -> (artifact id: 'e8f3e6c34738a81c3548c7a305e48b79') in 0.025120 seconds
Number of updated asset objects reloaded before import = 0
Number of asset objects unloaded after import = 1
========================================================================
Received Import Request.
  Time since last request: 0.000025 seconds.
  path: Assets/JapaneseSchool/Scenes/Demo/Lightmap-19_comp_light.exr
  artifactKey: Guid(795e04cb7120ddb44b7da264b411936f) Importer(2089858483,0ecaa5967403d082aa24f35e1b516d23)
Start importing Assets/JapaneseSchool/Scenes/Demo/Lightmap-19_comp_light.exr using Guid(795e04cb7120ddb44b7da264b411936f) Importer(2089858483,0ecaa5967403d082aa24f35e1b516d23)  -> (artifact id: 'cd5fa3fb4d656c3316ad3e55ef8db2ef') in 0.030426 seconds
Number of updated asset objects reloaded before import = 0
Number of asset objects unloaded after import = 1
========================================================================
Received Import Request.
  Time since last request: 0.000015 seconds.
  path: Assets/JapaneseSchool/Meshes/Chair_A.fbx
  artifactKey: Guid(ed066fe65e3e72441bce69399f56d2a5) Importer(2089858483,0ecaa5967403d082aa24f35e1b516d23)
Start importing Assets/JapaneseSchool/Meshes/Chair_A.fbx using Guid(ed066fe65e3e72441bce69399f56d2a5) Importer(2089858483,0ecaa5967403d082aa24f35e1b516d23)  -> (artifact id: '83c66daece6044e9f7b5a65fa27c25fc') in 0.030991 seconds
Number of updated asset objects reloaded before import = 0
Number of asset objects unloaded after import = 15
========================================================================
Received Import Request.
  Time since last request: 0.000026 seconds.
  path: Assets/JapaneseSchool/Volumes/Sky and Fog Settings Profile.asset
  artifactKey: Guid(c03dabb06058eb841b2eb8d32d461ba6) Importer(2089858483,0ecaa5967403d082aa24f35e1b516d23)
Start importing Assets/JapaneseSchool/Volumes/Sky and Fog Settings Profile.asset using Guid(c03dabb06058eb841b2eb8d32d461ba6) Importer(2089858483,0ecaa5967403d082aa24f35e1b516d23)  -> (artifact id: 'ca2050a18ebe9948ae8e655af481ab54') in 0.017944 seconds
Number of updated asset objects reloaded before import = 0
Number of asset objects unloaded after import = 6
========================================================================
Received Import Request.
  Time since last request: 0.000073 seconds.
  path: Assets/JapaneseSchool/Scenes/Demo/Lightmap-8_comp_dir.png
  artifactKey: Guid(c26735153a97a9f4985276ca44188771) Importer(2089858483,0ecaa5967403d082aa24f35e1b516d23)
Start importing Assets/JapaneseSchool/Scenes/Demo/Lightmap-8_comp_dir.png using Guid(c26735153a97a9f4985276ca44188771) Importer(2089858483,0ecaa5967403d082aa24f35e1b516d23)  -> (artifact id: '381f8f053ee5b0190cdedc2522268586') in 0.031535 seconds
Number of updated asset objects reloaded before import = 0
Number of asset objects unloaded after import = 1
========================================================================
Received Import Request.
  Time since last request: 0.000105 seconds.
  path: Assets/JapaneseSchool/Textures/Grass_A/Grass_A_Normal.png
  artifactKey: Guid(122ada01e6e9fcc42b06d2c4af747672) Importer(2089858483,0ecaa5967403d082aa24f35e1b516d23)
Start importing Assets/JapaneseSchool/Textures/Grass_A/Grass_A_Normal.png using Guid(122ada01e6e9fcc42b06d2c4af747672) Importer(2089858483,0ecaa5967403d082aa24f35e1b516d23)  -> (artifact id: '03fb752090dd15545874a0110c5c7412') in 0.020211 seconds
Number of updated asset objects reloaded before import = 0
Number of asset objects unloaded after import = 1
========================================================================
Received Import Request.
  Time since last request: 0.000019 seconds.
  path: Assets/JapaneseSchool/Materials/Metal_A_3.mat
  artifactKey: Guid(8e158bf7bf199934c957c0ae609e3ffa) Importer(2089858483,0ecaa5967403d082aa24f35e1b516d23)
Start importing Assets/JapaneseSchool/Materials/Metal_A_3.mat using Guid(8e158bf7bf199934c957c0ae609e3ffa) Importer(2089858483,0ecaa5967403d082aa24f35e1b516d23)  -> (artifact id: 'c412549785ad349a12ba5a33076ce471') in 0.032072 seconds
Number of updated asset objects reloaded before import = 0
Number of asset objects unloaded after import = 6
========================================================================
Received Import Request.
  Time since last request: 0.000016 seconds.
  path: Assets/JapaneseSchool/Scenes/Demo/Lightmap-25_comp_light.exr
  artifactKey: Guid(2012ef84cd9203544ab0b8c25437060d) Importer(2089858483,0ecaa5967403d082aa24f35e1b516d23)
Start importing Assets/JapaneseSchool/Scenes/Demo/Lightmap-25_comp_light.exr using Guid(2012ef84cd9203544ab0b8c25437060d) Importer(2089858483,0ecaa5967403d082aa24f35e1b516d23)  -> (artifact id: '730abd45e7239a5578e7cf7a37b2aec7') in 0.020381 seconds
Number of updated asset objects reloaded before import = 0
Number of asset objects unloaded after import = 1
========================================================================
Received Import Request.
  Time since last request: 0.000022 seconds.
  path: Assets/JapaneseSchool/Textures/Grass_A/Grass_A_MaskMap.png
  artifactKey: Guid(47b6a36961746f442980b0219703c1e9) Importer(2089858483,0ecaa5967403d082aa24f35e1b516d23)
Start importing Assets/JapaneseSchool/Textures/Grass_A/Grass_A_MaskMap.png using Guid(47b6a36961746f442980b0219703c1e9) Importer(2089858483,0ecaa5967403d082aa24f35e1b516d23)  -> (artifact id: '881e019145adc65ed9b9fad287b5d353') in 0.019516 seconds
Number of updated asset objects reloaded before import = 0
Number of asset objects unloaded after import = 1
========================================================================
Received Import Request.
  Time since last request: 0.000083 seconds.
  path: Assets/JapaneseSchool/Scenes/Demo/Lightmap-18_comp_dir.png
  artifactKey: Guid(c3f0a8c12cc309b4ea945266b39582e9) Importer(2089858483,0ecaa5967403d082aa24f35e1b516d23)
Start importing Assets/JapaneseSchool/Scenes/Demo/Lightmap-18_comp_dir.png using Guid(c3f0a8c12cc309b4ea945266b39582e9) Importer(2089858483,0ecaa5967403d082aa24f35e1b516d23)  -> (artifact id: '94a0a67b550c43aa784a7e97769b4765') in 0.030036 seconds
Number of updated asset objects reloaded before import = 0
Number of asset objects unloaded after import = 1
========================================================================
Received Import Request.
  Time since last request: 0.000035 seconds.
  path: Assets/JapaneseSchool/Materials/Concrete_B.mat
  artifactKey: Guid(cb6c4e0955d9ecd42979cb8db066a653) Importer(2089858483,0ecaa5967403d082aa24f35e1b516d23)
Start importing Assets/JapaneseSchool/Materials/Concrete_B.mat using Guid(cb6c4e0955d9ecd42979cb8db066a653) Importer(2089858483,0ecaa5967403d082aa24f35e1b516d23)  -> (artifact id: 'da1c56a8dc71b8a5632bd38e73e14a9e') in 0.025847 seconds
Number of updated asset objects reloaded before import = 0
Number of asset objects unloaded after import = 6
========================================================================
Received Import Request.
  Time since last request: 0.000020 seconds.
  path: Assets/JapaneseSchool/Scenes/Demo/Lightmap-9_comp_light.exr
  artifactKey: Guid(217953c8eb046f1499d88522f59f8d5c) Importer(2089858483,0ecaa5967403d082aa24f35e1b516d23)
Start importing Assets/JapaneseSchool/Scenes/Demo/Lightmap-9_comp_light.exr using Guid(217953c8eb046f1499d88522f59f8d5c) Importer(2089858483,0ecaa5967403d082aa24f35e1b516d23)  -> (artifact id: 'af4b81a358a61b70027beca1ff259636') in 0.020738 seconds
Number of updated asset objects reloaded before import = 0
Number of asset objects unloaded after import = 1
========================================================================
Received Import Request.
  Time since last request: 0.000018 seconds.
  path: Assets/JapaneseSchool/Scenes/Demo/Lightmap-4_comp_dir.png
  artifactKey: Guid(62aa0aba41223ee48a0e94b7d408dc35) Importer(2089858483,0ecaa5967403d082aa24f35e1b516d23)
Start importing Assets/JapaneseSchool/Scenes/Demo/Lightmap-4_comp_dir.png using Guid(62aa0aba41223ee48a0e94b7d408dc35) Importer(2089858483,0ecaa5967403d082aa24f35e1b516d23)  -> (artifact id: '35f0afde8ee6e064725135b030f4731a') in 0.020946 seconds
Number of updated asset objects reloaded before import = 0
Number of asset objects unloaded after import = 1
========================================================================
Received Import Request.
  Time since last request: 0.000079 seconds.
  path: Assets/JapaneseSchool/Materials/Metal_A_2.mat
  artifactKey: Guid(dfa3668f9d760fd46acd3f0e2f21b6cb) Importer(2089858483,0ecaa5967403d082aa24f35e1b516d23)
Start importing Assets/JapaneseSchool/Materials/Metal_A_2.mat using Guid(dfa3668f9d760fd46acd3f0e2f21b6cb) Importer(2089858483,0ecaa5967403d082aa24f35e1b516d23)  -> (artifact id: 'c6779c6331f899f5d2aaa0a9bb2f4e95') in 0.021295 seconds
Number of updated asset objects reloaded before import = 0
Number of asset objects unloaded after import = 6
========================================================================
Received Import Request.
  Time since last request: 0.000014 seconds.
  path: Assets/JapaneseSchool/Scenes/Demo/LightingData.asset
  artifactKey: Guid(106ef98e4f512cd4495c5b3415f49911) Importer(2089858483,0ecaa5967403d082aa24f35e1b516d23)
Start importing Assets/JapaneseSchool/Scenes/Demo/LightingData.asset using Guid(106ef98e4f512cd4495c5b3415f49911) Importer(2089858483,0ecaa5967403d082aa24f35e1b516d23)  -> (artifact id: '88868c6529e8fd4c11fe1ac2ad436334') in 0.015467 seconds
Number of updated asset objects reloaded before import = 0
Number of asset objects unloaded after import = 2
========================================================================
Received Import Request.
  Time since last request: 0.000185 seconds.
  path: Assets/JapaneseSchool/Prefabs/Reflection Probes/Stairway Reflection Probe.prefab
  artifactKey: Guid(decd0d9037a33234b81996108bdf62a7) Importer(2089858483,0ecaa5967403d082aa24f35e1b516d23)
Start importing Assets/JapaneseSchool/Prefabs/Reflection Probes/Stairway Reflection Probe.prefab using Guid(decd0d9037a33234b81996108bdf62a7) Importer(2089858483,0ecaa5967403d082aa24f35e1b516d23)  -> (artifact id: '206369c414780ae14c3f8c2f249a3880') in 0.012482 seconds
Number of updated asset objects reloaded before import = 0
Number of asset objects unloaded after import = 7
========================================================================
Received Import Request.
  Time since last request: 0.000022 seconds.
  path: Assets/JapaneseSchool/Scenes/Demo/Lightmap-11_comp_light.exr
  artifactKey: Guid(3ae5eacf96bc0d94aa1cccb49f7118da) Importer(2089858483,0ecaa5967403d082aa24f35e1b516d23)
Start importing Assets/JapaneseSchool/Scenes/Demo/Lightmap-11_comp_light.exr using Guid(3ae5eacf96bc0d94aa1cccb49f7118da) Importer(2089858483,0ecaa5967403d082aa24f35e1b516d23)  -> (artifact id: 'c3f01ef877bd14605e98d0966cbd2260') in 0.028319 seconds
Number of updated asset objects reloaded before import = 0
Number of asset objects unloaded after import = 1
========================================================================
Received Import Request.
  Time since last request: 0.000030 seconds.
  path: Assets/JapaneseSchool/Scenes/Demo/ReflectionProbe-40.exr
  artifactKey: Guid(026a2560cc0bfea458e24d0ffec4aaa6) Importer(2089858483,0ecaa5967403d082aa24f35e1b516d23)
Start importing Assets/JapaneseSchool/Scenes/Demo/ReflectionProbe-40.exr using Guid(026a2560cc0bfea458e24d0ffec4aaa6) Importer(2089858483,0ecaa5967403d082aa24f35e1b516d23)  -> (artifact id: '2075f075bcb1294f62a40d33f3048f55') in 0.020557 seconds
Number of updated asset objects reloaded before import = 0
Number of asset objects unloaded after import = 1
========================================================================
Received Import Request.
  Time since last request: 0.000189 seconds.
  path: Assets/JapaneseSchool/Prefabs/Chair_A.prefab
  artifactKey: Guid(ded49bbb086f561449523279ffa5b639) Importer(2089858483,0ecaa5967403d082aa24f35e1b516d23)
Start importing Assets/JapaneseSchool/Prefabs/Chair_A.prefab using Guid(ded49bbb086f561449523279ffa5b639) Importer(2089858483,0ecaa5967403d082aa24f35e1b516d23)  -> (artifact id: 'b41542ab2b829858dd281c9b0d339fb9') in 0.016159 seconds
Number of updated asset objects reloaded before import = 0
Number of asset objects unloaded after import = 15
========================================================================
Received Import Request.
  Time since last request: 66.345738 seconds.
  path: Assets/JapaneseSchool/Volumes/Sky and Fog Settings Profile.asset
  artifactKey: Guid(c03dabb06058eb841b2eb8d32d461ba6) Importer(815301076,1909f56bfc062723c751e8b465ee728b)
Start importing Assets/JapaneseSchool/Volumes/Sky and Fog Settings Profile.asset using Guid(c03dabb06058eb841b2eb8d32d461ba6) Importer(815301076,1909f56bfc062723c751e8b465ee728b)  -> (artifact id: 'eeb897aa3b920d885a79b0137e674142') in 0.001242 seconds
Number of updated asset objects reloaded before import = 0
Number of asset objects unloaded after import = 6
========================================================================
Received Import Request.
  Time since last request: 3.581023 seconds.
  path: Assets/JapaneseSchool/Materials/Blackboard_A.mat
  artifactKey: Guid(68be3887736c5784eace6de0f0b99d1e) Importer(815301076,1909f56bfc062723c751e8b465ee728b)
Start importing Assets/JapaneseSchool/Materials/Blackboard_A.mat using Guid(68be3887736c5784eace6de0f0b99d1e) Importer(815301076,1909f56bfc062723c751e8b465ee728b)  -> (artifact id: 'c37ab50d8d076c5910917f82ae96b39a') in 0.001867 seconds
Number of updated asset objects reloaded before import = 0
Number of asset objects unloaded after import = 2
========================================================================
Received Import Request.
  Time since last request: 0.001904 seconds.
  path: Assets/JapaneseSchool/Materials/Concrete_A.mat
  artifactKey: Guid(ef9fccedae2295f4f873e24b951fa4ae) Importer(815301076,1909f56bfc062723c751e8b465ee728b)
Start importing Assets/JapaneseSchool/Materials/Concrete_A.mat using Guid(ef9fccedae2295f4f873e24b951fa4ae) Importer(815301076,1909f56bfc062723c751e8b465ee728b)  -> (artifact id: '1d0245e003048e0d6c5ac36ddaf351cd') in 0.001801 seconds
Number of updated asset objects reloaded before import = 0
Number of asset objects unloaded after import = 2
========================================================================
Received Import Request.
  Time since last request: 0.000012 seconds.
  path: Assets/JapaneseSchool/Materials/Brick_C.mat
  artifactKey: Guid(d5d6f00e20d004d469a1563850f819f5) Importer(815301076,1909f56bfc062723c751e8b465ee728b)
Start importing Assets/JapaneseSchool/Materials/Brick_C.mat using Guid(d5d6f00e20d004d469a1563850f819f5) Importer(815301076,1909f56bfc062723c751e8b465ee728b)  -> (artifact id: '2faedbf9fbbdfefec7c48e1fd2a2316a') in 0.002007 seconds
Number of updated asset objects reloaded before import = 0
Number of asset objects unloaded after import = 2
========================================================================
Received Import Request.
  Time since last request: 0.021164 seconds.
  path: Assets/JapaneseSchool/Materials/Grass_A.mat
  artifactKey: Guid(872ad1aa69d2ec840bdc96d17b11ae58) Importer(815301076,1909f56bfc062723c751e8b465ee728b)
Start importing Assets/JapaneseSchool/Materials/Grass_A.mat using Guid(872ad1aa69d2ec840bdc96d17b11ae58) Importer(815301076,1909f56bfc062723c751e8b465ee728b)  -> (artifact id: 'ee276a6b5ea04671130b439404fd6872') in 0.002772 seconds
Number of updated asset objects reloaded before import = 0
Number of asset objects unloaded after import = 2
========================================================================
Received Import Request.
  Time since last request: 0.000012 seconds.
  path: Assets/JapaneseSchool/Materials/Metal_A.mat
  artifactKey: Guid(fc9dbb6ccad928243a4d9ae9f94d32b0) Importer(815301076,1909f56bfc062723c751e8b465ee728b)
Start importing Assets/JapaneseSchool/Materials/Metal_A.mat using Guid(fc9dbb6ccad928243a4d9ae9f94d32b0) Importer(815301076,1909f56bfc062723c751e8b465ee728b)  -> (artifact id: '5a7ed085fdf9c1ab324e1c5414f8b4ae') in 0.002269 seconds
Number of updated asset objects reloaded before import = 0
Number of asset objects unloaded after import = 2
========================================================================
Received Import Request.
  Time since last request: 0.000011 seconds.
  path: Assets/JapaneseSchool/Materials/Plants_A.mat
  artifactKey: Guid(9645e83efce836649a93864b8aa13588) Importer(815301076,1909f56bfc062723c751e8b465ee728b)
Start importing Assets/JapaneseSchool/Materials/Plants_A.mat using Guid(9645e83efce836649a93864b8aa13588) Importer(815301076,1909f56bfc062723c751e8b465ee728b)  -> (artifact id: '3e793f55f352ed0158e52000e86a0489') in 0.001680 seconds
Number of updated asset objects reloaded before import = 0
Number of asset objects unloaded after import = 2
========================================================================
Received Import Request.
  Time since last request: 1.202916 seconds.
  path: Assets/JapaneseSchool/Meshes/Desk_A.fbx
  artifactKey: Guid(64ed49d66c329b84ab550c9febd3134f) Importer(815301076,1909f56bfc062723c751e8b465ee728b)
Start importing Assets/JapaneseSchool/Meshes/Desk_A.fbx using Guid(64ed49d66c329b84ab550c9febd3134f) Importer(815301076,1909f56bfc062723c751e8b465ee728b)  -> (artifact id: 'be4f7dfe76dfadc27058b81eed0c1316') in 0.003222 seconds
Number of updated asset objects reloaded before import = 0
Number of asset objects unloaded after import = 14
========================================================================
Received Import Request.
  Time since last request: 2.694680 seconds.
  path: Assets/JapaneseSchool/Prefabs/Bush_A.prefab
  artifactKey: Guid(a151c16dd44972946b4d2471a71259e0) Importer(815301076,1909f56bfc062723c751e8b465ee728b)
Start importing Assets/JapaneseSchool/Prefabs/Bush_A.prefab using Guid(a151c16dd44972946b4d2471a71259e0) Importer(815301076,1909f56bfc062723c751e8b465ee728b)  -> (artifact id: 'abab3d51d7b86c8c840704a5d1a5855d') in 0.001165 seconds
Number of updated asset objects reloaded before import = 0
Number of asset objects unloaded after import = 6
========================================================================
Received Import Request.
  Time since last request: 0.000142 seconds.
  path: Assets/JapaneseSchool/Prefabs/Doorway_B.prefab
  artifactKey: Guid(e6f76fbb3eaea0c4baf2ee0b26a820e1) Importer(815301076,1909f56bfc062723c751e8b465ee728b)
Start importing Assets/JapaneseSchool/Prefabs/Doorway_B.prefab using Guid(e6f76fbb3eaea0c4baf2ee0b26a820e1) Importer(815301076,1909f56bfc062723c751e8b465ee728b)  -> (artifact id: '2529de0e639cfa06aee5e9be024506ae') in 0.001107 seconds
Number of updated asset objects reloaded before import = 0
Number of asset objects unloaded after import = 7
========================================================================
Received Import Request.
  Time since last request: 0.000041 seconds.
  path: Assets/JapaneseSchool/Prefabs/Chair_A.prefab
  artifactKey: Guid(ded49bbb086f561449523279ffa5b639) Importer(815301076,1909f56bfc062723c751e8b465ee728b)
Start importing Assets/JapaneseSchool/Prefabs/Chair_A.prefab using Guid(ded49bbb086f561449523279ffa5b639) Importer(815301076,1909f56bfc062723c751e8b465ee728b)  -> (artifact id: 'c60dbc45452b613cdc8f4891f09a0cc2') in 0.001829 seconds
Number of updated asset objects reloaded before import = 0
Number of asset objects unloaded after import = 14
========================================================================
Received Import Request.
  Time since last request: 0.000011 seconds.
  path: Assets/JapaneseSchool/Prefabs/Pillar_A.prefab
  artifactKey: Guid(bbc280f549de2dd4abd9b39b1a79262b) Importer(815301076,1909f56bfc062723c751e8b465ee728b)
Start importing Assets/JapaneseSchool/Prefabs/Pillar_A.prefab using Guid(bbc280f549de2dd4abd9b39b1a79262b) Importer(815301076,1909f56bfc062723c751e8b465ee728b)  -> (artifact id: '8a8f9c99734caf0006ae3621ea371dff') in 0.001465 seconds
Number of updated asset objects reloaded before import = 0
Number of asset objects unloaded after import = 7
========================================================================
Received Import Request.
  Time since last request: 0.000013 seconds.
  path: Assets/JapaneseSchool/Prefabs/Fence_A.prefab
  artifactKey: Guid(aec3a8652c647684086f3033bbcc0bb0) Importer(815301076,1909f56bfc062723c751e8b465ee728b)
Start importing Assets/JapaneseSchool/Prefabs/Fence_A.prefab using Guid(aec3a8652c647684086f3033bbcc0bb0) Importer(815301076,1909f56bfc062723c751e8b465ee728b)  -> (artifact id: '0d49e3fbedc53274c6f86d808905607c') in 0.001359 seconds
Number of updated asset objects reloaded before import = 0
Number of asset objects unloaded after import = 7
========================================================================
Received Import Request.
  Time since last request: 0.000012 seconds.
  path: Assets/JapaneseSchool/Prefabs/Plant_A.prefab
  artifactKey: Guid(929f64799c205bd4eb3fe5020f20ba7b) Importer(815301076,1909f56bfc062723c751e8b465ee728b)
Start importing Assets/JapaneseSchool/Prefabs/Plant_A.prefab using Guid(929f64799c205bd4eb3fe5020f20ba7b) Importer(815301076,1909f56bfc062723c751e8b465ee728b)  -> (artifact id: '93a03be2bd6607c2393fa027eed38824') in 0.001256 seconds
Number of updated asset objects reloaded before import = 0
Number of asset objects unloaded after import = 6
========================================================================
Received Import Request.
  Time since last request: 0.000015 seconds.
  path: Assets/JapaneseSchool/Prefabs/Stair_A.prefab
  artifactKey: Guid(b52561b66296ea547b021e2393fb9452) Importer(815301076,1909f56bfc062723c751e8b465ee728b)
Start importing Assets/JapaneseSchool/Prefabs/Stair_A.prefab using Guid(b52561b66296ea547b021e2393fb9452) Importer(815301076,1909f56bfc062723c751e8b465ee728b)  -> (artifact id: '60fa474dd0827eff1d16f1c8bacba9cc') in 0.001582 seconds
Number of updated asset objects reloaded before import = 0
Number of asset objects unloaded after import = 12
========================================================================
Received Import Request.
  Time since last request: 0.000017 seconds.
  path: Assets/JapaneseSchool/Prefabs/Floor_A.prefab
  artifactKey: Guid(2439422bf28c0714387a2ea79773444c) Importer(815301076,1909f56bfc062723c751e8b465ee728b)
Start importing Assets/JapaneseSchool/Prefabs/Floor_A.prefab using Guid(2439422bf28c0714387a2ea79773444c) Importer(815301076,1909f56bfc062723c751e8b465ee728b)  -> (artifact id: '6af6dae6fb7cbb0d31aa5ad7997938e9') in 0.001260 seconds
Number of updated asset objects reloaded before import = 0
Number of asset objects unloaded after import = 7
========================================================================
Received Import Request.
  Time since last request: 0.000030 seconds.
  path: Assets/JapaneseSchool/Prefabs/Edge_A.prefab
  artifactKey: Guid(c8936b1186052d84e93fd2a2dea709a3) Importer(815301076,1909f56bfc062723c751e8b465ee728b)
Start importing Assets/JapaneseSchool/Prefabs/Edge_A.prefab using Guid(c8936b1186052d84e93fd2a2dea709a3) Importer(815301076,1909f56bfc062723c751e8b465ee728b)  -> (artifact id: 'b57cef243a3c7e0e74e006724c260f80') in 0.001267 seconds
Number of updated asset objects reloaded before import = 0
Number of asset objects unloaded after import = 7
========================================================================
Received Import Request.
  Time since last request: 0.027768 seconds.
  path: Assets/JapaneseSchool/Prefabs/Trim_B_1.prefab
  artifactKey: Guid(2714f1afe2672f24e99dd59da85bee5f) Importer(815301076,1909f56bfc062723c751e8b465ee728b)
Start importing Assets/JapaneseSchool/Prefabs/Trim_B_1.prefab using Guid(2714f1afe2672f24e99dd59da85bee5f) Importer(815301076,1909f56bfc062723c751e8b465ee728b)  -> (artifact id: 'd69e8814b75aad356dc01d7a369d86fe') in 0.001465 seconds
Number of updated asset objects reloaded before import = 0
Number of asset objects unloaded after import = 7
========================================================================
Received Import Request.
  Time since last request: 0.000012 seconds.
  path: Assets/JapaneseSchool/Prefabs/Window_C.prefab
  artifactKey: Guid(e9e42323d3419c74e802efc650d27b38) Importer(815301076,1909f56bfc062723c751e8b465ee728b)
Start importing Assets/JapaneseSchool/Prefabs/Window_C.prefab using Guid(e9e42323d3419c74e802efc650d27b38) Importer(815301076,1909f56bfc062723c751e8b465ee728b)  -> (artifact id: '3f1d6f03352913c335832fe0578746ad') in 0.001737 seconds
Number of updated asset objects reloaded before import = 0
Number of asset objects unloaded after import = 30
========================================================================
Received Import Request.
  Time since last request: 0.000017 seconds.
  path: Assets/JapaneseSchool/Prefabs/Wall_B.prefab
  artifactKey: Guid(2640b72d97540064aa561dc761469b7d) Importer(815301076,1909f56bfc062723c751e8b465ee728b)
Start importing Assets/JapaneseSchool/Prefabs/Wall_B.prefab using Guid(2640b72d97540064aa561dc761469b7d) Importer(815301076,1909f56bfc062723c751e8b465ee728b)  -> (artifact id: '866b1e3f7cdbb2f52189c1df545019e9') in 0.001760 seconds
Number of updated asset objects reloaded before import = 0
Number of asset objects unloaded after import = 17
========================================================================
Received Import Request.
  Time since last request: 0.000015 seconds.
  path: Assets/JapaneseSchool/Prefabs/Window_E.prefab
  artifactKey: Guid(dc5ea2ebd9636bc4cbb313754f63a091) Importer(815301076,1909f56bfc062723c751e8b465ee728b)
Start importing Assets/JapaneseSchool/Prefabs/Window_E.prefab using Guid(dc5ea2ebd9636bc4cbb313754f63a091) Importer(815301076,1909f56bfc062723c751e8b465ee728b)  -> (artifact id: '3b72bde98d9e6d5f96c10927aa8c6657') in 0.001958 seconds
Number of updated asset objects reloaded before import = 0
Number of asset objects unloaded after import = 17
========================================================================
Received Import Request.
  Time since last request: 0.000013 seconds.
  path: Assets/JapaneseSchool/Prefabs/Trim_Corner_A.prefab
  artifactKey: Guid(554d15b6200f74e46ac02187ca815e0b) Importer(815301076,1909f56bfc062723c751e8b465ee728b)
Start importing Assets/JapaneseSchool/Prefabs/Trim_Corner_A.prefab using Guid(554d15b6200f74e46ac02187ca815e0b) Importer(815301076,1909f56bfc062723c751e8b465ee728b)  -> (artifact id: '8cdf61d70a6e4243e37710e975de64f4') in 0.001528 seconds
Number of updated asset objects reloaded before import = 0
Number of asset objects unloaded after import = 7
========================================================================
Received Import Request.
  Time since last request: 0.000020 seconds.
  path: Assets/JapaneseSchool/Prefabs/Window_F.prefab
  artifactKey: Guid(2e4df918079ca9040b01326498415a5d) Importer(815301076,1909f56bfc062723c751e8b465ee728b)
Start importing Assets/JapaneseSchool/Prefabs/Window_F.prefab using Guid(2e4df918079ca9040b01326498415a5d) Importer(815301076,1909f56bfc062723c751e8b465ee728b)  -> (artifact id: 'db1cc344700a0a1127309363125018da') in 0.001361 seconds
Number of updated asset objects reloaded before import = 0
Number of asset objects unloaded after import = 7
========================================================================
Received Import Request.
  Time since last request: 1.154355 seconds.
  path: Assets/JapaneseSchool/Prefabs/Reflection Probes/Hall 2 Reflection Probes.prefab
  artifactKey: Guid(30c37e3cfb8bdfd4396f8fed7dc30652) Importer(815301076,1909f56bfc062723c751e8b465ee728b)
Start importing Assets/JapaneseSchool/Prefabs/Reflection Probes/Hall 2 Reflection Probes.prefab using Guid(30c37e3cfb8bdfd4396f8fed7dc30652) Importer(815301076,1909f56bfc062723c751e8b465ee728b)  -> (artifact id: '4254b60a193063665d894f71b27fc5b0') in 0.000965 seconds
Number of updated asset objects reloaded before import = 0
Number of asset objects unloaded after import = 6
========================================================================
Received Import Request.
  Time since last request: 0.000161 seconds.
  path: Assets/JapaneseSchool/Prefabs/Reflection Probes/Stairway Reflection Probe.prefab
  artifactKey: Guid(decd0d9037a33234b81996108bdf62a7) Importer(815301076,1909f56bfc062723c751e8b465ee728b)
Start importing Assets/JapaneseSchool/Prefabs/Reflection Probes/Stairway Reflection Probe.prefab using Guid(decd0d9037a33234b81996108bdf62a7) Importer(815301076,1909f56bfc062723c751e8b465ee728b)  -> (artifact id: 'd24f6c058975c804cc880289a1a374e8') in 0.001804 seconds
Number of updated asset objects reloaded before import = 0
Number of asset objects unloaded after import = 6
========================================================================
Received Import Request.
  Time since last request: 8.078345 seconds.
  path: Assets/JapaneseSchool/Profiles/Leaves.asset
  artifactKey: Guid(ca5d8ffefd09dba48bbc9e53e7a7c931) Importer(815301076,1909f56bfc062723c751e8b465ee728b)
Start importing Assets/JapaneseSchool/Profiles/Leaves.asset using Guid(ca5d8ffefd09dba48bbc9e53e7a7c931) Importer(815301076,1909f56bfc062723c751e8b465ee728b)  -> (artifact id: '2acb4b4aeab003a9aa4e1121c50f8d98') in 0.001195 seconds
Number of updated asset objects reloaded before import = 0
Number of asset objects unloaded after import = 1
========================================================================
Received Import Request.
  Time since last request: 2.838285 seconds.
  path: Assets/JapaneseSchool/Scenes/Demo/Lightmap-0_comp_dir.png
  artifactKey: Guid(e133915604da16c42a8ef44d0e213c78) Importer(815301076,1909f56bfc062723c751e8b465ee728b)
Start importing Assets/JapaneseSchool/Scenes/Demo/Lightmap-0_comp_dir.png using Guid(e133915604da16c42a8ef44d0e213c78) Importer(815301076,1909f56bfc062723c751e8b465ee728b)  -> (artifact id: '8dec69de9ec2c32646499c9a0efbe7ec') in 0.001616 seconds
Number of updated asset objects reloaded before import = 0
Number of asset objects unloaded after import = 1
========================================================================
Received Import Request.
  Time since last request: 0.000036 seconds.
  path: Assets/JapaneseSchool/Scenes/Demo/Lightmap-17_comp_dir.png
  artifactKey: Guid(4de0c3fd968b8db4e9228d23b32ca4e4) Importer(815301076,1909f56bfc062723c751e8b465ee728b)
Start importing Assets/JapaneseSchool/Scenes/Demo/Lightmap-17_comp_dir.png using Guid(4de0c3fd968b8db4e9228d23b32ca4e4) Importer(815301076,1909f56bfc062723c751e8b465ee728b)  -> (artifact id: '7780521ea7ee3bdf36fcb2876f25eb55') in 0.001519 seconds
Number of updated asset objects reloaded before import = 0
Number of asset objects unloaded after import = 1
========================================================================
Received Import Request.
  Time since last request: 0.000028 seconds.
  path: Assets/JapaneseSchool/Scenes/Demo/Lightmap-16_comp_dir.png
  artifactKey: Guid(041326fe285bd8245b8a03f25c054f00) Importer(815301076,1909f56bfc062723c751e8b465ee728b)
Start importing Assets/JapaneseSchool/Scenes/Demo/Lightmap-16_comp_dir.png using Guid(041326fe285bd8245b8a03f25c054f00) Importer(815301076,1909f56bfc062723c751e8b465ee728b)  -> (artifact id: 'b99712105ae8e3593ad5b05a92ee5d2d') in 0.001609 seconds
Number of updated asset objects reloaded before import = 0
Number of asset objects unloaded after import = 1
========================================================================
Received Import Request.
  Time since last request: 0.000104 seconds.
  path: Assets/JapaneseSchool/Scenes/Demo/Lightmap-6_comp_light.exr
  artifactKey: Guid(155652d700d951a48866e5b381ffe9bf) Importer(815301076,1909f56bfc062723c751e8b465ee728b)
Start importing Assets/JapaneseSchool/Scenes/Demo/Lightmap-6_comp_light.exr using Guid(155652d700d951a48866e5b381ffe9bf) Importer(815301076,1909f56bfc062723c751e8b465ee728b)  -> (artifact id: '42885e50c3b733eabbd2ed1af9411a58') in 0.001351 seconds
Number of updated asset objects reloaded before import = 0
Number of asset objects unloaded after import = 1
========================================================================
Received Import Request.
  Time since last request: 0.000097 seconds.
  path: Assets/JapaneseSchool/Scenes/Demo/Lightmap-2_comp_dir.png
  artifactKey: Guid(7eaf678d124ad2643a4e2e5d9444d73f) Importer(815301076,1909f56bfc062723c751e8b465ee728b)
Start importing Assets/JapaneseSchool/Scenes/Demo/Lightmap-2_comp_dir.png using Guid(7eaf678d124ad2643a4e2e5d9444d73f) Importer(815301076,1909f56bfc062723c751e8b465ee728b)  -> (artifact id: '1379ee1a2572aa1dee24782d53f08925') in 0.001370 seconds
Number of updated asset objects reloaded before import = 0
Number of asset objects unloaded after import = 1
========================================================================
Received Import Request.
  Time since last request: 0.000094 seconds.
  path: Assets/JapaneseSchool/Scenes/Demo/Lightmap-13_comp_dir.png
  artifactKey: Guid(6e8ce0ab78d206a4795e91465b292448) Importer(815301076,1909f56bfc062723c751e8b465ee728b)
Start importing Assets/JapaneseSchool/Scenes/Demo/Lightmap-13_comp_dir.png using Guid(6e8ce0ab78d206a4795e91465b292448) Importer(815301076,1909f56bfc062723c751e8b465ee728b)  -> (artifact id: 'cf5ec6c5e02b30e17ac6e6f07df5c5c3') in 0.001625 seconds
Number of updated asset objects reloaded before import = 0
Number of asset objects unloaded after import = 1
========================================================================
Received Import Request.
  Time since last request: 0.000116 seconds.
  path: Assets/JapaneseSchool/Scenes/Demo/Lightmap-12_comp_light.exr
  artifactKey: Guid(0fbf9f70930557c449bcc8cfa6a7748f) Importer(815301076,1909f56bfc062723c751e8b465ee728b)
Start importing Assets/JapaneseSchool/Scenes/Demo/Lightmap-12_comp_light.exr using Guid(0fbf9f70930557c449bcc8cfa6a7748f) Importer(815301076,1909f56bfc062723c751e8b465ee728b)  -> (artifact id: '3d1019e69fd622d2cf964a04e0c6fbf2') in 0.001339 seconds
Number of updated asset objects reloaded before import = 0
Number of asset objects unloaded after import = 1
========================================================================
Received Import Request.
  Time since last request: 0.000234 seconds.
  path: Assets/JapaneseSchool/Scenes/Demo/Lightmap-3_comp_light.exr
  artifactKey: Guid(41f84df9d303e8d45872aed0cb8be1d2) Importer(815301076,1909f56bfc062723c751e8b465ee728b)
Start importing Assets/JapaneseSchool/Scenes/Demo/Lightmap-3_comp_light.exr using Guid(41f84df9d303e8d45872aed0cb8be1d2) Importer(815301076,1909f56bfc062723c751e8b465ee728b)  -> (artifact id: '109b733b5ab731be029a088a63dc2b69') in 0.001514 seconds
Number of updated asset objects reloaded before import = 0
Number of asset objects unloaded after import = 1
========================================================================
Received Import Request.
  Time since last request: 0.077432 seconds.
  path: Assets/JapaneseSchool/Scenes/Demo/Lightmap-20_comp_light.exr
  artifactKey: Guid(4dbaf7ef52d8d704d8158155ed368dba) Importer(815301076,1909f56bfc062723c751e8b465ee728b)
Start importing Assets/JapaneseSchool/Scenes/Demo/Lightmap-20_comp_light.exr using Guid(4dbaf7ef52d8d704d8158155ed368dba) Importer(815301076,1909f56bfc062723c751e8b465ee728b)  -> (artifact id: '986fb1cad9edb4dd0c89db4440fb77d4') in 0.001462 seconds
Number of updated asset objects reloaded before import = 0
Number of asset objects unloaded after import = 1
========================================================================
Received Import Request.
  Time since last request: 0.000011 seconds.
  path: Assets/JapaneseSchool/Scenes/Demo/ReflectionProbe-2.exr
  artifactKey: Guid(36a66f0a64650fa41a279587b953124c) Importer(815301076,1909f56bfc062723c751e8b465ee728b)
Start importing Assets/JapaneseSchool/Scenes/Demo/ReflectionProbe-2.exr using Guid(36a66f0a64650fa41a279587b953124c) Importer(815301076,1909f56bfc062723c751e8b465ee728b)  -> (artifact id: '607a3e9f8b202e060e208cb3dc7dc0c0') in 0.001229 seconds
Number of updated asset objects reloaded before import = 0
Number of asset objects unloaded after import = 1
========================================================================
Received Import Request.
  Time since last request: 0.000012 seconds.
  path: Assets/JapaneseSchool/Scenes/Demo/Lightmap-22_comp_light.exr
  artifactKey: Guid(810f026b82e890b48b6009a199872e37) Importer(815301076,1909f56bfc062723c751e8b465ee728b)
Start importing Assets/JapaneseSchool/Scenes/Demo/Lightmap-22_comp_light.exr using Guid(810f026b82e890b48b6009a199872e37) Importer(815301076,1909f56bfc062723c751e8b465ee728b)  -> (artifact id: '74752f5caea3e106861a435029334c28') in 0.001289 seconds
Number of updated asset objects reloaded before import = 0
Number of asset objects unloaded after import = 1
========================================================================
Received Import Request.
  Time since last request: 0.000021 seconds.
  path: Assets/JapaneseSchool/Scenes/Demo/Lightmap-27_comp_dir.png
  artifactKey: Guid(d048c70887da2d647ad6913e48739b38) Importer(815301076,1909f56bfc062723c751e8b465ee728b)
Start importing Assets/JapaneseSchool/Scenes/Demo/Lightmap-27_comp_dir.png using Guid(d048c70887da2d647ad6913e48739b38) Importer(815301076,1909f56bfc062723c751e8b465ee728b)  -> (artifact id: 'aeda817fffaa0bdad06ba92f5cb8947d') in 0.001247 seconds
Number of updated asset objects reloaded before import = 0
Number of asset objects unloaded after import = 1
========================================================================
Received Import Request.
  Time since last request: 3.257224 seconds.
  path: Assets/JapaneseSchool/Scenes/Demo/ReflectionProbe-7.exr
  artifactKey: Guid(6a282739d1166d94b8357e156b5a9723) Importer(815301076,1909f56bfc062723c751e8b465ee728b)
Start importing Assets/JapaneseSchool/Scenes/Demo/ReflectionProbe-7.exr using Guid(6a282739d1166d94b8357e156b5a9723) Importer(815301076,1909f56bfc062723c751e8b465ee728b)  -> (artifact id: '308d1e55826a98342c5b82299ec49158') in 0.001972 seconds
Number of updated asset objects reloaded before import = 0
Number of asset objects unloaded after import = 1
========================================================================
Received Import Request.
  Time since last request: 0.000138 seconds.
  path: Assets/JapaneseSchool/Scenes/Demo/ReflectionProbe-17.exr
  artifactKey: Guid(c3abe303ec199a646be2dc538d9929e0) Importer(815301076,1909f56bfc062723c751e8b465ee728b)
Start importing Assets/JapaneseSchool/Scenes/Demo/ReflectionProbe-17.exr using Guid(c3abe303ec199a646be2dc538d9929e0) Importer(815301076,1909f56bfc062723c751e8b465ee728b)  -> (artifact id: '752426941c8b1fa67278d3dab7964804') in 0.001719 seconds
Number of updated asset objects reloaded before import = 0
Number of asset objects unloaded after import = 1
========================================================================
Received Import Request.
  Time since last request: 0.000027 seconds.
  path: Assets/JapaneseSchool/Scenes/Demo/ReflectionProbe-15.exr
  artifactKey: Guid(daf61038b5c25e245a77b07d4ae01a6c) Importer(815301076,1909f56bfc062723c751e8b465ee728b)
Start importing Assets/JapaneseSchool/Scenes/Demo/ReflectionProbe-15.exr using Guid(daf61038b5c25e245a77b07d4ae01a6c) Importer(815301076,1909f56bfc062723c751e8b465ee728b)  -> (artifact id: '801324a7c326292e9921a52dc96b5364') in 0.001126 seconds
Number of updated asset objects reloaded before import = 0
Number of asset objects unloaded after import = 1
========================================================================
Received Import Request.
  Time since last request: 0.026046 seconds.
  path: Assets/JapaneseSchool/Scenes/Demo/ReflectionProbe-21.exr
  artifactKey: Guid(618b2536289002341a2ffc214a6bc6c7) Importer(815301076,1909f56bfc062723c751e8b465ee728b)
Start importing Assets/JapaneseSchool/Scenes/Demo/ReflectionProbe-21.exr using Guid(618b2536289002341a2ffc214a6bc6c7) Importer(815301076,1909f56bfc062723c751e8b465ee728b)  -> (artifact id: 'c654764ffc0f1a05465f2111cfe0c966') in 0.001036 seconds
Number of updated asset objects reloaded before import = 0
Number of asset objects unloaded after import = 1
========================================================================
Received Import Request.
  Time since last request: 0.000011 seconds.
  path: Assets/JapaneseSchool/Scenes/Demo/ReflectionProbe-33.exr
  artifactKey: Guid(3e5f2db384ffdb142a77392553be1a11) Importer(815301076,1909f56bfc062723c751e8b465ee728b)
Start importing Assets/JapaneseSchool/Scenes/Demo/ReflectionProbe-33.exr using Guid(3e5f2db384ffdb142a77392553be1a11) Importer(815301076,1909f56bfc062723c751e8b465ee728b)  -> (artifact id: '709a6ea7d764730b82ab0b53ad12ade7') in 0.000911 seconds
Number of updated asset objects reloaded before import = 0
Number of asset objects unloaded after import = 1
========================================================================
Received Import Request.
  Time since last request: 0.000089 seconds.
  path: Assets/JapaneseSchool/Scenes/Demo/ReflectionProbe-38.exr
  artifactKey: Guid(357f26ab97c3059488f069a9e7271490) Importer(815301076,1909f56bfc062723c751e8b465ee728b)
Start importing Assets/JapaneseSchool/Scenes/Demo/ReflectionProbe-38.exr using Guid(357f26ab97c3059488f069a9e7271490) Importer(815301076,1909f56bfc062723c751e8b465ee728b)  -> (artifact id: '20771bd653417f17132210c83bf35e7f') in 0.001144 seconds
Number of updated asset objects reloaded before import = 0
Number of asset objects unloaded after import = 1
========================================================================
Received Import Request.
  Time since last request: 0.000189 seconds.
  path: Assets/JapaneseSchool/Scenes/Demo/ReflectionProbe-35.exr
  artifactKey: Guid(7cecde197120dc642ad54392e2bcd1c4) Importer(815301076,1909f56bfc062723c751e8b465ee728b)
Start importing Assets/JapaneseSchool/Scenes/Demo/ReflectionProbe-35.exr using Guid(7cecde197120dc642ad54392e2bcd1c4) Importer(815301076,1909f56bfc062723c751e8b465ee728b)  -> (artifact id: '17ef22cc61c6a2a895dbb4bebb7fb615') in 0.001150 seconds
Number of updated asset objects reloaded before import = 0
Number of asset objects unloaded after import = 1
========================================================================
Received Import Request.
  Time since last request: 0.000012 seconds.
  path: Assets/JapaneseSchool/Scenes/Demo/ReflectionProbe-27.exr
  artifactKey: Guid(7c142a9389323cc4cb0d5cb705c5e339) Importer(815301076,1909f56bfc062723c751e8b465ee728b)
Start importing Assets/JapaneseSchool/Scenes/Demo/ReflectionProbe-27.exr using Guid(7c142a9389323cc4cb0d5cb705c5e339) Importer(815301076,1909f56bfc062723c751e8b465ee728b)  -> (artifact id: 'a702c90775a2ec2fe29cc90c6d981f81') in 0.001216 seconds
Number of updated asset objects reloaded before import = 0
Number of asset objects unloaded after import = 1
Editor requested this worker to shutdown with reason: Scaling down because of idle timeout
TcpMessagingSession - receive error
AssetImportWorkerClient::OnTransportError - code=2 error=End of file
AssetImportWorker is now disconnected from the server
Process exiting
Exiting without the bug reporter. Application will terminate with return code 0