Using pre-set license
Built from '2022.3/staging' branch; Version is '2022.3.3f1 (7cdc2969a641) revision 8182825'; Using compiler version '192829333'; Build Type 'Release'
OS: 'Windows 11  (10.0.22631) 64bit Professional' Language: 'en' Physical Memory: 65156 MB
BatchMode: 1, IsHumanControllingUs: 0, StartBugReporterOnCrash: 0, Is64bit: 1, IsPro: 1

COMMAND LINE ARGUMENTS:
C:\Program Files\Unity\Hub\Editor\2022.3.3f1\Editor\Unity.exe
-adb2
-batchMode
-noUpm
-name
AssetImportWorker27
-projectPath
G:/Unity Projects/InsightXR
-logFile
Logs/AssetImportWorker27.log
-srvPort
53780
Successfully changed project path to: G:/Unity Projects/InsightXR
G:/Unity Projects/InsightXR
[UnityMemory] Configuration Parameters - Can be set up in boot.config
    "memorysetup-bucket-allocator-granularity=16"
    "memorysetup-bucket-allocator-bucket-count=8"
    "memorysetup-bucket-allocator-block-size=33554432"
    "memorysetup-bucket-allocator-block-count=8"
    "memorysetup-main-allocator-block-size=16777216"
    "memorysetup-thread-allocator-block-size=16777216"
    "memorysetup-gfx-main-allocator-block-size=16777216"
    "memorysetup-gfx-thread-allocator-block-size=16777216"
    "memorysetup-cache-allocator-block-size=4194304"
    "memorysetup-typetree-allocator-block-size=2097152"
    "memorysetup-profiler-bucket-allocator-granularity=16"
    "memorysetup-profiler-bucket-allocator-bucket-count=8"
    "memorysetup-profiler-bucket-allocator-block-size=33554432"
    "memorysetup-profiler-bucket-allocator-block-count=8"
    "memorysetup-profiler-allocator-block-size=16777216"
    "memorysetup-profiler-editor-allocator-block-size=1048576"
    "memorysetup-temp-allocator-size-main=16777216"
    "memorysetup-job-temp-allocator-block-size=2097152"
    "memorysetup-job-temp-allocator-block-size-background=1048576"
    "memorysetup-job-temp-allocator-reduction-small-platforms=262144"
    "memorysetup-allocator-temp-initial-block-size-main=262144"
    "memorysetup-allocator-temp-initial-block-size-worker=262144"
    "memorysetup-temp-allocator-size-background-worker=32768"
    "memorysetup-temp-allocator-size-job-worker=262144"
    "memorysetup-temp-allocator-size-preload-manager=33554432"
    "memorysetup-temp-allocator-size-nav-mesh-worker=65536"
    "memorysetup-temp-allocator-size-audio-worker=65536"
    "memorysetup-temp-allocator-size-cloud-worker=32768"
    "memorysetup-temp-allocator-size-gi-baking-worker=262144"
    "memorysetup-temp-allocator-size-gfx=262144"
Player connection [30272] Host "[IP] 10.164.100.114 [Port] 0 [Flags] 2 [Guid] 2634129795 [EditorId] 2634129795 [Version] 1048832 [Id] WindowsEditor(7,PratyushPC) [Debug] 1 [PackageName] WindowsEditor [ProjectName] Editor" joined multi-casting on [225.0.0.222:54997]...

Player connection [30272] Host "[IP] 10.164.100.114 [Port] 0 [Flags] 2 [Guid] 2634129795 [EditorId] 2634129795 [Version] 1048832 [Id] WindowsEditor(7,PratyushPC) [Debug] 1 [PackageName] WindowsEditor [ProjectName] Editor" joined alternative multi-casting on [225.0.0.222:34997]...

Refreshing native plugins compatible for Editor in 13.72 ms, found 9 plugins.
Preloading 0 native plugins for Editor in 0.00 ms.
Initialize engine version: 2022.3.3f1 (7cdc2969a641)
[Subsystems] Discovering subsystems at path C:/Program Files/Unity/Hub/Editor/2022.3.3f1/Editor/Data/Resources/UnitySubsystems
[Subsystems] Discovering subsystems at path G:/Unity Projects/InsightXR/Assets
GfxDevice: creating device client; threaded=0; jobified=0
Direct3D:
    Version:  Direct3D 11.0 [level 11.1]
    Renderer: NVIDIA GeForce RTX 3060 Laptop GPU (ID=0x2520)
    Vendor:   NVIDIA
    VRAM:     5996 MB
    Driver:   31.0.15.5186
Initialize mono
Mono path[0] = 'C:/Program Files/Unity/Hub/Editor/2022.3.3f1/Editor/Data/Managed'
Mono path[1] = 'C:/Program Files/Unity/Hub/Editor/2022.3.3f1/Editor/Data/MonoBleedingEdge/lib/mono/unityjit-win32'
Mono config path = 'C:/Program Files/Unity/Hub/Editor/2022.3.3f1/Editor/Data/MonoBleedingEdge/etc'
Using monoOptions --debugger-agent=transport=dt_socket,embedding=1,server=y,suspend=n,address=127.0.0.1:56728
Begin MonoManager ReloadAssembly
Registering precompiled unity dll's ...
Register platform support module: C:/Program Files/Unity/Hub/Editor/2022.3.3f1/Editor/Data/PlaybackEngines/WebGLSupport/UnityEditor.WebGL.Extensions.dll
Register platform support module: C:/Program Files/Unity/Hub/Editor/2022.3.3f1/Editor/Data/PlaybackEngines/MacStandaloneSupport/UnityEditor.OSXStandalone.Extensions.dll
Register platform support module: C:/Program Files/Unity/Hub/Editor/2022.3.3f1/Editor/Data/PlaybackEngines/AndroidPlayer/UnityEditor.Android.Extensions.dll
Register platform support module: C:/Program Files/Unity/Hub/Editor/2022.3.3f1/Editor/Data/PlaybackEngines/iOSSupport/UnityEditor.iOS.Extensions.dll
Register platform support module: C:/Program Files/Unity/Hub/Editor/2022.3.3f1/Editor/Data/PlaybackEngines/WindowsStandaloneSupport/UnityEditor.WindowsStandalone.Extensions.dll
Registered in 0.011308 seconds.
- Loaded All Assemblies, in  0.249 seconds
Native extension for WindowsStandalone target not found
Native extension for iOS target not found
Native extension for Android target not found
Android Extension - Scanning For ADB Devices 231 ms
Native extension for OSXStandalone target not found
Native extension for WebGL target not found
Mono: successfully reloaded assembly
- Finished resetting the current domain, in  0.452 seconds
Domain Reload Profiling: 699ms
	BeginReloadAssembly (60ms)
		ExecutionOrderSort (0ms)
		DisableScriptedObjects (0ms)
		BackupInstance (0ms)
		ReleaseScriptingObjects (0ms)
		CreateAndSetChildDomain (0ms)
	RebuildCommonClasses (25ms)
	RebuildNativeTypeToScriptingClass (7ms)
	initialDomainReloadingComplete (47ms)
	LoadAllAssembliesAndSetupDomain (107ms)
		LoadAssemblies (60ms)
		RebuildTransferFunctionScriptingTraits (0ms)
		AnalyzeDomain (100ms)
			TypeCache.Refresh (99ms)
				TypeCache.ScanAssembly (91ms)
			ScanForSourceGeneratedMonoScriptInfo (0ms)
			ResolveRequiredComponents (0ms)
	FinalizeReload (452ms)
		ReleaseScriptCaches (0ms)
		RebuildScriptCaches (0ms)
		SetupLoadedEditorAssemblies (415ms)
			LogAssemblyErrors (0ms)
			InitializePlatformSupportModulesInManaged (321ms)
			SetLoadedEditorAssemblies (2ms)
			RefreshPlugins (0ms)
			BeforeProcessingInitializeOnLoad (1ms)
			ProcessInitializeOnLoadAttributes (59ms)
			ProcessInitializeOnLoadMethodAttributes (31ms)
			AfterProcessingInitializeOnLoad (0ms)
			EditorAssembliesLoaded (0ms)
		ExecutionOrderSort2 (0ms)
		AwakeInstancesAfterBackupRestoration (0ms)
========================================================================
Worker process is ready to serve import requests
Begin MonoManager ReloadAssembly
- Loaded All Assemblies, in  0.588 seconds
Refreshing native plugins compatible for Editor in 6.63 ms, found 9 plugins.
Native extension for WindowsStandalone target not found
Native extension for iOS target not found
Native extension for Android target not found
Native extension for OSXStandalone target not found
Native extension for WebGL target not found
Package Manager log level set to [2]
[Package Manager] Server::EnsureServerProcessIsRunning -- launch failed, reason: Unity was launched with the -noUpm command-line argument
[Package Manager] UpmClient::Send -- Unable to send message (not connected to UPM process).
[Package Manager] Cannot connect to Unity Package Manager local server
[Package Manager] Server::EnsureServerProcessIsRunning -- launch failed, reason: Unity was launched with the -noUpm command-line argument
[Package Manager] UpmClient::Send -- Unable to send message (not connected to UPM process).
[Package Manager] Cannot connect to Unity Package Manager local server
Mono: successfully reloaded assembly
[Package Manager] Server::EnsureServerProcessIsRunning -- launch failed, reason: Unity was launched with the -noUpm command-line argument
[Package Manager] UpmClient::Send -- Unable to send message (not connected to UPM process).
[Package Manager] Cannot connect to Unity Package Manager local server
[Package Manager] Server::EnsureServerProcessIsRunning -- launch failed, reason: Unity was launched with the -noUpm command-line argument
[Package Manager] UpmClient::Send -- Unable to send message (not connected to UPM process).
[Package Manager] Cannot connect to Unity Package Manager local server
- Finished resetting the current domain, in  0.537 seconds
Domain Reload Profiling: 1124ms
	BeginReloadAssembly (86ms)
		ExecutionOrderSort (0ms)
		DisableScriptedObjects (3ms)
		BackupInstance (0ms)
		ReleaseScriptingObjects (0ms)
		CreateAndSetChildDomain (15ms)
	RebuildCommonClasses (21ms)
	RebuildNativeTypeToScriptingClass (7ms)
	initialDomainReloadingComplete (30ms)
	LoadAllAssembliesAndSetupDomain (442ms)
		LoadAssemblies (223ms)
		RebuildTransferFunctionScriptingTraits (0ms)
		AnalyzeDomain (258ms)
			TypeCache.Refresh (230ms)
				TypeCache.ScanAssembly (219ms)
			ScanForSourceGeneratedMonoScriptInfo (20ms)
			ResolveRequiredComponents (8ms)
	FinalizeReload (538ms)
		ReleaseScriptCaches (0ms)
		RebuildScriptCaches (0ms)
		SetupLoadedEditorAssemblies (410ms)
			LogAssemblyErrors (0ms)
			InitializePlatformSupportModulesInManaged (27ms)
			SetLoadedEditorAssemblies (2ms)
			RefreshPlugins (0ms)
			BeforeProcessingInitializeOnLoad (57ms)
			ProcessInitializeOnLoadAttributes (251ms)
			ProcessInitializeOnLoadMethodAttributes (67ms)
			AfterProcessingInitializeOnLoad (5ms)
			EditorAssembliesLoaded (0ms)
		ExecutionOrderSort2 (0ms)
		AwakeInstancesAfterBackupRestoration (7ms)
Launched and connected shader compiler UnityShaderCompiler.exe after 0.04 seconds
Refreshing native plugins compatible for Editor in 7.66 ms, found 9 plugins.
Preloading 0 native plugins for Editor in 0.00 ms.
Unloading 6369 Unused Serialized files (Serialized files now loaded: 0)
Unloading 121 unused Assets / (0.7 MB). Loaded Objects now: 6828.
Memory consumption went from 257.0 MB to 256.3 MB.
Total: 3.426200 ms (FindLiveObjects: 0.314900 ms CreateObjectMapping: 0.208500 ms MarkObjects: 2.615100 ms  DeleteObjects: 0.286500 ms)

AssetImportParameters requested are different than current active one (requested -> active):
  custom:container-demuxer-ogg: 62fdf1f143b41e24485cea50d1cbac27 -> 
  custom:video-codec-MediaFoundation-h265: 746d11721c4dcdbdad8f713fa42b33f4 -> 
  custom:video-decoder-ogg-theora: a1e56fd34408186e4bbccfd4996cb3dc -> 
  custom:framework-win-MediaFoundation: 216162199b28c13a410421893ffa2e32 -> 
  custom:container-demuxer-webm: 4f35f7cbe854078d1ac9338744f61a02 -> 
  custom:container-muxer-webm: aa71ff27fc2769a1b78a27578f13a17b -> 
  custom:video-decoder-webm-vp8: 9c59270c3fd7afecdb556c50c9e8de78 -> 
  custom:SearchIndexIgnoredProperties: e643bd26f0fe6173181afceb89e7c659 -> 
  custom:AudioImporter_EditorPlatform: d09bf68614088b80899f8185d706f6e7 -> 
  custom:video-encoder-webm-vp8: eb34c28f22e8b96e1ab97ce403110664 -> 
  custom:audio-decoder-ogg-vorbis: bf7c407c2cedff20999df2af8eb42d56 -> 
  custom:audio-encoder-webm-vorbis: bf7c407c2cedff20999df2af8eb42d56 -> 
========================================================================
Received Import Request.
  Time since last request: 195147.705388 seconds.
  path: Assets/JapaneseSchool/Prefabs/Reflection Probes/Room Reflection Probe.prefab
  artifactKey: Guid(be4f99baa0702e44081939c584e8ae74) Importer(815301076,1909f56bfc062723c751e8b465ee728b)
Start importing Assets/JapaneseSchool/Prefabs/Reflection Probes/Room Reflection Probe.prefab using Guid(be4f99baa0702e44081939c584e8ae74) Importer(815301076,1909f56bfc062723c751e8b465ee728b)  -> (artifact id: '5cc8bd151552677033a712314c640aa1') in 0.012563 seconds
Number of updated asset objects reloaded before import = 0
Number of asset objects unloaded after import = 6
========================================================================
Received Import Request.
  Time since last request: 10.921978 seconds.
  path: Assets/JapaneseSchool/Scenes/Demo/Lightmap-1_comp_light.exr
  artifactKey: Guid(db097389315f690448227cc12eeaae0a) Importer(815301076,1909f56bfc062723c751e8b465ee728b)
Start importing Assets/JapaneseSchool/Scenes/Demo/Lightmap-1_comp_light.exr using Guid(db097389315f690448227cc12eeaae0a) Importer(815301076,1909f56bfc062723c751e8b465ee728b)  -> (artifact id: 'da3930a26c2242089773da4dd79ab0c3') in 0.002894 seconds
Number of updated asset objects reloaded before import = 0
Number of asset objects unloaded after import = 1
========================================================================
Received Import Request.
  Time since last request: 0.000191 seconds.
  path: Assets/JapaneseSchool/Scenes/Demo/Lightmap-4_comp_light.exr
  artifactKey: Guid(6e15c691db4fb9a40b3de99b07e49e07) Importer(815301076,1909f56bfc062723c751e8b465ee728b)
Start importing Assets/JapaneseSchool/Scenes/Demo/Lightmap-4_comp_light.exr using Guid(6e15c691db4fb9a40b3de99b07e49e07) Importer(815301076,1909f56bfc062723c751e8b465ee728b)  -> (artifact id: '721cee906579862e08b5b376a225b84a') in 0.001791 seconds
Number of updated asset objects reloaded before import = 0
Number of asset objects unloaded after import = 1
========================================================================
Received Import Request.
  Time since last request: 0.000014 seconds.
  path: Assets/JapaneseSchool/Scenes/Demo/Lightmap-9_comp_light.exr
  artifactKey: Guid(217953c8eb046f1499d88522f59f8d5c) Importer(815301076,1909f56bfc062723c751e8b465ee728b)
Start importing Assets/JapaneseSchool/Scenes/Demo/Lightmap-9_comp_light.exr using Guid(217953c8eb046f1499d88522f59f8d5c) Importer(815301076,1909f56bfc062723c751e8b465ee728b)  -> (artifact id: 'aeddf1bc4f84e7816d251c4af246ec15') in 0.001640 seconds
Number of updated asset objects reloaded before import = 0
Number of asset objects unloaded after import = 1
========================================================================
Received Import Request.
  Time since last request: 0.000038 seconds.
  path: Assets/JapaneseSchool/Scenes/Demo/Lightmap-18_comp_light.exr
  artifactKey: Guid(ae6f5aed8b451f34da6cea05cb1deed6) Importer(815301076,1909f56bfc062723c751e8b465ee728b)
Start importing Assets/JapaneseSchool/Scenes/Demo/Lightmap-18_comp_light.exr using Guid(ae6f5aed8b451f34da6cea05cb1deed6) Importer(815301076,1909f56bfc062723c751e8b465ee728b)  -> (artifact id: 'cd72a2463c01a0f7d5c4ef4251bdaaa8') in 0.001620 seconds
Number of updated asset objects reloaded before import = 0
Number of asset objects unloaded after import = 1
========================================================================
Received Import Request.
  Time since last request: 0.000013 seconds.
  path: Assets/JapaneseSchool/Scenes/Demo/Lightmap-5_comp_dir.png
  artifactKey: Guid(37742031a13756a4b9849bf790c8b9da) Importer(815301076,1909f56bfc062723c751e8b465ee728b)
Start importing Assets/JapaneseSchool/Scenes/Demo/Lightmap-5_comp_dir.png using Guid(37742031a13756a4b9849bf790c8b9da) Importer(815301076,1909f56bfc062723c751e8b465ee728b)  -> (artifact id: '4529756183caeae008ee6ce0a06afb65') in 0.001435 seconds
Number of updated asset objects reloaded before import = 0
Number of asset objects unloaded after import = 1
========================================================================
Received Import Request.
  Time since last request: 0.000012 seconds.
  path: Assets/JapaneseSchool/Scenes/Demo/Lightmap-10_comp_light.exr
  artifactKey: Guid(b4c068d16731f0142acd4bce0bab597d) Importer(815301076,1909f56bfc062723c751e8b465ee728b)
Start importing Assets/JapaneseSchool/Scenes/Demo/Lightmap-10_comp_light.exr using Guid(b4c068d16731f0142acd4bce0bab597d) Importer(815301076,1909f56bfc062723c751e8b465ee728b)  -> (artifact id: '3e04a78dfa1f4a214a0050339be1b1dc') in 0.001450 seconds
Number of updated asset objects reloaded before import = 0
Number of asset objects unloaded after import = 1
========================================================================
Received Import Request.
  Time since last request: 0.000259 seconds.
  path: Assets/JapaneseSchool/Scenes/Demo/Lightmap-18_comp_dir.png
  artifactKey: Guid(c3f0a8c12cc309b4ea945266b39582e9) Importer(815301076,1909f56bfc062723c751e8b465ee728b)
Start importing Assets/JapaneseSchool/Scenes/Demo/Lightmap-18_comp_dir.png using Guid(c3f0a8c12cc309b4ea945266b39582e9) Importer(815301076,1909f56bfc062723c751e8b465ee728b)  -> (artifact id: '80e8e8430f42f2bc6eead95ca818db59') in 0.001379 seconds
Number of updated asset objects reloaded before import = 0
Number of asset objects unloaded after import = 1
========================================================================
Received Import Request.
  Time since last request: 0.000161 seconds.
  path: Assets/JapaneseSchool/Scenes/Demo/Lightmap-3_comp_dir.png
  artifactKey: Guid(81cff732e9017874c924e16cb3799c56) Importer(815301076,1909f56bfc062723c751e8b465ee728b)
Start importing Assets/JapaneseSchool/Scenes/Demo/Lightmap-3_comp_dir.png using Guid(81cff732e9017874c924e16cb3799c56) Importer(815301076,1909f56bfc062723c751e8b465ee728b)  -> (artifact id: 'df14be67411a06e00bf17e793e0a010f') in 0.001255 seconds
Number of updated asset objects reloaded before import = 0
Number of asset objects unloaded after import = 1
========================================================================
Received Import Request.
  Time since last request: 0.070339 seconds.
  path: Assets/JapaneseSchool/Scenes/Demo/Lightmap-22_comp_dir.png
  artifactKey: Guid(0446769fac820014ab6a021d57ece9f2) Importer(815301076,1909f56bfc062723c751e8b465ee728b)
Start importing Assets/JapaneseSchool/Scenes/Demo/Lightmap-22_comp_dir.png using Guid(0446769fac820014ab6a021d57ece9f2) Importer(815301076,1909f56bfc062723c751e8b465ee728b)  -> (artifact id: 'eafb8074d53bf7886901befeea6ff404') in 0.001365 seconds
Number of updated asset objects reloaded before import = 0
Number of asset objects unloaded after import = 1
========================================================================
Received Import Request.
  Time since last request: 0.000012 seconds.
  path: Assets/JapaneseSchool/Scenes/Demo/Lightmap-26_comp_dir.png
  artifactKey: Guid(898f91dc6c95f4d4ab3ad3d806792366) Importer(815301076,1909f56bfc062723c751e8b465ee728b)
Start importing Assets/JapaneseSchool/Scenes/Demo/Lightmap-26_comp_dir.png using Guid(898f91dc6c95f4d4ab3ad3d806792366) Importer(815301076,1909f56bfc062723c751e8b465ee728b)  -> (artifact id: 'c51bd92b784d89511d8f7f66d1a320dd') in 0.001443 seconds
Number of updated asset objects reloaded before import = 0
Number of asset objects unloaded after import = 1
========================================================================
Received Import Request.
  Time since last request: 0.000015 seconds.
  path: Assets/JapaneseSchool/Scenes/Demo/Lightmap-26_comp_light.exr
  artifactKey: Guid(7efb0fb7ef48561489736e1ca4273b81) Importer(815301076,1909f56bfc062723c751e8b465ee728b)
Start importing Assets/JapaneseSchool/Scenes/Demo/Lightmap-26_comp_light.exr using Guid(7efb0fb7ef48561489736e1ca4273b81) Importer(815301076,1909f56bfc062723c751e8b465ee728b)  -> (artifact id: 'c8cf88ddcdcd746d64efc47c9edccdea') in 0.001453 seconds
Number of updated asset objects reloaded before import = 0
Number of asset objects unloaded after import = 1
========================================================================
Received Import Request.
  Time since last request: 0.000013 seconds.
  path: Assets/JapaneseSchool/Scenes/Demo/Lightmap-23_comp_dir.png
  artifactKey: Guid(ef877cbce005b4a479b3c8d7e54673fc) Importer(815301076,1909f56bfc062723c751e8b465ee728b)
Start importing Assets/JapaneseSchool/Scenes/Demo/Lightmap-23_comp_dir.png using Guid(ef877cbce005b4a479b3c8d7e54673fc) Importer(815301076,1909f56bfc062723c751e8b465ee728b)  -> (artifact id: '5c4f0da2885eb52f4e3c5dbcd2ba4f85') in 0.001751 seconds
Number of updated asset objects reloaded before import = 0
Number of asset objects unloaded after import = 1
========================================================================
Received Import Request.
  Time since last request: 3.260294 seconds.
  path: Assets/JapaneseSchool/Scenes/Demo/ReflectionProbe-10.exr
  artifactKey: Guid(16d4af39cf94362479fe5882199fded4) Importer(815301076,1909f56bfc062723c751e8b465ee728b)
Start importing Assets/JapaneseSchool/Scenes/Demo/ReflectionProbe-10.exr using Guid(16d4af39cf94362479fe5882199fded4) Importer(815301076,1909f56bfc062723c751e8b465ee728b)  -> (artifact id: '65abd01e12c5e38a4bf8082e340d0f39') in 0.003442 seconds
Number of updated asset objects reloaded before import = 0
Number of asset objects unloaded after import = 1
========================================================================
Received Import Request.
  Time since last request: 0.000020 seconds.
  path: Assets/JapaneseSchool/Scenes/Demo/ReflectionProbe-16.exr
  artifactKey: Guid(7d4906f5d9892a34a968d37c74e570ef) Importer(815301076,1909f56bfc062723c751e8b465ee728b)
Start importing Assets/JapaneseSchool/Scenes/Demo/ReflectionProbe-16.exr using Guid(7d4906f5d9892a34a968d37c74e570ef) Importer(815301076,1909f56bfc062723c751e8b465ee728b)  -> (artifact id: '680406aeca98e0461dde50ce67dd6c7c') in 0.001189 seconds
Number of updated asset objects reloaded before import = 0
Number of asset objects unloaded after import = 1
========================================================================
Received Import Request.
  Time since last request: 0.000230 seconds.
  path: Assets/JapaneseSchool/Scenes/Demo/ReflectionProbe-19.exr
  artifactKey: Guid(a36e4dbfdc201d74bb188bf848a61e1e) Importer(815301076,1909f56bfc062723c751e8b465ee728b)
Start importing Assets/JapaneseSchool/Scenes/Demo/ReflectionProbe-19.exr using Guid(a36e4dbfdc201d74bb188bf848a61e1e) Importer(815301076,1909f56bfc062723c751e8b465ee728b)  -> (artifact id: '7e65dfa701b600876347fb42f6adf0e4') in 0.001184 seconds
Number of updated asset objects reloaded before import = 0
Number of asset objects unloaded after import = 1
========================================================================
Received Import Request.
  Time since last request: 0.023517 seconds.
  path: Assets/JapaneseSchool/Scenes/Demo/ReflectionProbe-24.exr
  artifactKey: Guid(fcdfcfdaf71fd2c48b0d6d785c5aa258) Importer(815301076,1909f56bfc062723c751e8b465ee728b)
Start importing Assets/JapaneseSchool/Scenes/Demo/ReflectionProbe-24.exr using Guid(fcdfcfdaf71fd2c48b0d6d785c5aa258) Importer(815301076,1909f56bfc062723c751e8b465ee728b)  -> (artifact id: '6950e5b16791de12a56f2e1a9b700f06') in 0.000863 seconds
Number of updated asset objects reloaded before import = 0
Number of asset objects unloaded after import = 1
========================================================================
Received Import Request.
  Time since last request: 0.000105 seconds.
  path: Assets/JapaneseSchool/Scenes/Demo/ReflectionProbe-32.exr
  artifactKey: Guid(6fa5625d6ee85864ab9586cecdaa4d46) Importer(815301076,1909f56bfc062723c751e8b465ee728b)
Start importing Assets/JapaneseSchool/Scenes/Demo/ReflectionProbe-32.exr using Guid(6fa5625d6ee85864ab9586cecdaa4d46) Importer(815301076,1909f56bfc062723c751e8b465ee728b)  -> (artifact id: '2fbafd0c9e9a98bb1fd070d204919596') in 0.001242 seconds
Number of updated asset objects reloaded before import = 0
Number of asset objects unloaded after import = 1
========================================================================
Received Import Request.
  Time since last request: 0.000029 seconds.
  path: Assets/JapaneseSchool/Scenes/Demo/ReflectionProbe-26.exr
  artifactKey: Guid(7b6a98c0663bdf84fb2a7cae9cb92d44) Importer(815301076,1909f56bfc062723c751e8b465ee728b)
Start importing Assets/JapaneseSchool/Scenes/Demo/ReflectionProbe-26.exr using Guid(7b6a98c0663bdf84fb2a7cae9cb92d44) Importer(815301076,1909f56bfc062723c751e8b465ee728b)  -> (artifact id: 'c84d2b982594b8de22d8b2a3ab31a231') in 0.002027 seconds
Number of updated asset objects reloaded before import = 0
Number of asset objects unloaded after import = 1
========================================================================
Received Import Request.
  Time since last request: 0.000013 seconds.
  path: Assets/JapaneseSchool/Scenes/Demo/ReflectionProbe-40.exr
  artifactKey: Guid(026a2560cc0bfea458e24d0ffec4aaa6) Importer(815301076,1909f56bfc062723c751e8b465ee728b)
Start importing Assets/JapaneseSchool/Scenes/Demo/ReflectionProbe-40.exr using Guid(026a2560cc0bfea458e24d0ffec4aaa6) Importer(815301076,1909f56bfc062723c751e8b465ee728b)  -> (artifact id: 'cd7bbc9f827ad9ebad33111160d22a4d') in 0.001256 seconds
Number of updated asset objects reloaded before import = 0
Number of asset objects unloaded after import = 1
Editor requested this worker to shutdown with reason: Scaling down because of idle timeout
TcpMessagingSession - receive error: operation aborted. errorcode: 995, details: The I/O operation has been aborted because of either a thread exit or an application request.
AssetImportWorker is now disconnected from the server
Process exiting
Exiting without the bug reporter. Application will terminate with return code 0